[0.013s] Invoking command in '/home/martin_ngn/ros_compvis/build/OpenCV': CONDA_PROMPT_MODIFIER=(base) /usr/bin/cmake --build /home/martin_ngn/ros_compvis/build/OpenCV -- -j16 -l16
[0.044s] [  0%] Built target opencv_dnn_plugins
[0.044s] [  0%] Built target opencv_videoio_plugins
[0.045s] [  0%] Built target opencv_highgui_plugins
[0.046s] [  0%] Built target ittnotify
[0.048s] [  1%] Built target libopenjp2
[0.048s] [  3%] Built target ippiw
[0.051s] [  4%] Built target ade
[0.058s] [  7%] Built target libprotobuf
[0.059s] [ 15%] Built target libwebp
[0.114s] [ 22%] Built target opencv_core
[0.127s] [ 23%] Built target opencv_version
[0.128s] [ 24%] Built target opencv_flann
[0.134s] [ 25%] Built target opencv_ml
[0.175s] [ 31%] Built target opencv_imgproc
[0.193s] [ 32%] Built target opencv_photo
[0.198s] [ 34%] Built target opencv_imgcodecs
[0.202s] [ 36%] Built target opencv_features2d
[0.218s] [ 37%] Built target opencv_videoio
[0.234s] [ 37%] Built target opencv_highgui
[0.238s] [ 40%] Built target opencv_calib3d
[0.240s] [ 51%] Built target opencv_dnn
[0.247s] [ 52%] Built target opencv_visualisation
[0.247s] [ 52%] Built target opencv_annotation
[0.253s] [ 52%] Built target opencv_ts
[0.254s] [ 53%] Built target opencv_model_diagnostics
[0.269s] [ 54%] Built target opencv_stitching
[0.274s] [ 54%] Built target opencv_test_flann
[0.281s] [ 55%] Built target opencv_objdetect
[0.281s] [ 56%] Built target opencv_video
[0.282s] [ 56%] Built target opencv_perf_photo
[0.289s] [ 57%] Built target opencv_test_photo
[0.289s] [ 58%] Built target opencv_perf_dnn
[0.290s] [ 59%] Built target opencv_test_ml
[0.293s] [ 60%] Built target opencv_test_imgcodecs
[0.295s] [ 61%] Built target opencv_test_dnn
[0.297s] [ 63%] Built target opencv_test_features2d
[0.298s] [ 63%] Built target opencv_perf_features2d
[0.303s] [ 64%] Built target opencv_perf_imgcodecs
[0.306s] [ 66%] Built target opencv_perf_core
[0.311s] [ 67%] Built target opencv_perf_videoio
[0.312s] [ 69%] Built target opencv_perf_imgproc
[0.312s] [ 70%] Built target opencv_perf_calib3d
[0.318s] [ 70%] Built target opencv_test_highgui
[0.319s] [ 71%] Built target opencv_perf_objdetect
[0.319s] [ 72%] Built target opencv_test_videoio
[0.321s] [ 73%] Built target opencv_test_stitching
[0.322s] [ 73%] Built target opencv_test_objdetect
[0.325s] [ 73%] Built target opencv_perf_stitching
[0.329s] [ 74%] Built target opencv_test_video
[0.330s] [ 74%] Built target opencv_interactive-calibration
[0.332s] [ 76%] Built target opencv_test_calib3d
[0.334s] [ 77%] Built target opencv_perf_video
[0.337s] [ 80%] Built target opencv_test_core
[0.343s] [ 84%] Built target opencv_test_imgproc
[0.370s] [ 93%] Built target opencv_gapi
[0.387s] [ 94%] Built target opencv_perf_gapi
[0.418s] [100%] Built target opencv_test_gapi
[0.426s] Invoked command in '/home/martin_ngn/ros_compvis/build/OpenCV' returned '0': CONDA_PROMPT_MODIFIER=(base) /usr/bin/cmake --build /home/martin_ngn/ros_compvis/build/OpenCV -- -j16 -l16
[0.485s] Invoking command in '/home/martin_ngn/ros_compvis/build/OpenCV': CONDA_PROMPT_MODIFIER=(base) /usr/bin/cmake --install /home/martin_ngn/ros_compvis/build/OpenCV
[0.489s] -- Install configuration: "Release"
[0.489s] -- Up-to-date: /home/martin_ngn/ros_compvis/install/OpenCV/share/licenses/opencv4/ippicv-readme.htm
[0.489s] -- Up-to-date: /home/martin_ngn/ros_compvis/install/OpenCV/share/licenses/opencv4/ippicv-EULA.txt
[0.489s] -- Up-to-date: /home/martin_ngn/ros_compvis/install/OpenCV/share/licenses/opencv4/ippicv-third-party-programs.txt
[0.489s] -- Up-to-date: /home/martin_ngn/ros_compvis/install/OpenCV/share/licenses/opencv4/ippiw-support.txt
[0.489s] -- Up-to-date: /home/martin_ngn/ros_compvis/install/OpenCV/share/licenses/opencv4/ippiw-third-party-programs.txt
[0.489s] -- Up-to-date: /home/martin_ngn/ros_compvis/install/OpenCV/share/licenses/opencv4/ippiw-EULA.txt
[0.489s] -- Up-to-date: /home/martin_ngn/ros_compvis/install/OpenCV/share/licenses/opencv4/flatbuffers-LICENSE.txt
[0.490s] -- Up-to-date: /home/martin_ngn/ros_compvis/install/OpenCV/share/licenses/opencv4/opencl-headers-LICENSE.txt
[0.490s] -- Up-to-date: /home/martin_ngn/ros_compvis/install/OpenCV/share/licenses/opencv4/ade-LICENSE
[0.490s] -- Up-to-date: /home/martin_ngn/ros_compvis/install/OpenCV/include/opencv4/opencv2/cvconfig.h
[0.490s] -- Up-to-date: /home/martin_ngn/ros_compvis/install/OpenCV/include/opencv4/opencv2/opencv_modules.hpp
[0.490s] -- Up-to-date: /home/martin_ngn/ros_compvis/install/OpenCV/lib/cmake/opencv4/OpenCVModules.cmake
[0.490s] -- Up-to-date: /home/martin_ngn/ros_compvis/install/OpenCV/lib/cmake/opencv4/OpenCVModules-release.cmake
[0.490s] -- Up-to-date: /home/martin_ngn/ros_compvis/install/OpenCV/lib/cmake/opencv4/OpenCVConfig-version.cmake
[0.490s] -- Up-to-date: /home/martin_ngn/ros_compvis/install/OpenCV/lib/cmake/opencv4/OpenCVConfig.cmake
[0.490s] -- Up-to-date: /home/martin_ngn/ros_compvis/install/OpenCV/bin/setup_vars_opencv4.sh
[0.490s] -- Up-to-date: /home/martin_ngn/ros_compvis/install/OpenCV/share/opencv4/valgrind.supp
[0.490s] -- Up-to-date: /home/martin_ngn/ros_compvis/install/OpenCV/share/opencv4/valgrind_3rdparty.supp
[0.491s] -- Up-to-date: /home/martin_ngn/ros_compvis/install/OpenCV/share/licenses/opencv4/libopenjp2-README.md
[0.491s] -- Up-to-date: /home/martin_ngn/ros_compvis/install/OpenCV/share/licenses/opencv4/libopenjp2-LICENSE
[0.491s] -- Up-to-date: /home/martin_ngn/ros_compvis/install/OpenCV/share/licenses/opencv4/protobuf-LICENSE
[0.491s] -- Up-to-date: /home/martin_ngn/ros_compvis/install/OpenCV/share/licenses/opencv4/protobuf-README.md
[0.491s] -- Up-to-date: /home/martin_ngn/ros_compvis/install/OpenCV/share/licenses/opencv4/ittnotify-LICENSE.BSD
[0.491s] -- Up-to-date: /home/martin_ngn/ros_compvis/install/OpenCV/share/licenses/opencv4/ittnotify-LICENSE.GPL
[0.491s] -- Up-to-date: /home/martin_ngn/ros_compvis/install/OpenCV/include/opencv4/opencv2/opencv.hpp
[0.491s] -- Up-to-date: /home/martin_ngn/ros_compvis/install/OpenCV/lib/libopencv_core.so.4.10.0
[0.492s] -- Up-to-date: /home/martin_ngn/ros_compvis/install/OpenCV/lib/libopencv_core.so.410
[0.492s] -- Up-to-date: /home/martin_ngn/ros_compvis/install/OpenCV/lib/libopencv_core.so
[0.492s] -- Up-to-date: /home/martin_ngn/ros_compvis/install/OpenCV/include/opencv4/opencv2/core.hpp
[0.492s] -- Up-to-date: /home/martin_ngn/ros_compvis/install/OpenCV/include/opencv4/opencv2/core/affine.hpp
[0.492s] -- Up-to-date: /home/martin_ngn/ros_compvis/install/OpenCV/include/opencv4/opencv2/core/async.hpp
[0.492s] -- Up-to-date: /home/martin_ngn/ros_compvis/install/OpenCV/include/opencv4/opencv2/core/base.hpp
[0.492s] -- Up-to-date: /home/martin_ngn/ros_compvis/install/OpenCV/include/opencv4/opencv2/core/bindings_utils.hpp
[0.492s] -- Up-to-date: /home/martin_ngn/ros_compvis/install/OpenCV/include/opencv4/opencv2/core/bufferpool.hpp
[0.492s] -- Up-to-date: /home/martin_ngn/ros_compvis/install/OpenCV/include/opencv4/opencv2/core/check.hpp
[0.493s] -- Up-to-date: /home/martin_ngn/ros_compvis/install/OpenCV/include/opencv4/opencv2/core/core.hpp
[0.493s] -- Up-to-date: /home/martin_ngn/ros_compvis/install/OpenCV/include/opencv4/opencv2/core/core_c.h
[0.493s] -- Up-to-date: /home/martin_ngn/ros_compvis/install/OpenCV/include/opencv4/opencv2/core/cuda.hpp
[0.493s] -- Up-to-date: /home/martin_ngn/ros_compvis/install/OpenCV/include/opencv4/opencv2/core/cuda.inl.hpp
[0.493s] -- Up-to-date: /home/martin_ngn/ros_compvis/install/OpenCV/include/opencv4/opencv2/core/cuda/block.hpp
[0.493s] -- Up-to-date: /home/martin_ngn/ros_compvis/install/OpenCV/include/opencv4/opencv2/core/cuda/border_interpolate.hpp
[0.493s] -- Up-to-date: /home/martin_ngn/ros_compvis/install/OpenCV/include/opencv4/opencv2/core/cuda/color.hpp
[0.493s] -- Up-to-date: /home/martin_ngn/ros_compvis/install/OpenCV/include/opencv4/opencv2/core/cuda/common.hpp
[0.493s] -- Up-to-date: /home/martin_ngn/ros_compvis/install/OpenCV/include/opencv4/opencv2/core/cuda/datamov_utils.hpp
[0.493s] -- Up-to-date: /home/martin_ngn/ros_compvis/install/OpenCV/include/opencv4/opencv2/core/cuda/detail/color_detail.hpp
[0.494s] -- Up-to-date: /home/martin_ngn/ros_compvis/install/OpenCV/include/opencv4/opencv2/core/cuda/detail/reduce.hpp
[0.494s] -- Up-to-date: /home/martin_ngn/ros_compvis/install/OpenCV/include/opencv4/opencv2/core/cuda/detail/reduce_key_val.hpp
[0.494s] -- Up-to-date: /home/martin_ngn/ros_compvis/install/OpenCV/include/opencv4/opencv2/core/cuda/detail/transform_detail.hpp
[0.494s] -- Up-to-date: /home/martin_ngn/ros_compvis/install/OpenCV/include/opencv4/opencv2/core/cuda/detail/type_traits_detail.hpp
[0.494s] -- Up-to-date: /home/martin_ngn/ros_compvis/install/OpenCV/include/opencv4/opencv2/core/cuda/detail/vec_distance_detail.hpp
[0.494s] -- Up-to-date: /home/martin_ngn/ros_compvis/install/OpenCV/include/opencv4/opencv2/core/cuda/dynamic_smem.hpp
[0.494s] -- Up-to-date: /home/martin_ngn/ros_compvis/install/OpenCV/include/opencv4/opencv2/core/cuda/emulation.hpp
[0.494s] -- Up-to-date: /home/martin_ngn/ros_compvis/install/OpenCV/include/opencv4/opencv2/core/cuda/filters.hpp
[0.494s] -- Up-to-date: /home/martin_ngn/ros_compvis/install/OpenCV/include/opencv4/opencv2/core/cuda/funcattrib.hpp
[0.495s] -- Up-to-date: /home/martin_ngn/ros_compvis/install/OpenCV/include/opencv4/opencv2/core/cuda/functional.hpp
[0.495s] -- Up-to-date: /home/martin_ngn/ros_compvis/install/OpenCV/include/opencv4/opencv2/core/cuda/limits.hpp
[0.495s] -- Up-to-date: /home/martin_ngn/ros_compvis/install/OpenCV/include/opencv4/opencv2/core/cuda/reduce.hpp
[0.495s] -- Up-to-date: /home/martin_ngn/ros_compvis/install/OpenCV/include/opencv4/opencv2/core/cuda/saturate_cast.hpp
[0.495s] -- Up-to-date: /home/martin_ngn/ros_compvis/install/OpenCV/include/opencv4/opencv2/core/cuda/scan.hpp
[0.495s] -- Up-to-date: /home/martin_ngn/ros_compvis/install/OpenCV/include/opencv4/opencv2/core/cuda/simd_functions.hpp
[0.495s] -- Up-to-date: /home/martin_ngn/ros_compvis/install/OpenCV/include/opencv4/opencv2/core/cuda/transform.hpp
[0.495s] -- Up-to-date: /home/martin_ngn/ros_compvis/install/OpenCV/include/opencv4/opencv2/core/cuda/type_traits.hpp
[0.495s] -- Up-to-date: /home/martin_ngn/ros_compvis/install/OpenCV/include/opencv4/opencv2/core/cuda/utility.hpp
[0.495s] -- Up-to-date: /home/martin_ngn/ros_compvis/install/OpenCV/include/opencv4/opencv2/core/cuda/vec_distance.hpp
[0.495s] -- Up-to-date: /home/martin_ngn/ros_compvis/install/OpenCV/include/opencv4/opencv2/core/cuda/vec_math.hpp
[0.496s] -- Up-to-date: /home/martin_ngn/ros_compvis/install/OpenCV/include/opencv4/opencv2/core/cuda/vec_traits.hpp
[0.496s] -- Up-to-date: /home/martin_ngn/ros_compvis/install/OpenCV/include/opencv4/opencv2/core/cuda/warp.hpp
[0.496s] -- Up-to-date: /home/martin_ngn/ros_compvis/install/OpenCV/include/opencv4/opencv2/core/cuda/warp_reduce.hpp
[0.496s] -- Up-to-date: /home/martin_ngn/ros_compvis/install/OpenCV/include/opencv4/opencv2/core/cuda/warp_shuffle.hpp
[0.496s] -- Up-to-date: /home/martin_ngn/ros_compvis/install/OpenCV/include/opencv4/opencv2/core/cuda_stream_accessor.hpp
[0.496s] -- Up-to-date: /home/martin_ngn/ros_compvis/install/OpenCV/include/opencv4/opencv2/core/cuda_types.hpp
[0.496s] -- Up-to-date: /home/martin_ngn/ros_compvis/install/OpenCV/include/opencv4/opencv2/core/cv_cpu_dispatch.h
[0.496s] -- Up-to-date: /home/martin_ngn/ros_compvis/install/OpenCV/include/opencv4/opencv2/core/cv_cpu_helper.h
[0.496s] -- Up-to-date: /home/martin_ngn/ros_compvis/install/OpenCV/include/opencv4/opencv2/core/cvdef.h
[0.496s] -- Up-to-date: /home/martin_ngn/ros_compvis/install/OpenCV/include/opencv4/opencv2/core/cvstd.hpp
[0.497s] -- Up-to-date: /home/martin_ngn/ros_compvis/install/OpenCV/include/opencv4/opencv2/core/cvstd.inl.hpp
[0.497s] -- Up-to-date: /home/martin_ngn/ros_compvis/install/OpenCV/include/opencv4/opencv2/core/cvstd_wrapper.hpp
[0.497s] -- Up-to-date: /home/martin_ngn/ros_compvis/install/OpenCV/include/opencv4/opencv2/core/detail/async_promise.hpp
[0.497s] -- Up-to-date: /home/martin_ngn/ros_compvis/install/OpenCV/include/opencv4/opencv2/core/detail/dispatch_helper.impl.hpp
[0.497s] -- Up-to-date: /home/martin_ngn/ros_compvis/install/OpenCV/include/opencv4/opencv2/core/detail/exception_ptr.hpp
[0.497s] -- Up-to-date: /home/martin_ngn/ros_compvis/install/OpenCV/include/opencv4/opencv2/core/directx.hpp
[0.497s] -- Up-to-date: /home/martin_ngn/ros_compvis/install/OpenCV/include/opencv4/opencv2/core/dualquaternion.hpp
[0.497s] -- Up-to-date: /home/martin_ngn/ros_compvis/install/OpenCV/include/opencv4/opencv2/core/dualquaternion.inl.hpp
[0.498s] -- Up-to-date: /home/martin_ngn/ros_compvis/install/OpenCV/include/opencv4/opencv2/core/eigen.hpp
[0.498s] -- Up-to-date: /home/martin_ngn/ros_compvis/install/OpenCV/include/opencv4/opencv2/core/fast_math.hpp
[0.498s] -- Up-to-date: /home/martin_ngn/ros_compvis/install/OpenCV/include/opencv4/opencv2/core/hal/hal.hpp
[0.498s] -- Up-to-date: /home/martin_ngn/ros_compvis/install/OpenCV/include/opencv4/opencv2/core/hal/interface.h
[0.498s] -- Up-to-date: /home/martin_ngn/ros_compvis/install/OpenCV/include/opencv4/opencv2/core/hal/intrin.hpp
[0.498s] -- Up-to-date: /home/martin_ngn/ros_compvis/install/OpenCV/include/opencv4/opencv2/core/hal/intrin_avx.hpp
[0.498s] -- Up-to-date: /home/martin_ngn/ros_compvis/install/OpenCV/include/opencv4/opencv2/core/hal/intrin_avx512.hpp
[0.498s] -- Up-to-date: /home/martin_ngn/ros_compvis/install/OpenCV/include/opencv4/opencv2/core/hal/intrin_cpp.hpp
[0.498s] -- Up-to-date: /home/martin_ngn/ros_compvis/install/OpenCV/include/opencv4/opencv2/core/hal/intrin_forward.hpp
[0.498s] -- Up-to-date: /home/martin_ngn/ros_compvis/install/OpenCV/include/opencv4/opencv2/core/hal/intrin_lasx.hpp
[0.498s] -- Up-to-date: /home/martin_ngn/ros_compvis/install/OpenCV/include/opencv4/opencv2/core/hal/intrin_lsx.hpp
[0.499s] -- Up-to-date: /home/martin_ngn/ros_compvis/install/OpenCV/include/opencv4/opencv2/core/hal/intrin_math.hpp
[0.499s] -- Up-to-date: /home/martin_ngn/ros_compvis/install/OpenCV/include/opencv4/opencv2/core/hal/intrin_msa.hpp
[0.499s] -- Up-to-date: /home/martin_ngn/ros_compvis/install/OpenCV/include/opencv4/opencv2/core/hal/intrin_neon.hpp
[0.499s] -- Up-to-date: /home/martin_ngn/ros_compvis/install/OpenCV/include/opencv4/opencv2/core/hal/intrin_rvv071.hpp
[0.499s] -- Up-to-date: /home/martin_ngn/ros_compvis/install/OpenCV/include/opencv4/opencv2/core/hal/intrin_rvv_scalable.hpp
[0.499s] -- Up-to-date: /home/martin_ngn/ros_compvis/install/OpenCV/include/opencv4/opencv2/core/hal/intrin_sse.hpp
[0.499s] -- Up-to-date: /home/martin_ngn/ros_compvis/install/OpenCV/include/opencv4/opencv2/core/hal/intrin_sse_em.hpp
[0.499s] -- Up-to-date: /home/martin_ngn/ros_compvis/install/OpenCV/include/opencv4/opencv2/core/hal/intrin_vsx.hpp
[0.500s] -- Up-to-date: /home/martin_ngn/ros_compvis/install/OpenCV/include/opencv4/opencv2/core/hal/intrin_wasm.hpp
[0.500s] -- Up-to-date: /home/martin_ngn/ros_compvis/install/OpenCV/include/opencv4/opencv2/core/hal/msa_macros.h
[0.500s] -- Up-to-date: /home/martin_ngn/ros_compvis/install/OpenCV/include/opencv4/opencv2/core/hal/simd_utils.impl.hpp
[0.500s] -- Up-to-date: /home/martin_ngn/ros_compvis/install/OpenCV/include/opencv4/opencv2/core/mat.hpp
[0.500s] -- Up-to-date: /home/martin_ngn/ros_compvis/install/OpenCV/include/opencv4/opencv2/core/mat.inl.hpp
[0.500s] -- Up-to-date: /home/martin_ngn/ros_compvis/install/OpenCV/include/opencv4/opencv2/core/matx.hpp
[0.500s] -- Up-to-date: /home/martin_ngn/ros_compvis/install/OpenCV/include/opencv4/opencv2/core/matx.inl.hpp
[0.500s] -- Up-to-date: /home/martin_ngn/ros_compvis/install/OpenCV/include/opencv4/opencv2/core/neon_utils.hpp
[0.500s] -- Up-to-date: /home/martin_ngn/ros_compvis/install/OpenCV/include/opencv4/opencv2/core/ocl.hpp
[0.500s] -- Up-to-date: /home/martin_ngn/ros_compvis/install/OpenCV/include/opencv4/opencv2/core/ocl_genbase.hpp
[0.501s] -- Up-to-date: /home/martin_ngn/ros_compvis/install/OpenCV/include/opencv4/opencv2/core/opencl/ocl_defs.hpp
[0.501s] -- Up-to-date: /home/martin_ngn/ros_compvis/install/OpenCV/include/opencv4/opencv2/core/opencl/opencl_info.hpp
[0.501s] -- Up-to-date: /home/martin_ngn/ros_compvis/install/OpenCV/include/opencv4/opencv2/core/opencl/opencl_svm.hpp
[0.501s] -- Up-to-date: /home/martin_ngn/ros_compvis/install/OpenCV/include/opencv4/opencv2/core/opencl/runtime/autogenerated/opencl_clblas.hpp
[0.501s] -- Up-to-date: /home/martin_ngn/ros_compvis/install/OpenCV/include/opencv4/opencv2/core/opencl/runtime/autogenerated/opencl_clfft.hpp
[0.501s] -- Up-to-date: /home/martin_ngn/ros_compvis/install/OpenCV/include/opencv4/opencv2/core/opencl/runtime/autogenerated/opencl_core.hpp
[0.501s] -- Up-to-date: /home/martin_ngn/ros_compvis/install/OpenCV/include/opencv4/opencv2/core/opencl/runtime/autogenerated/opencl_core_wrappers.hpp
[0.501s] -- Up-to-date: /home/martin_ngn/ros_compvis/install/OpenCV/include/opencv4/opencv2/core/opencl/runtime/autogenerated/opencl_gl.hpp
[0.501s] -- Up-to-date: /home/martin_ngn/ros_compvis/install/OpenCV/include/opencv4/opencv2/core/opencl/runtime/autogenerated/opencl_gl_wrappers.hpp
[0.501s] -- Up-to-date: /home/martin_ngn/ros_compvis/install/OpenCV/include/opencv4/opencv2/core/opencl/runtime/opencl_clblas.hpp
[0.501s] -- Up-to-date: /home/martin_ngn/ros_compvis/install/OpenCV/include/opencv4/opencv2/core/opencl/runtime/opencl_clfft.hpp
[0.501s] -- Up-to-date: /home/martin_ngn/ros_compvis/install/OpenCV/include/opencv4/opencv2/core/opencl/runtime/opencl_core.hpp
[0.501s] -- Up-to-date: /home/martin_ngn/ros_compvis/install/OpenCV/include/opencv4/opencv2/core/opencl/runtime/opencl_core_wrappers.hpp
[0.501s] -- Up-to-date: /home/martin_ngn/ros_compvis/install/OpenCV/include/opencv4/opencv2/core/opencl/runtime/opencl_gl.hpp
[0.501s] -- Up-to-date: /home/martin_ngn/ros_compvis/install/OpenCV/include/opencv4/opencv2/core/opencl/runtime/opencl_gl_wrappers.hpp
[0.501s] -- Up-to-date: /home/martin_ngn/ros_compvis/install/OpenCV/include/opencv4/opencv2/core/opencl/runtime/opencl_svm_20.hpp
[0.501s] -- Up-to-date: /home/martin_ngn/ros_compvis/install/OpenCV/include/opencv4/opencv2/core/opencl/runtime/opencl_svm_definitions.hpp
[0.502s] -- Up-to-date: /home/martin_ngn/ros_compvis/install/OpenCV/include/opencv4/opencv2/core/opencl/runtime/opencl_svm_hsa_extension.hpp
[0.502s] -- Up-to-date: /home/martin_ngn/ros_compvis/install/OpenCV/include/opencv4/opencv2/core/opengl.hpp
[0.502s] -- Up-to-date: /home/martin_ngn/ros_compvis/install/OpenCV/include/opencv4/opencv2/core/operations.hpp
[0.502s] -- Up-to-date: /home/martin_ngn/ros_compvis/install/OpenCV/include/opencv4/opencv2/core/optim.hpp
[0.502s] -- Up-to-date: /home/martin_ngn/ros_compvis/install/OpenCV/include/opencv4/opencv2/core/ovx.hpp
[0.502s] -- Up-to-date: /home/martin_ngn/ros_compvis/install/OpenCV/include/opencv4/opencv2/core/parallel/backend/parallel_for.openmp.hpp
[0.502s] -- Up-to-date: /home/martin_ngn/ros_compvis/install/OpenCV/include/opencv4/opencv2/core/parallel/backend/parallel_for.tbb.hpp
[0.502s] -- Up-to-date: /home/martin_ngn/ros_compvis/install/OpenCV/include/opencv4/opencv2/core/parallel/parallel_backend.hpp
[0.502s] -- Up-to-date: /home/martin_ngn/ros_compvis/install/OpenCV/include/opencv4/opencv2/core/persistence.hpp
[0.502s] -- Up-to-date: /home/martin_ngn/ros_compvis/install/OpenCV/include/opencv4/opencv2/core/quaternion.hpp
[0.502s] -- Up-to-date: /home/martin_ngn/ros_compvis/install/OpenCV/include/opencv4/opencv2/core/quaternion.inl.hpp
[0.502s] -- Up-to-date: /home/martin_ngn/ros_compvis/install/OpenCV/include/opencv4/opencv2/core/saturate.hpp
[0.503s] -- Up-to-date: /home/martin_ngn/ros_compvis/install/OpenCV/include/opencv4/opencv2/core/simd_intrinsics.hpp
[0.503s] -- Up-to-date: /home/martin_ngn/ros_compvis/install/OpenCV/include/opencv4/opencv2/core/softfloat.hpp
[0.503s] -- Up-to-date: /home/martin_ngn/ros_compvis/install/OpenCV/include/opencv4/opencv2/core/sse_utils.hpp
[0.503s] -- Up-to-date: /home/martin_ngn/ros_compvis/install/OpenCV/include/opencv4/opencv2/core/traits.hpp
[0.503s] -- Up-to-date: /home/martin_ngn/ros_compvis/install/OpenCV/include/opencv4/opencv2/core/types.hpp
[0.503s] -- Up-to-date: /home/martin_ngn/ros_compvis/install/OpenCV/include/opencv4/opencv2/core/types_c.h
[0.503s] -- Up-to-date: /home/martin_ngn/ros_compvis/install/OpenCV/include/opencv4/opencv2/core/utility.hpp
[0.503s] -- Up-to-date: /home/martin_ngn/ros_compvis/install/OpenCV/include/opencv4/opencv2/core/utils/allocator_stats.hpp
[0.503s] -- Up-to-date: /home/martin_ngn/ros_compvis/install/OpenCV/include/opencv4/opencv2/core/utils/allocator_stats.impl.hpp
[0.503s] -- Up-to-date: /home/martin_ngn/ros_compvis/install/OpenCV/include/opencv4/opencv2/core/utils/filesystem.hpp
[0.504s] -- Up-to-date: /home/martin_ngn/ros_compvis/install/OpenCV/include/opencv4/opencv2/core/utils/fp_control_utils.hpp
[0.504s] -- Up-to-date: /home/martin_ngn/ros_compvis/install/OpenCV/include/opencv4/opencv2/core/utils/instrumentation.hpp
[0.504s] -- Up-to-date: /home/martin_ngn/ros_compvis/install/OpenCV/include/opencv4/opencv2/core/utils/logger.defines.hpp
[0.504s] -- Up-to-date: /home/martin_ngn/ros_compvis/install/OpenCV/include/opencv4/opencv2/core/utils/logger.hpp
[0.504s] -- Up-to-date: /home/martin_ngn/ros_compvis/install/OpenCV/include/opencv4/opencv2/core/utils/logtag.hpp
[0.504s] -- Up-to-date: /home/martin_ngn/ros_compvis/install/OpenCV/include/opencv4/opencv2/core/utils/tls.hpp
[0.504s] -- Up-to-date: /home/martin_ngn/ros_compvis/install/OpenCV/include/opencv4/opencv2/core/utils/trace.hpp
[0.504s] -- Up-to-date: /home/martin_ngn/ros_compvis/install/OpenCV/include/opencv4/opencv2/core/va_intel.hpp
[0.504s] -- Up-to-date: /home/martin_ngn/ros_compvis/install/OpenCV/include/opencv4/opencv2/core/version.hpp
[0.504s] -- Up-to-date: /home/martin_ngn/ros_compvis/install/OpenCV/include/opencv4/opencv2/core/vsx_utils.hpp
[0.505s] -- Up-to-date: /home/martin_ngn/ros_compvis/install/OpenCV/share/licenses/opencv4/SoftFloat-COPYING.txt
[0.505s] -- Up-to-date: /home/martin_ngn/ros_compvis/install/OpenCV/lib/libopencv_flann.so.4.10.0
[0.505s] -- Up-to-date: /home/martin_ngn/ros_compvis/install/OpenCV/lib/libopencv_flann.so.410
[0.505s] -- Up-to-date: /home/martin_ngn/ros_compvis/install/OpenCV/lib/libopencv_flann.so
[0.505s] -- Up-to-date: /home/martin_ngn/ros_compvis/install/OpenCV/include/opencv4/opencv2/flann.hpp
[0.505s] -- Up-to-date: /home/martin_ngn/ros_compvis/install/OpenCV/include/opencv4/opencv2/flann/all_indices.h
[0.505s] -- Up-to-date: /home/martin_ngn/ros_compvis/install/OpenCV/include/opencv4/opencv2/flann/allocator.h
[0.505s] -- Up-to-date: /home/martin_ngn/ros_compvis/install/OpenCV/include/opencv4/opencv2/flann/any.h
[0.505s] -- Up-to-date: /home/martin_ngn/ros_compvis/install/OpenCV/include/opencv4/opencv2/flann/autotuned_index.h
[0.505s] -- Up-to-date: /home/martin_ngn/ros_compvis/install/OpenCV/include/opencv4/opencv2/flann/composite_index.h
[0.505s] -- Up-to-date: /home/martin_ngn/ros_compvis/install/OpenCV/include/opencv4/opencv2/flann/config.h
[0.506s] -- Up-to-date: /home/martin_ngn/ros_compvis/install/OpenCV/include/opencv4/opencv2/flann/defines.h
[0.506s] -- Up-to-date: /home/martin_ngn/ros_compvis/install/OpenCV/include/opencv4/opencv2/flann/dist.h
[0.506s] -- Up-to-date: /home/martin_ngn/ros_compvis/install/OpenCV/include/opencv4/opencv2/flann/dummy.h
[0.506s] -- Up-to-date: /home/martin_ngn/ros_compvis/install/OpenCV/include/opencv4/opencv2/flann/dynamic_bitset.h
[0.506s] -- Up-to-date: /home/martin_ngn/ros_compvis/install/OpenCV/include/opencv4/opencv2/flann/flann.hpp
[0.506s] -- Up-to-date: /home/martin_ngn/ros_compvis/install/OpenCV/include/opencv4/opencv2/flann/flann_base.hpp
[0.506s] -- Up-to-date: /home/martin_ngn/ros_compvis/install/OpenCV/include/opencv4/opencv2/flann/general.h
[0.506s] -- Up-to-date: /home/martin_ngn/ros_compvis/install/OpenCV/include/opencv4/opencv2/flann/ground_truth.h
[0.506s] -- Up-to-date: /home/martin_ngn/ros_compvis/install/OpenCV/include/opencv4/opencv2/flann/heap.h
[0.506s] -- Up-to-date: /home/martin_ngn/ros_compvis/install/OpenCV/include/opencv4/opencv2/flann/hierarchical_clustering_index.h
[0.507s] -- Up-to-date: /home/martin_ngn/ros_compvis/install/OpenCV/include/opencv4/opencv2/flann/index_testing.h
[0.507s] -- Up-to-date: /home/martin_ngn/ros_compvis/install/OpenCV/include/opencv4/opencv2/flann/kdtree_index.h
[0.507s] -- Up-to-date: /home/martin_ngn/ros_compvis/install/OpenCV/include/opencv4/opencv2/flann/kdtree_single_index.h
[0.507s] -- Up-to-date: /home/martin_ngn/ros_compvis/install/OpenCV/include/opencv4/opencv2/flann/kmeans_index.h
[0.507s] -- Up-to-date: /home/martin_ngn/ros_compvis/install/OpenCV/include/opencv4/opencv2/flann/linear_index.h
[0.507s] -- Up-to-date: /home/martin_ngn/ros_compvis/install/OpenCV/include/opencv4/opencv2/flann/logger.h
[0.507s] -- Up-to-date: /home/martin_ngn/ros_compvis/install/OpenCV/include/opencv4/opencv2/flann/lsh_index.h
[0.507s] -- Up-to-date: /home/martin_ngn/ros_compvis/install/OpenCV/include/opencv4/opencv2/flann/lsh_table.h
[0.507s] -- Up-to-date: /home/martin_ngn/ros_compvis/install/OpenCV/include/opencv4/opencv2/flann/matrix.h
[0.507s] -- Up-to-date: /home/martin_ngn/ros_compvis/install/OpenCV/include/opencv4/opencv2/flann/miniflann.hpp
[0.508s] -- Up-to-date: /home/martin_ngn/ros_compvis/install/OpenCV/include/opencv4/opencv2/flann/nn_index.h
[0.508s] -- Up-to-date: /home/martin_ngn/ros_compvis/install/OpenCV/include/opencv4/opencv2/flann/object_factory.h
[0.508s] -- Up-to-date: /home/martin_ngn/ros_compvis/install/OpenCV/include/opencv4/opencv2/flann/params.h
[0.508s] -- Up-to-date: /home/martin_ngn/ros_compvis/install/OpenCV/include/opencv4/opencv2/flann/random.h
[0.508s] -- Up-to-date: /home/martin_ngn/ros_compvis/install/OpenCV/include/opencv4/opencv2/flann/result_set.h
[0.508s] -- Up-to-date: /home/martin_ngn/ros_compvis/install/OpenCV/include/opencv4/opencv2/flann/sampling.h
[0.508s] -- Up-to-date: /home/martin_ngn/ros_compvis/install/OpenCV/include/opencv4/opencv2/flann/saving.h
[0.508s] -- Up-to-date: /home/martin_ngn/ros_compvis/install/OpenCV/include/opencv4/opencv2/flann/simplex_downhill.h
[0.508s] -- Up-to-date: /home/martin_ngn/ros_compvis/install/OpenCV/include/opencv4/opencv2/flann/timer.h
[0.508s] -- Up-to-date: /home/martin_ngn/ros_compvis/install/OpenCV/lib/libopencv_imgproc.so.4.10.0
[0.509s] -- Up-to-date: /home/martin_ngn/ros_compvis/install/OpenCV/lib/libopencv_imgproc.so.410
[0.509s] -- Up-to-date: /home/martin_ngn/ros_compvis/install/OpenCV/lib/libopencv_imgproc.so
[0.509s] -- Up-to-date: /home/martin_ngn/ros_compvis/install/OpenCV/include/opencv4/opencv2/imgproc.hpp
[0.509s] -- Up-to-date: /home/martin_ngn/ros_compvis/install/OpenCV/include/opencv4/opencv2/imgproc/bindings.hpp
[0.509s] -- Up-to-date: /home/martin_ngn/ros_compvis/install/OpenCV/include/opencv4/opencv2/imgproc/detail/gcgraph.hpp
[0.509s] -- Up-to-date: /home/martin_ngn/ros_compvis/install/OpenCV/include/opencv4/opencv2/imgproc/detail/legacy.hpp
[0.509s] -- Up-to-date: /home/martin_ngn/ros_compvis/install/OpenCV/include/opencv4/opencv2/imgproc/hal/hal.hpp
[0.509s] -- Up-to-date: /home/martin_ngn/ros_compvis/install/OpenCV/include/opencv4/opencv2/imgproc/hal/interface.h
[0.509s] -- Up-to-date: /home/martin_ngn/ros_compvis/install/OpenCV/include/opencv4/opencv2/imgproc/imgproc.hpp
[0.509s] -- Up-to-date: /home/martin_ngn/ros_compvis/install/OpenCV/include/opencv4/opencv2/imgproc/imgproc_c.h
[0.509s] -- Up-to-date: /home/martin_ngn/ros_compvis/install/OpenCV/include/opencv4/opencv2/imgproc/segmentation.hpp
[0.510s] -- Up-to-date: /home/martin_ngn/ros_compvis/install/OpenCV/include/opencv4/opencv2/imgproc/types_c.h
[0.510s] -- Up-to-date: /home/martin_ngn/ros_compvis/install/OpenCV/lib/libopencv_ml.so.4.10.0
[0.510s] -- Up-to-date: /home/martin_ngn/ros_compvis/install/OpenCV/lib/libopencv_ml.so.410
[0.510s] -- Up-to-date: /home/martin_ngn/ros_compvis/install/OpenCV/lib/libopencv_ml.so
[0.510s] -- Up-to-date: /home/martin_ngn/ros_compvis/install/OpenCV/include/opencv4/opencv2/ml.hpp
[0.510s] -- Up-to-date: /home/martin_ngn/ros_compvis/install/OpenCV/include/opencv4/opencv2/ml/ml.hpp
[0.510s] -- Up-to-date: /home/martin_ngn/ros_compvis/install/OpenCV/include/opencv4/opencv2/ml/ml.inl.hpp
[0.510s] -- Up-to-date: /home/martin_ngn/ros_compvis/install/OpenCV/lib/libopencv_photo.so.4.10.0
[0.510s] -- Up-to-date: /home/martin_ngn/ros_compvis/install/OpenCV/lib/libopencv_photo.so.410
[0.510s] -- Up-to-date: /home/martin_ngn/ros_compvis/install/OpenCV/lib/libopencv_photo.so
[0.511s] -- Up-to-date: /home/martin_ngn/ros_compvis/install/OpenCV/include/opencv4/opencv2/photo.hpp
[0.511s] -- Up-to-date: /home/martin_ngn/ros_compvis/install/OpenCV/include/opencv4/opencv2/photo/cuda.hpp
[0.511s] -- Up-to-date: /home/martin_ngn/ros_compvis/install/OpenCV/include/opencv4/opencv2/photo/legacy/constants_c.h
[0.511s] -- Up-to-date: /home/martin_ngn/ros_compvis/install/OpenCV/include/opencv4/opencv2/photo/photo.hpp
[0.511s] -- Up-to-date: /home/martin_ngn/ros_compvis/install/OpenCV/lib/libopencv_dnn.so.4.10.0
[0.511s] -- Up-to-date: /home/martin_ngn/ros_compvis/install/OpenCV/lib/libopencv_dnn.so.410
[0.511s] -- Up-to-date: /home/martin_ngn/ros_compvis/install/OpenCV/lib/libopencv_dnn.so
[0.511s] -- Up-to-date: /home/martin_ngn/ros_compvis/install/OpenCV/include/opencv4/opencv2/dnn.hpp
[0.511s] -- Up-to-date: /home/martin_ngn/ros_compvis/install/OpenCV/include/opencv4/opencv2/dnn/all_layers.hpp
[0.511s] -- Up-to-date: /home/martin_ngn/ros_compvis/install/OpenCV/include/opencv4/opencv2/dnn/dict.hpp
[0.512s] -- Up-to-date: /home/martin_ngn/ros_compvis/install/OpenCV/include/opencv4/opencv2/dnn/dnn.hpp
[0.512s] -- Up-to-date: /home/martin_ngn/ros_compvis/install/OpenCV/include/opencv4/opencv2/dnn/dnn.inl.hpp
[0.512s] -- Up-to-date: /home/martin_ngn/ros_compvis/install/OpenCV/include/opencv4/opencv2/dnn/layer.details.hpp
[0.512s] -- Up-to-date: /home/martin_ngn/ros_compvis/install/OpenCV/include/opencv4/opencv2/dnn/layer.hpp
[0.512s] -- Up-to-date: /home/martin_ngn/ros_compvis/install/OpenCV/include/opencv4/opencv2/dnn/shape_utils.hpp
[0.512s] -- Up-to-date: /home/martin_ngn/ros_compvis/install/OpenCV/include/opencv4/opencv2/dnn/utils/debug_utils.hpp
[0.512s] -- Up-to-date: /home/martin_ngn/ros_compvis/install/OpenCV/include/opencv4/opencv2/dnn/utils/inference_engine.hpp
[0.512s] -- Up-to-date: /home/martin_ngn/ros_compvis/install/OpenCV/include/opencv4/opencv2/dnn/version.hpp
[0.512s] -- Up-to-date: /home/martin_ngn/ros_compvis/install/OpenCV/lib/libopencv_features2d.so.4.10.0
[0.513s] -- Up-to-date: /home/martin_ngn/ros_compvis/install/OpenCV/lib/libopencv_features2d.so.410
[0.513s] -- Up-to-date: /home/martin_ngn/ros_compvis/install/OpenCV/lib/libopencv_features2d.so
[0.513s] -- Up-to-date: /home/martin_ngn/ros_compvis/install/OpenCV/include/opencv4/opencv2/features2d.hpp
[0.513s] -- Up-to-date: /home/martin_ngn/ros_compvis/install/OpenCV/include/opencv4/opencv2/features2d/features2d.hpp
[0.513s] -- Up-to-date: /home/martin_ngn/ros_compvis/install/OpenCV/include/opencv4/opencv2/features2d/hal/interface.h
[0.513s] -- Up-to-date: /home/martin_ngn/ros_compvis/install/OpenCV/share/licenses/opencv4/mscr-chi_table_LICENSE.txt
[0.514s] -- Up-to-date: /home/martin_ngn/ros_compvis/install/OpenCV/lib/libopencv_imgcodecs.so.4.10.0
[0.514s] -- Up-to-date: /home/martin_ngn/ros_compvis/install/OpenCV/lib/libopencv_imgcodecs.so.410
[0.514s] -- Up-to-date: /home/martin_ngn/ros_compvis/install/OpenCV/lib/libopencv_imgcodecs.so
[0.514s] -- Up-to-date: /home/martin_ngn/ros_compvis/install/OpenCV/include/opencv4/opencv2/imgcodecs.hpp
[0.514s] -- Up-to-date: /home/martin_ngn/ros_compvis/install/OpenCV/include/opencv4/opencv2/imgcodecs/imgcodecs.hpp
[0.514s] -- Up-to-date: /home/martin_ngn/ros_compvis/install/OpenCV/include/opencv4/opencv2/imgcodecs/imgcodecs_c.h
[0.514s] -- Up-to-date: /home/martin_ngn/ros_compvis/install/OpenCV/include/opencv4/opencv2/imgcodecs/ios.h
[0.514s] -- Up-to-date: /home/martin_ngn/ros_compvis/install/OpenCV/include/opencv4/opencv2/imgcodecs/legacy/constants_c.h
[0.514s] -- Up-to-date: /home/martin_ngn/ros_compvis/install/OpenCV/include/opencv4/opencv2/imgcodecs/macosx.h
[0.514s] -- Up-to-date: /home/martin_ngn/ros_compvis/install/OpenCV/lib/libopencv_videoio.so.4.10.0
[0.514s] -- Up-to-date: /home/martin_ngn/ros_compvis/install/OpenCV/lib/libopencv_videoio.so.410
[0.515s] -- Up-to-date: /home/martin_ngn/ros_compvis/install/OpenCV/lib/libopencv_videoio.so
[0.515s] -- Up-to-date: /home/martin_ngn/ros_compvis/install/OpenCV/include/opencv4/opencv2/videoio.hpp
[0.515s] -- Up-to-date: /home/martin_ngn/ros_compvis/install/OpenCV/include/opencv4/opencv2/videoio/legacy/constants_c.h
[0.515s] -- Up-to-date: /home/martin_ngn/ros_compvis/install/OpenCV/include/opencv4/opencv2/videoio/registry.hpp
[0.515s] -- Up-to-date: /home/martin_ngn/ros_compvis/install/OpenCV/include/opencv4/opencv2/videoio/videoio.hpp
[0.515s] -- Up-to-date: /home/martin_ngn/ros_compvis/install/OpenCV/include/opencv4/opencv2/videoio/videoio_c.h
[0.515s] -- Up-to-date: /home/martin_ngn/ros_compvis/install/OpenCV/lib/libopencv_calib3d.so.4.10.0
[0.515s] -- Up-to-date: /home/martin_ngn/ros_compvis/install/OpenCV/lib/libopencv_calib3d.so.410
[0.515s] -- Up-to-date: /home/martin_ngn/ros_compvis/install/OpenCV/lib/libopencv_calib3d.so
[0.515s] -- Up-to-date: /home/martin_ngn/ros_compvis/install/OpenCV/include/opencv4/opencv2/calib3d.hpp
[0.515s] -- Up-to-date: /home/martin_ngn/ros_compvis/install/OpenCV/include/opencv4/opencv2/calib3d/calib3d.hpp
[0.516s] -- Up-to-date: /home/martin_ngn/ros_compvis/install/OpenCV/include/opencv4/opencv2/calib3d/calib3d_c.h
[0.516s] -- Up-to-date: /home/martin_ngn/ros_compvis/install/OpenCV/lib/libopencv_highgui.so.4.10.0
[0.516s] -- Up-to-date: /home/martin_ngn/ros_compvis/install/OpenCV/lib/libopencv_highgui.so.410
[0.516s] -- Up-to-date: /home/martin_ngn/ros_compvis/install/OpenCV/lib/libopencv_highgui.so
[0.516s] -- Up-to-date: /home/martin_ngn/ros_compvis/install/OpenCV/include/opencv4/opencv2/highgui.hpp
[0.516s] -- Up-to-date: /home/martin_ngn/ros_compvis/install/OpenCV/include/opencv4/opencv2/highgui/highgui.hpp
[0.516s] -- Up-to-date: /home/martin_ngn/ros_compvis/install/OpenCV/include/opencv4/opencv2/highgui/highgui_c.h
[0.516s] -- Up-to-date: /home/martin_ngn/ros_compvis/install/OpenCV/lib/libopencv_objdetect.so.4.10.0
[0.516s] -- Up-to-date: /home/martin_ngn/ros_compvis/install/OpenCV/lib/libopencv_objdetect.so.410
[0.516s] -- Up-to-date: /home/martin_ngn/ros_compvis/install/OpenCV/lib/libopencv_objdetect.so
[0.516s] -- Up-to-date: /home/martin_ngn/ros_compvis/install/OpenCV/include/opencv4/opencv2/objdetect.hpp
[0.517s] -- Up-to-date: /home/martin_ngn/ros_compvis/install/OpenCV/include/opencv4/opencv2/objdetect/aruco_board.hpp
[0.517s] -- Up-to-date: /home/martin_ngn/ros_compvis/install/OpenCV/include/opencv4/opencv2/objdetect/aruco_detector.hpp
[0.517s] -- Up-to-date: /home/martin_ngn/ros_compvis/install/OpenCV/include/opencv4/opencv2/objdetect/aruco_dictionary.hpp
[0.517s] -- Up-to-date: /home/martin_ngn/ros_compvis/install/OpenCV/include/opencv4/opencv2/objdetect/barcode.hpp
[0.517s] -- Up-to-date: /home/martin_ngn/ros_compvis/install/OpenCV/include/opencv4/opencv2/objdetect/charuco_detector.hpp
[0.517s] -- Up-to-date: /home/martin_ngn/ros_compvis/install/OpenCV/include/opencv4/opencv2/objdetect/detection_based_tracker.hpp
[0.517s] -- Up-to-date: /home/martin_ngn/ros_compvis/install/OpenCV/include/opencv4/opencv2/objdetect/face.hpp
[0.517s] -- Up-to-date: /home/martin_ngn/ros_compvis/install/OpenCV/include/opencv4/opencv2/objdetect/graphical_code_detector.hpp
[0.517s] -- Up-to-date: /home/martin_ngn/ros_compvis/install/OpenCV/include/opencv4/opencv2/objdetect/objdetect.hpp
[0.517s] -- Up-to-date: /home/martin_ngn/ros_compvis/install/OpenCV/lib/libopencv_stitching.so.4.10.0
[0.517s] -- Up-to-date: /home/martin_ngn/ros_compvis/install/OpenCV/lib/libopencv_stitching.so.410
[0.518s] -- Up-to-date: /home/martin_ngn/ros_compvis/install/OpenCV/lib/libopencv_stitching.so
[0.518s] -- Up-to-date: /home/martin_ngn/ros_compvis/install/OpenCV/include/opencv4/opencv2/stitching.hpp
[0.518s] -- Up-to-date: /home/martin_ngn/ros_compvis/install/OpenCV/include/opencv4/opencv2/stitching/detail/autocalib.hpp
[0.518s] -- Up-to-date: /home/martin_ngn/ros_compvis/install/OpenCV/include/opencv4/opencv2/stitching/detail/blenders.hpp
[0.518s] -- Up-to-date: /home/martin_ngn/ros_compvis/install/OpenCV/include/opencv4/opencv2/stitching/detail/camera.hpp
[0.518s] -- Up-to-date: /home/martin_ngn/ros_compvis/install/OpenCV/include/opencv4/opencv2/stitching/detail/exposure_compensate.hpp
[0.518s] -- Up-to-date: /home/martin_ngn/ros_compvis/install/OpenCV/include/opencv4/opencv2/stitching/detail/matchers.hpp
[0.518s] -- Up-to-date: /home/martin_ngn/ros_compvis/install/OpenCV/include/opencv4/opencv2/stitching/detail/motion_estimators.hpp
[0.518s] -- Up-to-date: /home/martin_ngn/ros_compvis/install/OpenCV/include/opencv4/opencv2/stitching/detail/seam_finders.hpp
[0.518s] -- Up-to-date: /home/martin_ngn/ros_compvis/install/OpenCV/include/opencv4/opencv2/stitching/detail/timelapsers.hpp
[0.518s] -- Up-to-date: /home/martin_ngn/ros_compvis/install/OpenCV/include/opencv4/opencv2/stitching/detail/util.hpp
[0.519s] -- Up-to-date: /home/martin_ngn/ros_compvis/install/OpenCV/include/opencv4/opencv2/stitching/detail/util_inl.hpp
[0.519s] -- Up-to-date: /home/martin_ngn/ros_compvis/install/OpenCV/include/opencv4/opencv2/stitching/detail/warpers.hpp
[0.519s] -- Up-to-date: /home/martin_ngn/ros_compvis/install/OpenCV/include/opencv4/opencv2/stitching/detail/warpers_inl.hpp
[0.519s] -- Up-to-date: /home/martin_ngn/ros_compvis/install/OpenCV/include/opencv4/opencv2/stitching/warpers.hpp
[0.519s] -- Up-to-date: /home/martin_ngn/ros_compvis/install/OpenCV/lib/libopencv_video.so.4.10.0
[0.519s] -- Up-to-date: /home/martin_ngn/ros_compvis/install/OpenCV/lib/libopencv_video.so.410
[0.519s] -- Up-to-date: /home/martin_ngn/ros_compvis/install/OpenCV/lib/libopencv_video.so
[0.519s] -- Up-to-date: /home/martin_ngn/ros_compvis/install/OpenCV/include/opencv4/opencv2/video.hpp
[0.519s] -- Up-to-date: /home/martin_ngn/ros_compvis/install/OpenCV/include/opencv4/opencv2/video/background_segm.hpp
[0.519s] -- Up-to-date: /home/martin_ngn/ros_compvis/install/OpenCV/include/opencv4/opencv2/video/detail/tracking.detail.hpp
[0.519s] -- Up-to-date: /home/martin_ngn/ros_compvis/install/OpenCV/include/opencv4/opencv2/video/legacy/constants_c.h
[0.520s] -- Up-to-date: /home/martin_ngn/ros_compvis/install/OpenCV/include/opencv4/opencv2/video/tracking.hpp
[0.520s] -- Up-to-date: /home/martin_ngn/ros_compvis/install/OpenCV/include/opencv4/opencv2/video/video.hpp
[0.520s] -- Up-to-date: /home/martin_ngn/ros_compvis/install/OpenCV/lib/libopencv_gapi.so.4.10.0
[0.520s] -- Up-to-date: /home/martin_ngn/ros_compvis/install/OpenCV/lib/libopencv_gapi.so.410
[0.520s] -- Up-to-date: /home/martin_ngn/ros_compvis/install/OpenCV/lib/libopencv_gapi.so
[0.520s] -- Up-to-date: /home/martin_ngn/ros_compvis/install/OpenCV/include/opencv4/opencv2/gapi.hpp
[0.520s] -- Up-to-date: /home/martin_ngn/ros_compvis/install/OpenCV/include/opencv4/opencv2/gapi/core.hpp
[0.520s] -- Up-to-date: /home/martin_ngn/ros_compvis/install/OpenCV/include/opencv4/opencv2/gapi/cpu/core.hpp
[0.520s] -- Up-to-date: /home/martin_ngn/ros_compvis/install/OpenCV/include/opencv4/opencv2/gapi/cpu/gcpukernel.hpp
[0.520s] -- Up-to-date: /home/martin_ngn/ros_compvis/install/OpenCV/include/opencv4/opencv2/gapi/cpu/imgproc.hpp
[0.521s] -- Up-to-date: /home/martin_ngn/ros_compvis/install/OpenCV/include/opencv4/opencv2/gapi/cpu/ot.hpp
[0.521s] -- Up-to-date: /home/martin_ngn/ros_compvis/install/OpenCV/include/opencv4/opencv2/gapi/cpu/stereo.hpp
[0.521s] -- Up-to-date: /home/martin_ngn/ros_compvis/install/OpenCV/include/opencv4/opencv2/gapi/cpu/video.hpp
[0.521s] -- Up-to-date: /home/martin_ngn/ros_compvis/install/OpenCV/include/opencv4/opencv2/gapi/fluid/core.hpp
[0.521s] -- Up-to-date: /home/martin_ngn/ros_compvis/install/OpenCV/include/opencv4/opencv2/gapi/fluid/gfluidbuffer.hpp
[0.521s] -- Up-to-date: /home/martin_ngn/ros_compvis/install/OpenCV/include/opencv4/opencv2/gapi/fluid/gfluidkernel.hpp
[0.521s] -- Up-to-date: /home/martin_ngn/ros_compvis/install/OpenCV/include/opencv4/opencv2/gapi/fluid/imgproc.hpp
[0.521s] -- Up-to-date: /home/martin_ngn/ros_compvis/install/OpenCV/include/opencv4/opencv2/gapi/garg.hpp
[0.521s] -- Up-to-date: /home/martin_ngn/ros_compvis/install/OpenCV/include/opencv4/opencv2/gapi/garray.hpp
[0.522s] -- Up-to-date: /home/martin_ngn/ros_compvis/install/OpenCV/include/opencv4/opencv2/gapi/gasync_context.hpp
[0.522s] -- Up-to-date: /home/martin_ngn/ros_compvis/install/OpenCV/include/opencv4/opencv2/gapi/gcall.hpp
[0.522s] -- Up-to-date: /home/martin_ngn/ros_compvis/install/OpenCV/include/opencv4/opencv2/gapi/gcommon.hpp
[0.522s] -- Up-to-date: /home/martin_ngn/ros_compvis/install/OpenCV/include/opencv4/opencv2/gapi/gcompiled.hpp
[0.522s] -- Up-to-date: /home/martin_ngn/ros_compvis/install/OpenCV/include/opencv4/opencv2/gapi/gcompiled_async.hpp
[0.522s] -- Up-to-date: /home/martin_ngn/ros_compvis/install/OpenCV/include/opencv4/opencv2/gapi/gcompoundkernel.hpp
[0.522s] -- Up-to-date: /home/martin_ngn/ros_compvis/install/OpenCV/include/opencv4/opencv2/gapi/gcomputation.hpp
[0.523s] -- Up-to-date: /home/martin_ngn/ros_compvis/install/OpenCV/include/opencv4/opencv2/gapi/gcomputation_async.hpp
[0.523s] -- Up-to-date: /home/martin_ngn/ros_compvis/install/OpenCV/include/opencv4/opencv2/gapi/gframe.hpp
[0.523s] -- Up-to-date: /home/martin_ngn/ros_compvis/install/OpenCV/include/opencv4/opencv2/gapi/gkernel.hpp
[0.524s] -- Up-to-date: /home/martin_ngn/ros_compvis/install/OpenCV/include/opencv4/opencv2/gapi/gmat.hpp
[0.524s] -- Up-to-date: /home/martin_ngn/ros_compvis/install/OpenCV/include/opencv4/opencv2/gapi/gmetaarg.hpp
[0.524s] -- Up-to-date: /home/martin_ngn/ros_compvis/install/OpenCV/include/opencv4/opencv2/gapi/gopaque.hpp
[0.524s] -- Up-to-date: /home/martin_ngn/ros_compvis/install/OpenCV/include/opencv4/opencv2/gapi/gproto.hpp
[0.524s] -- Up-to-date: /home/martin_ngn/ros_compvis/install/OpenCV/include/opencv4/opencv2/gapi/gpu/core.hpp
[0.524s] -- Up-to-date: /home/martin_ngn/ros_compvis/install/OpenCV/include/opencv4/opencv2/gapi/gpu/ggpukernel.hpp
[0.524s] -- Up-to-date: /home/martin_ngn/ros_compvis/install/OpenCV/include/opencv4/opencv2/gapi/gpu/imgproc.hpp
[0.524s] -- Up-to-date: /home/martin_ngn/ros_compvis/install/OpenCV/include/opencv4/opencv2/gapi/gscalar.hpp
[0.524s] -- Up-to-date: /home/martin_ngn/ros_compvis/install/OpenCV/include/opencv4/opencv2/gapi/gstreaming.hpp
[0.524s] -- Up-to-date: /home/martin_ngn/ros_compvis/install/OpenCV/include/opencv4/opencv2/gapi/gtransform.hpp
[0.525s] -- Up-to-date: /home/martin_ngn/ros_compvis/install/OpenCV/include/opencv4/opencv2/gapi/gtype_traits.hpp
[0.525s] -- Up-to-date: /home/martin_ngn/ros_compvis/install/OpenCV/include/opencv4/opencv2/gapi/gtyped.hpp
[0.525s] -- Up-to-date: /home/martin_ngn/ros_compvis/install/OpenCV/include/opencv4/opencv2/gapi/imgproc.hpp
[0.525s] -- Up-to-date: /home/martin_ngn/ros_compvis/install/OpenCV/include/opencv4/opencv2/gapi/infer.hpp
[0.525s] -- Up-to-date: /home/martin_ngn/ros_compvis/install/OpenCV/include/opencv4/opencv2/gapi/infer/bindings_ie.hpp
[0.525s] -- Up-to-date: /home/martin_ngn/ros_compvis/install/OpenCV/include/opencv4/opencv2/gapi/infer/bindings_onnx.hpp
[0.525s] -- Up-to-date: /home/martin_ngn/ros_compvis/install/OpenCV/include/opencv4/opencv2/gapi/infer/bindings_ov.hpp
[0.525s] -- Up-to-date: /home/martin_ngn/ros_compvis/install/OpenCV/include/opencv4/opencv2/gapi/infer/ie.hpp
[0.525s] -- Up-to-date: /home/martin_ngn/ros_compvis/install/OpenCV/include/opencv4/opencv2/gapi/infer/onnx.hpp
[0.525s] -- Up-to-date: /home/martin_ngn/ros_compvis/install/OpenCV/include/opencv4/opencv2/gapi/infer/ov.hpp
[0.525s] -- Up-to-date: /home/martin_ngn/ros_compvis/install/OpenCV/include/opencv4/opencv2/gapi/infer/parsers.hpp
[0.525s] -- Up-to-date: /home/martin_ngn/ros_compvis/install/OpenCV/include/opencv4/opencv2/gapi/media.hpp
[0.526s] -- Up-to-date: /home/martin_ngn/ros_compvis/install/OpenCV/include/opencv4/opencv2/gapi/oak/infer.hpp
[0.526s] -- Up-to-date: /home/martin_ngn/ros_compvis/install/OpenCV/include/opencv4/opencv2/gapi/oak/oak.hpp
[0.526s] -- Up-to-date: /home/martin_ngn/ros_compvis/install/OpenCV/include/opencv4/opencv2/gapi/ocl/core.hpp
[0.526s] -- Up-to-date: /home/martin_ngn/ros_compvis/install/OpenCV/include/opencv4/opencv2/gapi/ocl/goclkernel.hpp
[0.526s] -- Up-to-date: /home/martin_ngn/ros_compvis/install/OpenCV/include/opencv4/opencv2/gapi/ocl/imgproc.hpp
[0.526s] -- Up-to-date: /home/martin_ngn/ros_compvis/install/OpenCV/include/opencv4/opencv2/gapi/opencv_includes.hpp
[0.526s] -- Up-to-date: /home/martin_ngn/ros_compvis/install/OpenCV/include/opencv4/opencv2/gapi/operators.hpp
[0.526s] -- Up-to-date: /home/martin_ngn/ros_compvis/install/OpenCV/include/opencv4/opencv2/gapi/ot.hpp
[0.526s] -- Up-to-date: /home/martin_ngn/ros_compvis/install/OpenCV/include/opencv4/opencv2/gapi/own/assert.hpp
[0.527s] -- Up-to-date: /home/martin_ngn/ros_compvis/install/OpenCV/include/opencv4/opencv2/gapi/own/convert.hpp
[0.527s] -- Up-to-date: /home/martin_ngn/ros_compvis/install/OpenCV/include/opencv4/opencv2/gapi/own/cvdefs.hpp
[0.527s] -- Up-to-date: /home/martin_ngn/ros_compvis/install/OpenCV/include/opencv4/opencv2/gapi/own/exports.hpp
[0.527s] -- Up-to-date: /home/martin_ngn/ros_compvis/install/OpenCV/include/opencv4/opencv2/gapi/own/mat.hpp
[0.527s] -- Up-to-date: /home/martin_ngn/ros_compvis/install/OpenCV/include/opencv4/opencv2/gapi/own/saturate.hpp
[0.527s] -- Up-to-date: /home/martin_ngn/ros_compvis/install/OpenCV/include/opencv4/opencv2/gapi/own/scalar.hpp
[0.528s] -- Up-to-date: /home/martin_ngn/ros_compvis/install/OpenCV/include/opencv4/opencv2/gapi/own/types.hpp
[0.528s] -- Up-to-date: /home/martin_ngn/ros_compvis/install/OpenCV/include/opencv4/opencv2/gapi/plaidml/core.hpp
[0.528s] -- Up-to-date: /home/martin_ngn/ros_compvis/install/OpenCV/include/opencv4/opencv2/gapi/plaidml/gplaidmlkernel.hpp
[0.528s] -- Up-to-date: /home/martin_ngn/ros_compvis/install/OpenCV/include/opencv4/opencv2/gapi/plaidml/plaidml.hpp
[0.528s] -- Up-to-date: /home/martin_ngn/ros_compvis/install/OpenCV/include/opencv4/opencv2/gapi/python/python.hpp
[0.528s] -- Up-to-date: /home/martin_ngn/ros_compvis/install/OpenCV/include/opencv4/opencv2/gapi/render.hpp
[0.528s] -- Up-to-date: /home/martin_ngn/ros_compvis/install/OpenCV/include/opencv4/opencv2/gapi/render/render.hpp
[0.528s] -- Up-to-date: /home/martin_ngn/ros_compvis/install/OpenCV/include/opencv4/opencv2/gapi/render/render_types.hpp
[0.528s] -- Up-to-date: /home/martin_ngn/ros_compvis/install/OpenCV/include/opencv4/opencv2/gapi/rmat.hpp
[0.528s] -- Up-to-date: /home/martin_ngn/ros_compvis/install/OpenCV/include/opencv4/opencv2/gapi/s11n.hpp
[0.529s] -- Up-to-date: /home/martin_ngn/ros_compvis/install/OpenCV/include/opencv4/opencv2/gapi/s11n/base.hpp
[0.529s] -- Up-to-date: /home/martin_ngn/ros_compvis/install/OpenCV/include/opencv4/opencv2/gapi/stereo.hpp
[0.529s] -- Up-to-date: /home/martin_ngn/ros_compvis/install/OpenCV/include/opencv4/opencv2/gapi/streaming/cap.hpp
[0.529s] -- Up-to-date: /home/martin_ngn/ros_compvis/install/OpenCV/include/opencv4/opencv2/gapi/streaming/desync.hpp
[0.529s] -- Up-to-date: /home/martin_ngn/ros_compvis/install/OpenCV/include/opencv4/opencv2/gapi/streaming/format.hpp
[0.529s] -- Up-to-date: /home/martin_ngn/ros_compvis/install/OpenCV/include/opencv4/opencv2/gapi/streaming/gstreamer/gstreamerpipeline.hpp
[0.529s] -- Up-to-date: /home/martin_ngn/ros_compvis/install/OpenCV/include/opencv4/opencv2/gapi/streaming/gstreamer/gstreamersource.hpp
[0.529s] -- Up-to-date: /home/martin_ngn/ros_compvis/install/OpenCV/include/opencv4/opencv2/gapi/streaming/meta.hpp
[0.529s] -- Up-to-date: /home/martin_ngn/ros_compvis/install/OpenCV/include/opencv4/opencv2/gapi/streaming/onevpl/accel_types.hpp
[0.529s] -- Up-to-date: /home/martin_ngn/ros_compvis/install/OpenCV/include/opencv4/opencv2/gapi/streaming/onevpl/cfg_params.hpp
[0.529s] -- Up-to-date: /home/martin_ngn/ros_compvis/install/OpenCV/include/opencv4/opencv2/gapi/streaming/onevpl/data_provider_interface.hpp
[0.529s] -- Up-to-date: /home/martin_ngn/ros_compvis/install/OpenCV/include/opencv4/opencv2/gapi/streaming/onevpl/default.hpp
[0.530s] -- Up-to-date: /home/martin_ngn/ros_compvis/install/OpenCV/include/opencv4/opencv2/gapi/streaming/onevpl/device_selector_interface.hpp
[0.530s] -- Up-to-date: /home/martin_ngn/ros_compvis/install/OpenCV/include/opencv4/opencv2/gapi/streaming/onevpl/source.hpp
[0.530s] -- Up-to-date: /home/martin_ngn/ros_compvis/install/OpenCV/include/opencv4/opencv2/gapi/streaming/queue_source.hpp
[0.530s] -- Up-to-date: /home/martin_ngn/ros_compvis/install/OpenCV/include/opencv4/opencv2/gapi/streaming/source.hpp
[0.530s] -- Up-to-date: /home/martin_ngn/ros_compvis/install/OpenCV/include/opencv4/opencv2/gapi/streaming/sync.hpp
[0.530s] -- Up-to-date: /home/martin_ngn/ros_compvis/install/OpenCV/include/opencv4/opencv2/gapi/util/any.hpp
[0.530s] -- Up-to-date: /home/martin_ngn/ros_compvis/install/OpenCV/include/opencv4/opencv2/gapi/util/compiler_hints.hpp
[0.530s] -- Up-to-date: /home/martin_ngn/ros_compvis/install/OpenCV/include/opencv4/opencv2/gapi/util/copy_through_move.hpp
[0.530s] -- Up-to-date: /home/martin_ngn/ros_compvis/install/OpenCV/include/opencv4/opencv2/gapi/util/optional.hpp
[0.530s] -- Up-to-date: /home/martin_ngn/ros_compvis/install/OpenCV/include/opencv4/opencv2/gapi/util/throw.hpp
[0.530s] -- Up-to-date: /home/martin_ngn/ros_compvis/install/OpenCV/include/opencv4/opencv2/gapi/util/type_traits.hpp
[0.531s] -- Up-to-date: /home/martin_ngn/ros_compvis/install/OpenCV/include/opencv4/opencv2/gapi/util/util.hpp
[0.531s] -- Up-to-date: /home/martin_ngn/ros_compvis/install/OpenCV/include/opencv4/opencv2/gapi/util/variant.hpp
[0.531s] -- Up-to-date: /home/martin_ngn/ros_compvis/install/OpenCV/include/opencv4/opencv2/gapi/video.hpp
[0.531s] -- Up-to-date: /home/martin_ngn/ros_compvis/install/OpenCV/share/licenses/opencv4/vasot-LICENSE.txt
[0.531s] -- Up-to-date: /home/martin_ngn/ros_compvis/install/OpenCV/share/opencv4/haarcascades/haarcascade_eye.xml
[0.531s] -- Up-to-date: /home/martin_ngn/ros_compvis/install/OpenCV/share/opencv4/haarcascades/haarcascade_eye_tree_eyeglasses.xml
[0.531s] -- Up-to-date: /home/martin_ngn/ros_compvis/install/OpenCV/share/opencv4/haarcascades/haarcascade_frontalcatface.xml
[0.531s] -- Up-to-date: /home/martin_ngn/ros_compvis/install/OpenCV/share/opencv4/haarcascades/haarcascade_frontalcatface_extended.xml
[0.531s] -- Up-to-date: /home/martin_ngn/ros_compvis/install/OpenCV/share/opencv4/haarcascades/haarcascade_frontalface_alt.xml
[0.532s] -- Up-to-date: /home/martin_ngn/ros_compvis/install/OpenCV/share/opencv4/haarcascades/haarcascade_frontalface_alt2.xml
[0.533s] -- Up-to-date: /home/martin_ngn/ros_compvis/install/OpenCV/share/opencv4/haarcascades/haarcascade_frontalface_alt_tree.xml
[0.533s] -- Up-to-date: /home/martin_ngn/ros_compvis/install/OpenCV/share/opencv4/haarcascades/haarcascade_frontalface_default.xml
[0.533s] -- Up-to-date: /home/martin_ngn/ros_compvis/install/OpenCV/share/opencv4/haarcascades/haarcascade_fullbody.xml
[0.533s] -- Up-to-date: /home/martin_ngn/ros_compvis/install/OpenCV/share/opencv4/haarcascades/haarcascade_lefteye_2splits.xml
[0.533s] -- Up-to-date: /home/martin_ngn/ros_compvis/install/OpenCV/share/opencv4/haarcascades/haarcascade_license_plate_rus_16stages.xml
[0.533s] -- Up-to-date: /home/martin_ngn/ros_compvis/install/OpenCV/share/opencv4/haarcascades/haarcascade_lowerbody.xml
[0.533s] -- Up-to-date: /home/martin_ngn/ros_compvis/install/OpenCV/share/opencv4/haarcascades/haarcascade_profileface.xml
[0.533s] -- Up-to-date: /home/martin_ngn/ros_compvis/install/OpenCV/share/opencv4/haarcascades/haarcascade_righteye_2splits.xml
[0.533s] -- Up-to-date: /home/martin_ngn/ros_compvis/install/OpenCV/share/opencv4/haarcascades/haarcascade_russian_plate_number.xml
[0.533s] -- Up-to-date: /home/martin_ngn/ros_compvis/install/OpenCV/share/opencv4/haarcascades/haarcascade_smile.xml
[0.534s] -- Up-to-date: /home/martin_ngn/ros_compvis/install/OpenCV/share/opencv4/haarcascades/haarcascade_upperbody.xml
[0.534s] -- Up-to-date: /home/martin_ngn/ros_compvis/install/OpenCV/share/opencv4/lbpcascades/lbpcascade_frontalcatface.xml
[0.534s] -- Up-to-date: /home/martin_ngn/ros_compvis/install/OpenCV/share/opencv4/lbpcascades/lbpcascade_frontalface.xml
[0.534s] -- Up-to-date: /home/martin_ngn/ros_compvis/install/OpenCV/share/opencv4/lbpcascades/lbpcascade_frontalface_improved.xml
[0.534s] -- Up-to-date: /home/martin_ngn/ros_compvis/install/OpenCV/share/opencv4/lbpcascades/lbpcascade_profileface.xml
[0.534s] -- Up-to-date: /home/martin_ngn/ros_compvis/install/OpenCV/share/opencv4/lbpcascades/lbpcascade_silverware.xml
[0.534s] -- Up-to-date: /home/martin_ngn/ros_compvis/install/OpenCV/bin/opencv_annotation
[0.534s] -- Up-to-date: /home/martin_ngn/ros_compvis/install/OpenCV/bin/opencv_visualisation
[0.534s] -- Up-to-date: /home/martin_ngn/ros_compvis/install/OpenCV/bin/opencv_interactive-calibration
[0.534s] -- Up-to-date: /home/martin_ngn/ros_compvis/install/OpenCV/bin/opencv_version
[0.534s] -- Up-to-date: /home/martin_ngn/ros_compvis/install/OpenCV/bin/opencv_model_diagnostics
[0.535s] Invoked command in '/home/martin_ngn/ros_compvis/build/OpenCV' returned '0': CONDA_PROMPT_MODIFIER=(base) /usr/bin/cmake --install /home/martin_ngn/ros_compvis/build/OpenCV
