[0.344s] Invoking command in '/home/martin_ngn/ros_compvis/build/comp_vis': CONDA_PROMPT_MODIFIER=(base) PYTHONPATH=/home/martin_ngn/ros_compvis/build/comp_vis/prefix_override:/usr/lib/python3/dist-packages/colcon_core/task/python/colcon_distutils_commands:/home/martin_ngn/ros_compvis/install/comp_vis/lib/python3.10/site-packages:${PYTHONPATH} /usr/bin/python3 -W ignore:setup.py install is deprecated setup.py develop --uninstall --editable --build-directory /home/martin_ngn/ros_compvis/build/comp_vis/build
[0.488s] running develop
[0.564s] Removing /home/martin_ngn/ros_compvis/install/comp_vis/lib/python3.10/site-packages/comp-vis.egg-link (link to .)
[0.580s] Invoked command in '/home/martin_ngn/ros_compvis/build/comp_vis' returned '0': CONDA_PROMPT_MODIFIER=(base) PYTHONPATH=/home/martin_ngn/ros_compvis/build/comp_vis/prefix_override:/usr/lib/python3/dist-packages/colcon_core/task/python/colcon_distutils_commands:/home/martin_ngn/ros_compvis/install/comp_vis/lib/python3.10/site-packages:${PYTHONPATH} /usr/bin/python3 -W ignore:setup.py install is deprecated setup.py develop --uninstall --editable --build-directory /home/martin_ngn/ros_compvis/build/comp_vis/build
[0.582s] Invoking command in '/home/martin_ngn/ros_compvis/src/comp_vis': CONDA_PROMPT_MODIFIER=(base) PYTHONPATH=/home/martin_ngn/ros_compvis/build/comp_vis/prefix_override:/usr/lib/python3/dist-packages/colcon_core/task/python/colcon_distutils_commands:/home/martin_ngn/ros_compvis/install/comp_vis/lib/python3.10/site-packages:${PYTHONPATH} /usr/bin/python3 -W ignore:setup.py install is deprecated setup.py egg_info --egg-base ../../build/comp_vis build --build-base /home/martin_ngn/ros_compvis/build/comp_vis/build install --record /home/martin_ngn/ros_compvis/build/comp_vis/install.log --single-version-externally-managed install_data --force
[0.717s] running egg_info
[0.718s] writing ../../build/comp_vis/comp_vis.egg-info/PKG-INFO
[0.718s] writing dependency_links to ../../build/comp_vis/comp_vis.egg-info/dependency_links.txt
[0.718s] writing entry points to ../../build/comp_vis/comp_vis.egg-info/entry_points.txt
[0.718s] writing requirements to ../../build/comp_vis/comp_vis.egg-info/requires.txt
[0.718s] writing top-level names to ../../build/comp_vis/comp_vis.egg-info/top_level.txt
[0.719s] reading manifest file '../../build/comp_vis/comp_vis.egg-info/SOURCES.txt'
[0.719s] writing manifest file '../../build/comp_vis/comp_vis.egg-info/SOURCES.txt'
[0.719s] running build
[0.719s] running build_py
[0.720s] copying comp_vis/camPub.py -> /home/martin_ngn/ros_compvis/build/comp_vis/build/lib/comp_vis
[0.720s] copying comp_vis/imSub.py -> /home/martin_ngn/ros_compvis/build/comp_vis/build/lib/comp_vis
[0.720s] running install
[0.720s] running install_lib
[0.720s] creating /home/martin_ngn/ros_compvis/install/comp_vis/lib/python3.10/site-packages/comp_vis
[0.721s] copying /home/martin_ngn/ros_compvis/build/comp_vis/build/lib/comp_vis/camSub.py -> /home/martin_ngn/ros_compvis/install/comp_vis/lib/python3.10/site-packages/comp_vis
[0.721s] copying /home/martin_ngn/ros_compvis/build/comp_vis/build/lib/comp_vis/__init__.py -> /home/martin_ngn/ros_compvis/install/comp_vis/lib/python3.10/site-packages/comp_vis
[0.721s] copying /home/martin_ngn/ros_compvis/build/comp_vis/build/lib/comp_vis/camPub.py -> /home/martin_ngn/ros_compvis/install/comp_vis/lib/python3.10/site-packages/comp_vis
[0.721s] copying /home/martin_ngn/ros_compvis/build/comp_vis/build/lib/comp_vis/imSub.py -> /home/martin_ngn/ros_compvis/install/comp_vis/lib/python3.10/site-packages/comp_vis
[0.721s] byte-compiling /home/martin_ngn/ros_compvis/install/comp_vis/lib/python3.10/site-packages/comp_vis/camSub.py to camSub.cpython-310.pyc
[0.722s] byte-compiling /home/martin_ngn/ros_compvis/install/comp_vis/lib/python3.10/site-packages/comp_vis/__init__.py to __init__.cpython-310.pyc
[0.722s] byte-compiling /home/martin_ngn/ros_compvis/install/comp_vis/lib/python3.10/site-packages/comp_vis/camPub.py to camPub.cpython-310.pyc
[0.722s] byte-compiling /home/martin_ngn/ros_compvis/install/comp_vis/lib/python3.10/site-packages/comp_vis/imSub.py to imSub.cpython-310.pyc
[0.722s] running install_data
[0.722s] copying resource/comp_vis -> /home/martin_ngn/ros_compvis/install/comp_vis/share/ament_index/resource_index/packages
[0.722s] copying package.xml -> /home/martin_ngn/ros_compvis/install/comp_vis/share/comp_vis
[0.722s] running install_egg_info
[0.724s] Copying ../../build/comp_vis/comp_vis.egg-info to /home/martin_ngn/ros_compvis/install/comp_vis/lib/python3.10/site-packages/comp_vis-0.0.0-py3.10.egg-info
[0.724s] running install_scripts
[0.737s] Installing camPub script to /home/martin_ngn/ros_compvis/install/comp_vis/lib/comp_vis
[0.737s] Installing imSub script to /home/martin_ngn/ros_compvis/install/comp_vis/lib/comp_vis
[0.737s] writing list of installed files to '/home/martin_ngn/ros_compvis/build/comp_vis/install.log'
[0.752s] Invoked command in '/home/martin_ngn/ros_compvis/src/comp_vis' returned '0': CONDA_PROMPT_MODIFIER=(base) PYTHONPATH=/home/martin_ngn/ros_compvis/build/comp_vis/prefix_override:/usr/lib/python3/dist-packages/colcon_core/task/python/colcon_distutils_commands:/home/martin_ngn/ros_compvis/install/comp_vis/lib/python3.10/site-packages:${PYTHONPATH} /usr/bin/python3 -W ignore:setup.py install is deprecated setup.py egg_info --egg-base ../../build/comp_vis build --build-base /home/martin_ngn/ros_compvis/build/comp_vis/build install --record /home/martin_ngn/ros_compvis/build/comp_vis/install.log --single-version-externally-managed install_data --force
