... logging to /root/.ros/log/9d98f6fa-bcd4-11ef-9b7a-4c77cbef1f6e/roslaunch-martinNguyen03-280.log
[1mstarted roslaunch server http://127.0.0.1:39267/[0m
ros_comm version 1.16.0


SUMMARY
========

PARAMETERS
 * /rosdistro: noetic
 * /rosversion: 1.16.0
 * /unity_endpoint/tcp_ip: localhost
 * /unity_endpoint/tcp_port: 10000

NODES
  /
    unity_endpoint (ros_tcp_endpoint/default_server_endpoint.py)

auto-starting new master
[1mprocess[master]: started with pid [325][0m
[1mROS_MASTER_URI=http://127.0.0.1:11311[0m
[1msetting /run_id to 9d98f6fa-bcd4-11ef-9b7a-4c77cbef1f6e[0m
[1mprocess[rosout-1]: started with pid [350][0m
started core service [/rosout]
[1mprocess[unity_endpoint-2]: started with pid [353][0m
