[0.146s] colcon DEBUG Command line arguments: ['/usr/bin/colcon', 'list', '-p', '--base-paths', '/home/martin_ngn/ros_compvis']
[0.146s] colcon DEBUG Parsed command line arguments: Namespace(log_base=None, log_level=None, verb_name='list', build_base='build', ignore_user_meta=False, metas=['./colcon.meta'], base_paths=['/home/martin_ngn/ros_compvis'], packages_ignore=None, packages_ignore_regex=None, paths=None, packages_up_to=None, packages_up_to_regex=None, packages_above=None, packages_above_and_dependencies=None, packages_above_depth=None, packages_select_by_dep=None, packages_skip_by_dep=None, packages_skip_up_to=None, packages_select_build_failed=False, packages_skip_build_finished=False, packages_select_test_failures=False, packages_skip_test_passed=False, packages_select=None, packages_skip=None, packages_select_regex=None, packages_skip_regex=None, packages_start=None, packages_end=None, allow_overriding=[], topological_order=False, names_only=False, paths_only=True, topological_graph=False, topological_graph_dot=False, topological_graph_density=False, topological_graph_legend=False, topological_graph_dot_cluster=False, topological_graph_dot_include_skipped=False, mixin_files=None, mixin=None, verb_parser=<colcon_mixin.mixin.mixin_argument.MixinArgumentDecorator object at 0x7fbea4531ed0>, verb_extension=<colcon_package_information.verb.list.ListVerb object at 0x7fbea45310f0>, main=<bound method ListVerb.main of <colcon_package_information.verb.list.ListVerb object at 0x7fbea45310f0>>, mixin_verb=('list',))
[0.321s] colcon.colcon_core.package_discovery Level 1 discover_packages(colcon_meta) check parameters
[0.321s] colcon.colcon_core.package_discovery Level 1 discover_packages(recursive) check parameters
[0.321s] colcon.colcon_core.package_discovery Level 1 discover_packages(ignore) check parameters
[0.321s] colcon.colcon_core.package_discovery Level 1 discover_packages(path) check parameters
[0.321s] colcon.colcon_core.package_discovery Level 1 discover_packages(recursive) discover
[0.322s] colcon.colcon_core.package_discovery INFO Crawling recursively for packages in '/home/martin_ngn/ros_compvis'
[0.322s] colcon.colcon_core.package_identification Level 1 _identify(/home/martin_ngn/ros_compvis) by extensions ['ignore', 'ignore_ament_install']
[0.322s] colcon.colcon_core.package_identification Level 1 _identify(/home/martin_ngn/ros_compvis) by extension 'ignore'
[0.322s] colcon.colcon_core.package_identification Level 1 _identify(/home/martin_ngn/ros_compvis) by extension 'ignore_ament_install'
[0.322s] colcon.colcon_core.package_identification Level 1 _identify(/home/martin_ngn/ros_compvis) by extensions ['colcon_pkg']
[0.322s] colcon.colcon_core.package_identification Level 1 _identify(/home/martin_ngn/ros_compvis) by extension 'colcon_pkg'
[0.322s] colcon.colcon_core.package_identification Level 1 _identify(/home/martin_ngn/ros_compvis) by extensions ['colcon_meta']
[0.322s] colcon.colcon_core.package_identification Level 1 _identify(/home/martin_ngn/ros_compvis) by extension 'colcon_meta'
[0.322s] colcon.colcon_core.package_identification Level 1 _identify(/home/martin_ngn/ros_compvis) by extensions ['ros']
[0.322s] colcon.colcon_core.package_identification Level 1 _identify(/home/martin_ngn/ros_compvis) by extension 'ros'
[0.340s] colcon.colcon_core.package_identification Level 1 _identify(/home/martin_ngn/ros_compvis) by extensions ['cmake', 'python']
[0.340s] colcon.colcon_core.package_identification Level 1 _identify(/home/martin_ngn/ros_compvis) by extension 'cmake'
[0.340s] colcon.colcon_core.package_identification Level 1 _identify(/home/martin_ngn/ros_compvis) by extension 'python'
[0.340s] colcon.colcon_core.package_identification Level 1 _identify(/home/martin_ngn/ros_compvis) by extensions ['python_setup_py']
[0.340s] colcon.colcon_core.package_identification Level 1 _identify(/home/martin_ngn/ros_compvis) by extension 'python_setup_py'
[0.340s] colcon.colcon_core.package_identification Level 1 _identify(/home/martin_ngn/ros_compvis/build) by extensions ['ignore', 'ignore_ament_install']
[0.340s] colcon.colcon_core.package_identification Level 1 _identify(/home/martin_ngn/ros_compvis/build) by extension 'ignore'
[0.340s] colcon.colcon_core.package_identification Level 1 _identify(/home/martin_ngn/ros_compvis/build) ignored
[0.341s] colcon.colcon_core.package_identification Level 1 _identify(/home/martin_ngn/ros_compvis/install) by extensions ['ignore', 'ignore_ament_install']
[0.341s] colcon.colcon_core.package_identification Level 1 _identify(/home/martin_ngn/ros_compvis/install) by extension 'ignore'
[0.341s] colcon.colcon_core.package_identification Level 1 _identify(/home/martin_ngn/ros_compvis/install) ignored
[0.341s] colcon.colcon_core.package_identification Level 1 _identify(/home/martin_ngn/ros_compvis/log) by extensions ['ignore', 'ignore_ament_install']
[0.341s] colcon.colcon_core.package_identification Level 1 _identify(/home/martin_ngn/ros_compvis/log) by extension 'ignore'
[0.341s] colcon.colcon_core.package_identification Level 1 _identify(/home/martin_ngn/ros_compvis/log) ignored
[0.341s] colcon.colcon_core.package_identification Level 1 _identify(/home/martin_ngn/ros_compvis/src) by extensions ['ignore', 'ignore_ament_install']
[0.341s] colcon.colcon_core.package_identification Level 1 _identify(/home/martin_ngn/ros_compvis/src) by extension 'ignore'
[0.341s] colcon.colcon_core.package_identification Level 1 _identify(/home/martin_ngn/ros_compvis/src) by extension 'ignore_ament_install'
[0.341s] colcon.colcon_core.package_identification Level 1 _identify(/home/martin_ngn/ros_compvis/src) by extensions ['colcon_pkg']
[0.341s] colcon.colcon_core.package_identification Level 1 _identify(/home/martin_ngn/ros_compvis/src) by extension 'colcon_pkg'
[0.341s] colcon.colcon_core.package_identification Level 1 _identify(/home/martin_ngn/ros_compvis/src) by extensions ['colcon_meta']
[0.341s] colcon.colcon_core.package_identification Level 1 _identify(/home/martin_ngn/ros_compvis/src) by extension 'colcon_meta'
[0.341s] colcon.colcon_core.package_identification Level 1 _identify(/home/martin_ngn/ros_compvis/src) by extensions ['ros']
[0.341s] colcon.colcon_core.package_identification Level 1 _identify(/home/martin_ngn/ros_compvis/src) by extension 'ros'
[0.341s] colcon.colcon_core.package_identification Level 1 _identify(/home/martin_ngn/ros_compvis/src) by extensions ['cmake', 'python']
[0.341s] colcon.colcon_core.package_identification Level 1 _identify(/home/martin_ngn/ros_compvis/src) by extension 'cmake'
[0.341s] colcon.colcon_core.package_identification Level 1 _identify(/home/martin_ngn/ros_compvis/src) by extension 'python'
[0.341s] colcon.colcon_core.package_identification Level 1 _identify(/home/martin_ngn/ros_compvis/src) by extensions ['python_setup_py']
[0.341s] colcon.colcon_core.package_identification Level 1 _identify(/home/martin_ngn/ros_compvis/src) by extension 'python_setup_py'
[0.341s] colcon.colcon_core.package_identification Level 1 _identify(/home/martin_ngn/ros_compvis/src/comp_vis) by extensions ['ignore', 'ignore_ament_install']
[0.342s] colcon.colcon_core.package_identification Level 1 _identify(/home/martin_ngn/ros_compvis/src/comp_vis) by extension 'ignore'
[0.342s] colcon.colcon_core.package_identification Level 1 _identify(/home/martin_ngn/ros_compvis/src/comp_vis) by extension 'ignore_ament_install'
[0.342s] colcon.colcon_core.package_identification Level 1 _identify(/home/martin_ngn/ros_compvis/src/comp_vis) by extensions ['colcon_pkg']
[0.342s] colcon.colcon_core.package_identification Level 1 _identify(/home/martin_ngn/ros_compvis/src/comp_vis) by extension 'colcon_pkg'
[0.342s] colcon.colcon_core.package_identification Level 1 _identify(/home/martin_ngn/ros_compvis/src/comp_vis) by extensions ['colcon_meta']
[0.342s] colcon.colcon_core.package_identification Level 1 _identify(/home/martin_ngn/ros_compvis/src/comp_vis) by extension 'colcon_meta'
[0.342s] colcon.colcon_core.package_identification Level 1 _identify(/home/martin_ngn/ros_compvis/src/comp_vis) by extensions ['ros']
[0.342s] colcon.colcon_core.package_identification Level 1 _identify(/home/martin_ngn/ros_compvis/src/comp_vis) by extension 'ros'
[0.344s] colcon.colcon_core.package_identification DEBUG Package '/home/martin_ngn/ros_compvis/src/comp_vis' with type 'ros.ament_python' and name 'comp_vis'
[0.344s] colcon.colcon_core.package_discovery Level 1 discover_packages(recursive) using defaults
