Scanning dependencies of target _sl_msgs_generate_messages_check_deps_findPlanService
Scanning dependencies of target std_msgs_generate_messages_py
Scanning dependencies of target _sl_msgs_generate_messages_check_deps_findPatternService
Scanning dependencies of target geometry_msgs_generate_messages_py
Scanning dependencies of target std_msgs_generate_messages_nodejs
Scanning dependencies of target geometry_msgs_generate_messages_nodejs
Scanning dependencies of target std_msgs_generate_messages_lisp
Scanning dependencies of target geometry_msgs_generate_messages_lisp
Scanning dependencies of target geometry_msgs_generate_messages_eus
Scanning dependencies of target std_msgs_generate_messages_cpp
Scanning dependencies of target geometry_msgs_generate_messages_cpp
Scanning dependencies of target _sl_msgs_generate_messages_check_deps_findTargetsService
Scanning dependencies of target std_msgs_generate_messages_eus
[  0%] Built target std_msgs_generate_messages_py
[  0%] Built target std_msgs_generate_messages_nodejs
[  0%] Built target geometry_msgs_generate_messages_py
[  0%] Built target geometry_msgs_generate_messages_nodejs
[  0%] Built target std_msgs_generate_messages_lisp
[  0%] Built target geometry_msgs_generate_messages_lisp
[  0%] Built target geometry_msgs_generate_messages_eus
[  0%] Built target std_msgs_generate_messages_cpp
[  0%] Built target std_msgs_generate_messages_eus
[  0%] Built target geometry_msgs_generate_messages_cpp
[  0%] Built target _sl_msgs_generate_messages_check_deps_findPlanService
[  0%] Built target _sl_msgs_generate_messages_check_deps_findPatternService
[  0%] Built target _sl_msgs_generate_messages_check_deps_findTargetsService
Scanning dependencies of target sl_msgs_generate_messages_py
Scanning dependencies of target sl_msgs_generate_messages_cpp
Scanning dependencies of target sl_msgs_generate_messages_nodejs
Scanning dependencies of target sl_msgs_generate_messages_eus
Scanning dependencies of target sl_msgs_generate_messages_lisp
[ 29%] Generating EusLisp code from sl_msgs/findPatternService.srv
[ 29%] Generating Python code from SRV sl_msgs/findPatternService
[ 29%] Generating C++ code from sl_msgs/findTargetsService.srv
[ 29%] Generating Python code from SRV sl_msgs/findTargetsService
[ 29%] Generating EusLisp code from sl_msgs/findTargetsService.srv
[ 35%] Generating Javascript code from sl_msgs/findPlanService.srv
[ 47%] Generating Javascript code from sl_msgs/findPatternService.srv
[ 47%] Generating C++ code from sl_msgs/findPlanService.srv
[ 52%] Generating Lisp code from sl_msgs/findTargetsService.srv
[ 58%] Generating C++ code from sl_msgs/findPatternService.srv
[ 64%] Generating Javascript code from sl_msgs/findTargetsService.srv
[ 70%] Generating EusLisp code from sl_msgs/findPlanService.srv
[ 76%] Generating Python code from SRV sl_msgs/findPlanService
[ 88%] Generating Lisp code from sl_msgs/findPatternService.srv
[ 88%] Generating EusLisp manifest code for sl_msgs
[ 88%] Built target sl_msgs_generate_messages_nodejs
[ 94%] Generating Lisp code from sl_msgs/findPlanService.srv
[ 94%] Built target sl_msgs_generate_messages_lisp
[100%] Generating Python srv __init__.py for sl_msgs
[100%] Built target sl_msgs_generate_messages_cpp
[100%] Built target sl_msgs_generate_messages_py
[100%] Built target sl_msgs_generate_messages_eus
Scanning dependencies of target sl_msgs_generate_messages
[100%] Built target sl_msgs_generate_messages
