Symlinking /catkin_ws/devel/include/sl_msgs/findPlanServiceResponse.h
Symlinking /catkin_ws/devel/include/sl_msgs/findTargetsService.h
Symlinking /catkin_ws/devel/include/sl_msgs/findTargetsServiceResponse.h
Symlinking /catkin_ws/devel/include/sl_msgs/findPlanServiceRequest.h
Symlinking /catkin_ws/devel/include/sl_msgs/findPlanService.h
Symlinking /catkin_ws/devel/include/sl_msgs/findPatternServiceRequest.h
Symlinking /catkin_ws/devel/include/sl_msgs/findPatternServiceResponse.h
Symlinking /catkin_ws/devel/include/sl_msgs/findPatternService.h
Symlinking /catkin_ws/devel/include/sl_msgs/findTargetsServiceRequest.h
Symlinking /catkin_ws/devel/share/sl_msgs/cmake/sl_msgs-msg-paths.cmake
Symlinking /catkin_ws/devel/share/sl_msgs/cmake/sl_msgs-msg-extras.cmake
Symlinking /catkin_ws/devel/share/sl_msgs/cmake/sl_msgsConfig-version.cmake
Symlinking /catkin_ws/devel/share/sl_msgs/cmake/sl_msgsConfig.cmake
Symlinking /catkin_ws/devel/share/common-lisp/ros/sl_msgs/srv/findTargetsService.lisp
Symlinking /catkin_ws/devel/share/common-lisp/ros/sl_msgs/srv/findPlanService.lisp
Symlinking /catkin_ws/devel/share/common-lisp/ros/sl_msgs/srv/_package_findPlanService.lisp
Symlinking /catkin_ws/devel/share/common-lisp/ros/sl_msgs/srv/_package_findTargetsService.lisp
Symlinking /catkin_ws/devel/share/common-lisp/ros/sl_msgs/srv/_package_findPatternService.lisp
Symlinking /catkin_ws/devel/share/common-lisp/ros/sl_msgs/srv/sl_msgs-srv.asd
Symlinking /catkin_ws/devel/share/common-lisp/ros/sl_msgs/srv/findPatternService.lisp
Symlinking /catkin_ws/devel/share/common-lisp/ros/sl_msgs/srv/_package.lisp
Symlinking /catkin_ws/devel/share/gennodejs/ros/sl_msgs/_index.js
Symlinking /catkin_ws/devel/share/gennodejs/ros/sl_msgs/srv/_index.js
Symlinking /catkin_ws/devel/share/gennodejs/ros/sl_msgs/srv/findPatternService.js
Symlinking /catkin_ws/devel/share/gennodejs/ros/sl_msgs/srv/findPlanService.js
Symlinking /catkin_ws/devel/share/gennodejs/ros/sl_msgs/srv/findTargetsService.js
Symlinking /catkin_ws/devel/share/roseus/ros/sl_msgs/manifest.l
Symlinking /catkin_ws/devel/share/roseus/ros/sl_msgs/srv/findPlanService.l
Symlinking /catkin_ws/devel/share/roseus/ros/sl_msgs/srv/findTargetsService.l
Symlinking /catkin_ws/devel/share/roseus/ros/sl_msgs/srv/findPatternService.l
Symlinking /catkin_ws/devel/lib/pkgconfig/sl_msgs.pc
Symlinking /catkin_ws/devel/lib/python3/dist-packages/sl_msgs/__init__.py
Symlinking /catkin_ws/devel/lib/python3/dist-packages/sl_msgs/srv/_findTargetsService.py
Symlinking /catkin_ws/devel/lib/python3/dist-packages/sl_msgs/srv/_findPlanService.py
Symlinking /catkin_ws/devel/lib/python3/dist-packages/sl_msgs/srv/_findPatternService.py
Symlinking /catkin_ws/devel/lib/python3/dist-packages/sl_msgs/srv/__init__.py
