Linked: (/catkin_ws/devel/.private/sl_msgs/include/sl_msgs/findPlanServiceResponse.h, /catkin_ws/devel/include/sl_msgs/findPlanServiceResponse.h)
Linked: (/catkin_ws/devel/.private/sl_msgs/include/sl_msgs/findTargetsService.h, /catkin_ws/devel/include/sl_msgs/findTargetsService.h)
Linked: (/catkin_ws/devel/.private/sl_msgs/include/sl_msgs/findTargetsServiceResponse.h, /catkin_ws/devel/include/sl_msgs/findTargetsServiceResponse.h)
Linked: (/catkin_ws/devel/.private/sl_msgs/include/sl_msgs/findPlanServiceRequest.h, /catkin_ws/devel/include/sl_msgs/findPlanServiceRequest.h)
Linked: (/catkin_ws/devel/.private/sl_msgs/include/sl_msgs/findPlanService.h, /catkin_ws/devel/include/sl_msgs/findPlanService.h)
Linked: (/catkin_ws/devel/.private/sl_msgs/include/sl_msgs/findPatternServiceRequest.h, /catkin_ws/devel/include/sl_msgs/findPatternServiceRequest.h)
Linked: (/catkin_ws/devel/.private/sl_msgs/include/sl_msgs/findPatternServiceResponse.h, /catkin_ws/devel/include/sl_msgs/findPatternServiceResponse.h)
Linked: (/catkin_ws/devel/.private/sl_msgs/include/sl_msgs/findPatternService.h, /catkin_ws/devel/include/sl_msgs/findPatternService.h)
Linked: (/catkin_ws/devel/.private/sl_msgs/include/sl_msgs/findTargetsServiceRequest.h, /catkin_ws/devel/include/sl_msgs/findTargetsServiceRequest.h)
Linked: (/catkin_ws/devel/.private/sl_msgs/share/sl_msgs/cmake/sl_msgs-msg-paths.cmake, /catkin_ws/devel/share/sl_msgs/cmake/sl_msgs-msg-paths.cmake)
Linked: (/catkin_ws/devel/.private/sl_msgs/share/sl_msgs/cmake/sl_msgs-msg-extras.cmake, /catkin_ws/devel/share/sl_msgs/cmake/sl_msgs-msg-extras.cmake)
Linked: (/catkin_ws/devel/.private/sl_msgs/share/sl_msgs/cmake/sl_msgsConfig-version.cmake, /catkin_ws/devel/share/sl_msgs/cmake/sl_msgsConfig-version.cmake)
Linked: (/catkin_ws/devel/.private/sl_msgs/share/sl_msgs/cmake/sl_msgsConfig.cmake, /catkin_ws/devel/share/sl_msgs/cmake/sl_msgsConfig.cmake)
Linked: (/catkin_ws/devel/.private/sl_msgs/share/common-lisp/ros/sl_msgs/srv/findTargetsService.lisp, /catkin_ws/devel/share/common-lisp/ros/sl_msgs/srv/findTargetsService.lisp)
Linked: (/catkin_ws/devel/.private/sl_msgs/share/common-lisp/ros/sl_msgs/srv/findPlanService.lisp, /catkin_ws/devel/share/common-lisp/ros/sl_msgs/srv/findPlanService.lisp)
Linked: (/catkin_ws/devel/.private/sl_msgs/share/common-lisp/ros/sl_msgs/srv/_package_findPlanService.lisp, /catkin_ws/devel/share/common-lisp/ros/sl_msgs/srv/_package_findPlanService.lisp)
Linked: (/catkin_ws/devel/.private/sl_msgs/share/common-lisp/ros/sl_msgs/srv/_package_findTargetsService.lisp, /catkin_ws/devel/share/common-lisp/ros/sl_msgs/srv/_package_findTargetsService.lisp)
Linked: (/catkin_ws/devel/.private/sl_msgs/share/common-lisp/ros/sl_msgs/srv/_package_findPatternService.lisp, /catkin_ws/devel/share/common-lisp/ros/sl_msgs/srv/_package_findPatternService.lisp)
Linked: (/catkin_ws/devel/.private/sl_msgs/share/common-lisp/ros/sl_msgs/srv/sl_msgs-srv.asd, /catkin_ws/devel/share/common-lisp/ros/sl_msgs/srv/sl_msgs-srv.asd)
Linked: (/catkin_ws/devel/.private/sl_msgs/share/common-lisp/ros/sl_msgs/srv/findPatternService.lisp, /catkin_ws/devel/share/common-lisp/ros/sl_msgs/srv/findPatternService.lisp)
Linked: (/catkin_ws/devel/.private/sl_msgs/share/common-lisp/ros/sl_msgs/srv/_package.lisp, /catkin_ws/devel/share/common-lisp/ros/sl_msgs/srv/_package.lisp)
Linked: (/catkin_ws/devel/.private/sl_msgs/share/gennodejs/ros/sl_msgs/_index.js, /catkin_ws/devel/share/gennodejs/ros/sl_msgs/_index.js)
Linked: (/catkin_ws/devel/.private/sl_msgs/share/gennodejs/ros/sl_msgs/srv/_index.js, /catkin_ws/devel/share/gennodejs/ros/sl_msgs/srv/_index.js)
Linked: (/catkin_ws/devel/.private/sl_msgs/share/gennodejs/ros/sl_msgs/srv/findPatternService.js, /catkin_ws/devel/share/gennodejs/ros/sl_msgs/srv/findPatternService.js)
Linked: (/catkin_ws/devel/.private/sl_msgs/share/gennodejs/ros/sl_msgs/srv/findPlanService.js, /catkin_ws/devel/share/gennodejs/ros/sl_msgs/srv/findPlanService.js)
Linked: (/catkin_ws/devel/.private/sl_msgs/share/gennodejs/ros/sl_msgs/srv/findTargetsService.js, /catkin_ws/devel/share/gennodejs/ros/sl_msgs/srv/findTargetsService.js)
Linked: (/catkin_ws/devel/.private/sl_msgs/share/roseus/ros/sl_msgs/manifest.l, /catkin_ws/devel/share/roseus/ros/sl_msgs/manifest.l)
Linked: (/catkin_ws/devel/.private/sl_msgs/share/roseus/ros/sl_msgs/srv/findPlanService.l, /catkin_ws/devel/share/roseus/ros/sl_msgs/srv/findPlanService.l)
Linked: (/catkin_ws/devel/.private/sl_msgs/share/roseus/ros/sl_msgs/srv/findTargetsService.l, /catkin_ws/devel/share/roseus/ros/sl_msgs/srv/findTargetsService.l)
Linked: (/catkin_ws/devel/.private/sl_msgs/share/roseus/ros/sl_msgs/srv/findPatternService.l, /catkin_ws/devel/share/roseus/ros/sl_msgs/srv/findPatternService.l)
Linked: (/catkin_ws/devel/.private/sl_msgs/lib/pkgconfig/sl_msgs.pc, /catkin_ws/devel/lib/pkgconfig/sl_msgs.pc)
Linked: (/catkin_ws/devel/.private/sl_msgs/lib/python3/dist-packages/sl_msgs/__init__.py, /catkin_ws/devel/lib/python3/dist-packages/sl_msgs/__init__.py)
Linked: (/catkin_ws/devel/.private/sl_msgs/lib/python3/dist-packages/sl_msgs/srv/_findTargetsService.py, /catkin_ws/devel/lib/python3/dist-packages/sl_msgs/srv/_findTargetsService.py)
Linked: (/catkin_ws/devel/.private/sl_msgs/lib/python3/dist-packages/sl_msgs/srv/_findPlanService.py, /catkin_ws/devel/lib/python3/dist-packages/sl_msgs/srv/_findPlanService.py)
Linked: (/catkin_ws/devel/.private/sl_msgs/lib/python3/dist-packages/sl_msgs/srv/_findPatternService.py, /catkin_ws/devel/lib/python3/dist-packages/sl_msgs/srv/_findPatternService.py)
Linked: (/catkin_ws/devel/.private/sl_msgs/lib/python3/dist-packages/sl_msgs/srv/__init__.py, /catkin_ws/devel/lib/python3/dist-packages/sl_msgs/srv/__init__.py)
