[0.387s] Invoking command in '/home/martin_ngn/ros_open_cv/src/open_cv': CONDA_PROMPT_MODIFIER=(base) PYTHONPATH=/home/martin_ngn/ros_open_cv/build/open_cv/prefix_override:/usr/lib/python3/dist-packages/colcon_core/task/python/colcon_distutils_commands:/home/martin_ngn/ros_open_cv/install/open_cv/lib/python3.10/site-packages:${PYTHONPATH} /usr/bin/python3 -W ignore:setup.py install is deprecated setup.py egg_info --egg-base ../../build/open_cv build --build-base /home/martin_ngn/ros_open_cv/build/open_cv/build install --record /home/martin_ngn/ros_open_cv/build/open_cv/install.log --single-version-externally-managed install_data
[0.518s] running egg_info
[0.518s] creating ../../build/open_cv/open_cv.egg-info
[0.519s] writing ../../build/open_cv/open_cv.egg-info/PKG-INFO
[0.519s] writing dependency_links to ../../build/open_cv/open_cv.egg-info/dependency_links.txt
[0.519s] writing entry points to ../../build/open_cv/open_cv.egg-info/entry_points.txt
[0.519s] writing requirements to ../../build/open_cv/open_cv.egg-info/requires.txt
[0.519s] writing top-level names to ../../build/open_cv/open_cv.egg-info/top_level.txt
[0.519s] writing manifest file '../../build/open_cv/open_cv.egg-info/SOURCES.txt'
[0.520s] reading manifest file '../../build/open_cv/open_cv.egg-info/SOURCES.txt'
[0.521s] writing manifest file '../../build/open_cv/open_cv.egg-info/SOURCES.txt'
[0.521s] running build
[0.521s] running build_py
[0.521s] creating /home/martin_ngn/ros_open_cv/build/open_cv/build
[0.521s] creating /home/martin_ngn/ros_open_cv/build/open_cv/build/lib
[0.522s] creating /home/martin_ngn/ros_open_cv/build/open_cv/build/lib/open_cv
[0.522s] copying open_cv/samSubscribe.py -> /home/martin_ngn/ros_open_cv/build/open_cv/build/lib/open_cv
[0.522s] copying open_cv/__init__.py -> /home/martin_ngn/ros_open_cv/build/open_cv/build/lib/open_cv
[0.522s] copying open_cv/subIm.py -> /home/martin_ngn/ros_open_cv/build/open_cv/build/lib/open_cv
[0.522s] copying open_cv/cameraPublisher.py -> /home/martin_ngn/ros_open_cv/build/open_cv/build/lib/open_cv
[0.523s] copying open_cv/subscribeImage.py -> /home/martin_ngn/ros_open_cv/build/open_cv/build/lib/open_cv
[0.523s] running install
[0.523s] running install_lib
[0.523s] creating /home/martin_ngn/ros_open_cv/install/open_cv/lib/python3.10/site-packages/open_cv
[0.524s] copying /home/martin_ngn/ros_open_cv/build/open_cv/build/lib/open_cv/samSubscribe.py -> /home/martin_ngn/ros_open_cv/install/open_cv/lib/python3.10/site-packages/open_cv
[0.524s] copying /home/martin_ngn/ros_open_cv/build/open_cv/build/lib/open_cv/__init__.py -> /home/martin_ngn/ros_open_cv/install/open_cv/lib/python3.10/site-packages/open_cv
[0.524s] copying /home/martin_ngn/ros_open_cv/build/open_cv/build/lib/open_cv/subIm.py -> /home/martin_ngn/ros_open_cv/install/open_cv/lib/python3.10/site-packages/open_cv
[0.524s] copying /home/martin_ngn/ros_open_cv/build/open_cv/build/lib/open_cv/cameraPublisher.py -> /home/martin_ngn/ros_open_cv/install/open_cv/lib/python3.10/site-packages/open_cv
[0.524s] copying /home/martin_ngn/ros_open_cv/build/open_cv/build/lib/open_cv/subscribeImage.py -> /home/martin_ngn/ros_open_cv/install/open_cv/lib/python3.10/site-packages/open_cv
[0.525s] byte-compiling /home/martin_ngn/ros_open_cv/install/open_cv/lib/python3.10/site-packages/open_cv/samSubscribe.py to samSubscribe.cpython-310.pyc
[0.525s] byte-compiling /home/martin_ngn/ros_open_cv/install/open_cv/lib/python3.10/site-packages/open_cv/__init__.py to __init__.cpython-310.pyc
[0.525s] byte-compiling /home/martin_ngn/ros_open_cv/install/open_cv/lib/python3.10/site-packages/open_cv/subIm.py to subIm.cpython-310.pyc
[0.525s] byte-compiling /home/martin_ngn/ros_open_cv/install/open_cv/lib/python3.10/site-packages/open_cv/cameraPublisher.py to cameraPublisher.cpython-310.pyc
[0.526s] byte-compiling /home/martin_ngn/ros_open_cv/install/open_cv/lib/python3.10/site-packages/open_cv/subscribeImage.py to subscribeImage.cpython-310.pyc
[0.526s] running install_data
[0.526s] creating /home/martin_ngn/ros_open_cv/install/open_cv/share/ament_index
[0.526s] creating /home/martin_ngn/ros_open_cv/install/open_cv/share/ament_index/resource_index
[0.527s] creating /home/martin_ngn/ros_open_cv/install/open_cv/share/ament_index/resource_index/packages
[0.527s] copying resource/open_cv -> /home/martin_ngn/ros_open_cv/install/open_cv/share/ament_index/resource_index/packages
[0.527s] copying package.xml -> /home/martin_ngn/ros_open_cv/install/open_cv/share/open_cv
[0.527s] running install_egg_info
[0.528s] Copying ../../build/open_cv/open_cv.egg-info to /home/martin_ngn/ros_open_cv/install/open_cv/lib/python3.10/site-packages/open_cv-0.0.0-py3.10.egg-info
[0.529s] running install_scripts
[0.541s] Installing camera_publisher script to /home/martin_ngn/ros_open_cv/install/open_cv/lib/open_cv
[0.541s] Installing image_sub script to /home/martin_ngn/ros_open_cv/install/open_cv/lib/open_cv
[0.541s] Installing sam_subscribe script to /home/martin_ngn/ros_open_cv/install/open_cv/lib/open_cv
[0.542s] Installing subscribe_image script to /home/martin_ngn/ros_open_cv/install/open_cv/lib/open_cv
[0.542s] writing list of installed files to '/home/martin_ngn/ros_open_cv/build/open_cv/install.log'
[0.556s] Invoked command in '/home/martin_ngn/ros_open_cv/src/open_cv' returned '0': CONDA_PROMPT_MODIFIER=(base) PYTHONPATH=/home/martin_ngn/ros_open_cv/build/open_cv/prefix_override:/usr/lib/python3/dist-packages/colcon_core/task/python/colcon_distutils_commands:/home/martin_ngn/ros_open_cv/install/open_cv/lib/python3.10/site-packages:${PYTHONPATH} /usr/bin/python3 -W ignore:setup.py install is deprecated setup.py egg_info --egg-base ../../build/open_cv build --build-base /home/martin_ngn/ros_open_cv/build/open_cv/build install --record /home/martin_ngn/ros_open_cv/build/open_cv/install.log --single-version-externally-managed install_data
