[0.396s] Invoking command in '/home/martin_ngn/ros_compvis/src/comp_vis': CONDA_PROMPT_MODIFIER=(base) PYTHONPATH=/home/martin_ngn/ros_compvis/build/comp_vis/prefix_override:/usr/lib/python3/dist-packages/colcon_core/task/python/colcon_distutils_commands:/home/martin_ngn/ros_compvis/install/comp_vis/lib/python3.10/site-packages:${PYTHONPATH} /usr/bin/python3 -W ignore:setup.py install is deprecated setup.py egg_info --egg-base ../../build/comp_vis build --build-base /home/martin_ngn/ros_compvis/build/comp_vis/build install --record /home/martin_ngn/ros_compvis/build/comp_vis/install.log --single-version-externally-managed install_data
[0.546s] running egg_info
[0.546s] creating ../../build/comp_vis/comp_vis.egg-info
[0.547s] writing ../../build/comp_vis/comp_vis.egg-info/PKG-INFO
[0.547s] writing dependency_links to ../../build/comp_vis/comp_vis.egg-info/dependency_links.txt
[0.547s] writing entry points to ../../build/comp_vis/comp_vis.egg-info/entry_points.txt
[0.547s] writing requirements to ../../build/comp_vis/comp_vis.egg-info/requires.txt
[0.547s] writing top-level names to ../../build/comp_vis/comp_vis.egg-info/top_level.txt
[0.547s] writing manifest file '../../build/comp_vis/comp_vis.egg-info/SOURCES.txt'
[0.549s] reading manifest file '../../build/comp_vis/comp_vis.egg-info/SOURCES.txt'
[0.550s] writing manifest file '../../build/comp_vis/comp_vis.egg-info/SOURCES.txt'
[0.550s] running build
[0.550s] running build_py
[0.550s] creating /home/martin_ngn/ros_compvis/build/comp_vis/build
[0.550s] creating /home/martin_ngn/ros_compvis/build/comp_vis/build/lib
[0.550s] creating /home/martin_ngn/ros_compvis/build/comp_vis/build/lib/comp_vis
[0.550s] copying comp_vis/camSub.py -> /home/martin_ngn/ros_compvis/build/comp_vis/build/lib/comp_vis
[0.550s] copying comp_vis/__init__.py -> /home/martin_ngn/ros_compvis/build/comp_vis/build/lib/comp_vis
[0.550s] copying comp_vis/imSub.py -> /home/martin_ngn/ros_compvis/build/comp_vis/build/lib/comp_vis
[0.550s] running install
[0.551s] running install_lib
[0.551s] creating /home/martin_ngn/ros_compvis/install/comp_vis/lib/python3.10/site-packages/comp_vis
[0.551s] copying /home/martin_ngn/ros_compvis/build/comp_vis/build/lib/comp_vis/camSub.py -> /home/martin_ngn/ros_compvis/install/comp_vis/lib/python3.10/site-packages/comp_vis
[0.551s] copying /home/martin_ngn/ros_compvis/build/comp_vis/build/lib/comp_vis/__init__.py -> /home/martin_ngn/ros_compvis/install/comp_vis/lib/python3.10/site-packages/comp_vis
[0.551s] copying /home/martin_ngn/ros_compvis/build/comp_vis/build/lib/comp_vis/imSub.py -> /home/martin_ngn/ros_compvis/install/comp_vis/lib/python3.10/site-packages/comp_vis
[0.552s] byte-compiling /home/martin_ngn/ros_compvis/install/comp_vis/lib/python3.10/site-packages/comp_vis/camSub.py to camSub.cpython-310.pyc
[0.552s] byte-compiling /home/martin_ngn/ros_compvis/install/comp_vis/lib/python3.10/site-packages/comp_vis/__init__.py to __init__.cpython-310.pyc
[0.552s] byte-compiling /home/martin_ngn/ros_compvis/install/comp_vis/lib/python3.10/site-packages/comp_vis/imSub.py to imSub.cpython-310.pyc
[0.552s] running install_data
[0.552s] creating /home/martin_ngn/ros_compvis/install/comp_vis/share/ament_index
[0.553s] creating /home/martin_ngn/ros_compvis/install/comp_vis/share/ament_index/resource_index
[0.553s] creating /home/martin_ngn/ros_compvis/install/comp_vis/share/ament_index/resource_index/packages
[0.553s] copying resource/comp_vis -> /home/martin_ngn/ros_compvis/install/comp_vis/share/ament_index/resource_index/packages
[0.553s] copying package.xml -> /home/martin_ngn/ros_compvis/install/comp_vis/share/comp_vis
[0.553s] running install_egg_info
[0.554s] Copying ../../build/comp_vis/comp_vis.egg-info to /home/martin_ngn/ros_compvis/install/comp_vis/lib/python3.10/site-packages/comp_vis-0.0.0-py3.10.egg-info
[0.554s] running install_scripts
[0.565s] Installing camSub script to /home/martin_ngn/ros_compvis/install/comp_vis/lib/comp_vis
[0.565s] Installing imSub script to /home/martin_ngn/ros_compvis/install/comp_vis/lib/comp_vis
[0.565s] writing list of installed files to '/home/martin_ngn/ros_compvis/build/comp_vis/install.log'
[0.578s] Invoked command in '/home/martin_ngn/ros_compvis/src/comp_vis' returned '0': CONDA_PROMPT_MODIFIER=(base) PYTHONPATH=/home/martin_ngn/ros_compvis/build/comp_vis/prefix_override:/usr/lib/python3/dist-packages/colcon_core/task/python/colcon_distutils_commands:/home/martin_ngn/ros_compvis/install/comp_vis/lib/python3.10/site-packages:${PYTHONPATH} /usr/bin/python3 -W ignore:setup.py install is deprecated setup.py egg_info --egg-base ../../build/comp_vis build --build-base /home/martin_ngn/ros_compvis/build/comp_vis/build install --record /home/martin_ngn/ros_compvis/build/comp_vis/install.log --single-version-externally-managed install_data
