Scanning dependencies of target geometry_msgs_generate_messages_nodejs
Scanning dependencies of target _uni_lace_msgs_generate_messages_check_deps_UniLaceResetService
Scanning dependencies of target std_msgs_generate_messages_nodejs
Scanning dependencies of target trajectory_msgs_generate_messages_nodejs
Scanning dependencies of target sensor_msgs_generate_messages_nodejs
Scanning dependencies of target std_msgs_generate_messages_py
Scanning dependencies of target sensor_msgs_generate_messages_py
Scanning dependencies of target _uni_lace_msgs_generate_messages_check_deps_UniLaceInfoService
Scanning dependencies of target geometry_msgs_generate_messages_py
Scanning dependencies of target _uni_lace_msgs_generate_messages_check_deps_UniLaceStepService
Scanning dependencies of target _uni_lace_msgs_generate_messages_check_deps_UniLaceParamService
Scanning dependencies of target _uni_lace_msgs_generate_messages_check_deps_UnityStateControllerService
Scanning dependencies of target trajectory_msgs_generate_messages_py
[  0%] Built target sensor_msgs_generate_messages_nodejs
[  0%] Built target std_msgs_generate_messages_nodejs
[  0%] Built target trajectory_msgs_generate_messages_nodejs
[  0%] Built target geometry_msgs_generate_messages_py
[  0%] Built target std_msgs_generate_messages_py
[  0%] Built target geometry_msgs_generate_messages_nodejs
[  0%] Built target sensor_msgs_generate_messages_py
[  0%] Built target trajectory_msgs_generate_messages_py
Scanning dependencies of target sensor_msgs_generate_messages_cpp
Scanning dependencies of target geometry_msgs_generate_messages_cpp
Scanning dependencies of target geometry_msgs_generate_messages_eus
Scanning dependencies of target std_msgs_generate_messages_eus
Scanning dependencies of target std_msgs_generate_messages_cpp
Scanning dependencies of target trajectory_msgs_generate_messages_cpp
Scanning dependencies of target sensor_msgs_generate_messages_eus
Scanning dependencies of target trajectory_msgs_generate_messages_eus
[  0%] Built target sensor_msgs_generate_messages_cpp
[  0%] Built target trajectory_msgs_generate_messages_cpp
[  0%] Built target geometry_msgs_generate_messages_cpp
[  0%] Built target std_msgs_generate_messages_cpp
[  0%] Built target sensor_msgs_generate_messages_eus
[  0%] Built target geometry_msgs_generate_messages_eus
[  0%] Built target trajectory_msgs_generate_messages_eus
[  0%] Built target std_msgs_generate_messages_eus
[  0%] Built target _uni_lace_msgs_generate_messages_check_deps_UniLaceInfoService
[  0%] Built target _uni_lace_msgs_generate_messages_check_deps_UniLaceParamService
[  0%] Built target _uni_lace_msgs_generate_messages_check_deps_UniLaceResetService
[  0%] Built target _uni_lace_msgs_generate_messages_check_deps_UniLaceStepService
Scanning dependencies of target trajectory_msgs_generate_messages_lisp
Scanning dependencies of target sensor_msgs_generate_messages_lisp
Scanning dependencies of target std_msgs_generate_messages_lisp
Scanning dependencies of target geometry_msgs_generate_messages_lisp
[  0%] Built target _uni_lace_msgs_generate_messages_check_deps_UnityStateControllerService
[  0%] Built target std_msgs_generate_messages_lisp
[  0%] Built target sensor_msgs_generate_messages_lisp
[  0%] Built target trajectory_msgs_generate_messages_lisp
[  0%] Built target geometry_msgs_generate_messages_lisp
Scanning dependencies of target uni_lace_msgs_generate_messages_nodejs
Scanning dependencies of target uni_lace_msgs_generate_messages_py
Scanning dependencies of target uni_lace_msgs_generate_messages_cpp
Scanning dependencies of target uni_lace_msgs_generate_messages_eus
Scanning dependencies of target uni_lace_msgs_generate_messages_lisp
[  3%] Generating Python code from SRV uni_lace_msgs/UniLaceResetService
[  7%] Generating Javascript code from uni_lace_msgs/UniLaceStepService.srv
[ 11%] Generating Python code from SRV uni_lace_msgs/UniLaceParamService
[ 14%] Generating Javascript code from uni_lace_msgs/UniLaceResetService.srv
[ 22%] Generating Javascript code from uni_lace_msgs/UniLaceParamService.srv
[ 22%] Generating Javascript code from uni_lace_msgs/UniLaceInfoService.srv
[ 29%] Generating Python code from SRV uni_lace_msgs/UniLaceInfoService
[ 29%] Generating Python code from SRV uni_lace_msgs/UniLaceStepService
[ 33%] Generating Javascript code from uni_lace_msgs/UnityStateControllerService.srv
[ 37%] Generating Python code from SRV uni_lace_msgs/UnityStateControllerService
[ 40%] Generating C++ code from uni_lace_msgs/UniLaceParamService.srv
[ 44%] Generating EusLisp code from uni_lace_msgs/UniLaceParamService.srv
[ 48%] Generating Lisp code from uni_lace_msgs/UniLaceParamService.srv
[ 51%] Generating EusLisp code from uni_lace_msgs/UniLaceStepService.srv
[ 59%] Generating C++ code from uni_lace_msgs/UniLaceStepService.srv
[ 59%] Generating Lisp code from uni_lace_msgs/UniLaceStepService.srv
[ 59%] Built target uni_lace_msgs_generate_messages_nodejs
[ 62%] Generating EusLisp code from uni_lace_msgs/UniLaceResetService.srv
[ 66%] Generating EusLisp code from uni_lace_msgs/UniLaceInfoService.srv
[ 70%] Generating C++ code from uni_lace_msgs/UniLaceResetService.srv
[ 74%] Generating C++ code from uni_lace_msgs/UniLaceInfoService.srv
[ 77%] Generating C++ code from uni_lace_msgs/UnityStateControllerService.srv
[ 81%] Generating EusLisp code from uni_lace_msgs/UnityStateControllerService.srv
[ 85%] Generating Lisp code from uni_lace_msgs/UniLaceResetService.srv
[ 88%] Generating EusLisp manifest code for uni_lace_msgs
[ 92%] Generating Lisp code from uni_lace_msgs/UniLaceInfoService.srv
[ 96%] Generating Lisp code from uni_lace_msgs/UnityStateControllerService.srv
[100%] Generating Python srv __init__.py for uni_lace_msgs
[100%] Built target uni_lace_msgs_generate_messages_lisp
[100%] Built target uni_lace_msgs_generate_messages_py
[100%] Built target uni_lace_msgs_generate_messages_cpp
[100%] Built target uni_lace_msgs_generate_messages_eus
Scanning dependencies of target uni_lace_msgs_generate_messages
[100%] Built target uni_lace_msgs_generate_messages
