Symlinking /catkin_ws/devel/include/uni_lace_msgs/UnityStateControllerServiceResponse.h
Symlinking /catkin_ws/devel/include/uni_lace_msgs/UniLaceResetServiceRequest.h
Symlinking /catkin_ws/devel/include/uni_lace_msgs/UnityStateControllerService.h
Symlinking /catkin_ws/devel/include/uni_lace_msgs/UniLaceStepServiceResponse.h
Symlinking /catkin_ws/devel/include/uni_lace_msgs/UniLaceStepService.h
Symlinking /catkin_ws/devel/include/uni_lace_msgs/UniLaceParamService.h
Symlinking /catkin_ws/devel/include/uni_lace_msgs/UniLaceInfoServiceResponse.h
Symlinking /catkin_ws/devel/include/uni_lace_msgs/UniLaceInfoService.h
Symlinking /catkin_ws/devel/include/uni_lace_msgs/UnityStateControllerServiceRequest.h
Symlinking /catkin_ws/devel/include/uni_lace_msgs/UniLaceResetServiceResponse.h
Symlinking /catkin_ws/devel/include/uni_lace_msgs/UniLaceResetService.h
Symlinking /catkin_ws/devel/include/uni_lace_msgs/UniLaceStepServiceRequest.h
Symlinking /catkin_ws/devel/include/uni_lace_msgs/UniLaceParamServiceRequest.h
Symlinking /catkin_ws/devel/include/uni_lace_msgs/UniLaceParamServiceResponse.h
Symlinking /catkin_ws/devel/include/uni_lace_msgs/UniLaceInfoServiceRequest.h
Symlinking /catkin_ws/devel/share/uni_lace_msgs/cmake/uni_lace_msgs-msg-extras.cmake
Symlinking /catkin_ws/devel/share/uni_lace_msgs/cmake/uni_lace_msgs-msg-paths.cmake
Symlinking /catkin_ws/devel/share/uni_lace_msgs/cmake/uni_lace_msgsConfig-version.cmake
Symlinking /catkin_ws/devel/share/uni_lace_msgs/cmake/uni_lace_msgsConfig.cmake
Symlinking /catkin_ws/devel/share/common-lisp/ros/uni_lace_msgs/srv/_package_UniLaceStepService.lisp
Symlinking /catkin_ws/devel/share/common-lisp/ros/uni_lace_msgs/srv/_package_UniLaceResetService.lisp
Symlinking /catkin_ws/devel/share/common-lisp/ros/uni_lace_msgs/srv/_package_UniLaceParamService.lisp
Symlinking /catkin_ws/devel/share/common-lisp/ros/uni_lace_msgs/srv/UnityStateControllerService.lisp
Symlinking /catkin_ws/devel/share/common-lisp/ros/uni_lace_msgs/srv/UniLaceStepService.lisp
Symlinking /catkin_ws/devel/share/common-lisp/ros/uni_lace_msgs/srv/_package_UnityStateControllerService.lisp
Symlinking /catkin_ws/devel/share/common-lisp/ros/uni_lace_msgs/srv/UniLaceInfoService.lisp
Symlinking /catkin_ws/devel/share/common-lisp/ros/uni_lace_msgs/srv/_package_UniLaceInfoService.lisp
Symlinking /catkin_ws/devel/share/common-lisp/ros/uni_lace_msgs/srv/UniLaceParamService.lisp
Symlinking /catkin_ws/devel/share/common-lisp/ros/uni_lace_msgs/srv/uni_lace_msgs-srv.asd
Symlinking /catkin_ws/devel/share/common-lisp/ros/uni_lace_msgs/srv/UniLaceResetService.lisp
Symlinking /catkin_ws/devel/share/common-lisp/ros/uni_lace_msgs/srv/_package.lisp
Symlinking /catkin_ws/devel/share/gennodejs/ros/uni_lace_msgs/_index.js
Symlinking /catkin_ws/devel/share/gennodejs/ros/uni_lace_msgs/srv/UnityStateControllerService.js
Symlinking /catkin_ws/devel/share/gennodejs/ros/uni_lace_msgs/srv/_index.js
Symlinking /catkin_ws/devel/share/gennodejs/ros/uni_lace_msgs/srv/UniLaceParamService.js
Symlinking /catkin_ws/devel/share/gennodejs/ros/uni_lace_msgs/srv/UniLaceResetService.js
Symlinking /catkin_ws/devel/share/gennodejs/ros/uni_lace_msgs/srv/UniLaceInfoService.js
Symlinking /catkin_ws/devel/share/gennodejs/ros/uni_lace_msgs/srv/UniLaceStepService.js
Symlinking /catkin_ws/devel/share/roseus/ros/uni_lace_msgs/manifest.l
Symlinking /catkin_ws/devel/share/roseus/ros/uni_lace_msgs/srv/UniLaceResetService.l
Symlinking /catkin_ws/devel/share/roseus/ros/uni_lace_msgs/srv/UniLaceStepService.l
Symlinking /catkin_ws/devel/share/roseus/ros/uni_lace_msgs/srv/UniLaceParamService.l
Symlinking /catkin_ws/devel/share/roseus/ros/uni_lace_msgs/srv/UniLaceInfoService.l
Symlinking /catkin_ws/devel/share/roseus/ros/uni_lace_msgs/srv/UnityStateControllerService.l
Symlinking /catkin_ws/devel/lib/pkgconfig/uni_lace_msgs.pc
Symlinking /catkin_ws/devel/lib/python3/dist-packages/uni_lace_msgs/__init__.py
Symlinking /catkin_ws/devel/lib/python3/dist-packages/uni_lace_msgs/srv/_UniLaceParamService.py
Symlinking /catkin_ws/devel/lib/python3/dist-packages/uni_lace_msgs/srv/_UnityStateControllerService.py
Symlinking /catkin_ws/devel/lib/python3/dist-packages/uni_lace_msgs/srv/_UniLaceResetService.py
Symlinking /catkin_ws/devel/lib/python3/dist-packages/uni_lace_msgs/srv/_UniLaceInfoService.py
Symlinking /catkin_ws/devel/lib/python3/dist-packages/uni_lace_msgs/srv/__init__.py
Symlinking /catkin_ws/devel/lib/python3/dist-packages/uni_lace_msgs/srv/_UniLaceStepService.py
