[0.428s] Invoking command in '/home/martin_ngn/ros_compvis/build/comp_vis': CONDA_PROMPT_MODIFIER=(base) PYTHONPATH=/home/martin_ngn/ros_compvis/build/comp_vis/prefix_override:/usr/lib/python3/dist-packages/colcon_core/task/python/colcon_distutils_commands:/home/martin_ngn/ros_compvis/install/comp_vis/lib/python3.10/site-packages:${PYTHONPATH} /usr/bin/python3 -W ignore:setup.py install is deprecated setup.py develop --editable --build-directory /home/martin_ngn/ros_compvis/build/comp_vis/build --no-deps symlink_data --force
[0.590s] running develop
[0.684s] running egg_info
[0.684s] writing comp_vis.egg-info/PKG-INFO
[0.685s] writing dependency_links to comp_vis.egg-info/dependency_links.txt
[0.685s] writing entry points to comp_vis.egg-info/entry_points.txt
[0.685s] writing requirements to comp_vis.egg-info/requires.txt
[0.685s] writing top-level names to comp_vis.egg-info/top_level.txt
[0.686s] reading manifest file 'comp_vis.egg-info/SOURCES.txt'
[0.687s] writing manifest file 'comp_vis.egg-info/SOURCES.txt'
[0.687s] running build_ext
[0.688s] Creating /home/martin_ngn/ros_compvis/install/comp_vis/lib/python3.10/site-packages/comp-vis.egg-link (link to .)
[0.688s] Installing camSub script to /home/martin_ngn/ros_compvis/install/comp_vis/lib/comp_vis
[0.688s] Installing imSub script to /home/martin_ngn/ros_compvis/install/comp_vis/lib/comp_vis
[0.688s] 
[0.688s] Installed /home/martin_ngn/ros_compvis/build/comp_vis
[0.688s] running symlink_data
[0.689s] symbolically linking /home/martin_ngn/ros_compvis/build/comp_vis/resource/comp_vis -> /home/martin_ngn/ros_compvis/install/comp_vis/share/ament_index/resource_index/packages
[0.689s] symbolically linking /home/martin_ngn/ros_compvis/build/comp_vis/package.xml -> /home/martin_ngn/ros_compvis/install/comp_vis/share/comp_vis
[0.706s] Invoked command in '/home/martin_ngn/ros_compvis/build/comp_vis' returned '0': CONDA_PROMPT_MODIFIER=(base) PYTHONPATH=/home/martin_ngn/ros_compvis/build/comp_vis/prefix_override:/usr/lib/python3/dist-packages/colcon_core/task/python/colcon_distutils_commands:/home/martin_ngn/ros_compvis/install/comp_vis/lib/python3.10/site-packages:${PYTHONPATH} /usr/bin/python3 -W ignore:setup.py install is deprecated setup.py develop --editable --build-directory /home/martin_ngn/ros_compvis/build/comp_vis/build --no-deps symlink_data --force
