/home/martin_ngn/ros_open_cv/install/open_cv/lib/python3.10/site-packages/open_cv/samSubscribe.py
/home/martin_ngn/ros_open_cv/install/open_cv/lib/python3.10/site-packages/open_cv/__init__.py
/home/martin_ngn/ros_open_cv/install/open_cv/lib/python3.10/site-packages/open_cv/subIm.py
/home/martin_ngn/ros_open_cv/install/open_cv/lib/python3.10/site-packages/open_cv/cameraPublisher.py
/home/martin_ngn/ros_open_cv/install/open_cv/lib/python3.10/site-packages/open_cv/subscribeImage.py
/home/martin_ngn/ros_open_cv/install/open_cv/lib/python3.10/site-packages/open_cv/__pycache__/samSubscribe.cpython-310.pyc
/home/martin_ngn/ros_open_cv/install/open_cv/lib/python3.10/site-packages/open_cv/__pycache__/__init__.cpython-310.pyc
/home/martin_ngn/ros_open_cv/install/open_cv/lib/python3.10/site-packages/open_cv/__pycache__/subIm.cpython-310.pyc
/home/martin_ngn/ros_open_cv/install/open_cv/lib/python3.10/site-packages/open_cv/__pycache__/cameraPublisher.cpython-310.pyc
/home/martin_ngn/ros_open_cv/install/open_cv/lib/python3.10/site-packages/open_cv/__pycache__/subscribeImage.cpython-310.pyc
/home/martin_ngn/ros_open_cv/install/open_cv/share/ament_index/resource_index/packages/open_cv
/home/martin_ngn/ros_open_cv/install/open_cv/share/open_cv/package.xml
/home/martin_ngn/ros_open_cv/install/open_cv/lib/python3.10/site-packages/open_cv-0.0.0-py3.10.egg-info/top_level.txt
/home/martin_ngn/ros_open_cv/install/open_cv/lib/python3.10/site-packages/open_cv-0.0.0-py3.10.egg-info/SOURCES.txt
/home/martin_ngn/ros_open_cv/install/open_cv/lib/python3.10/site-packages/open_cv-0.0.0-py3.10.egg-info/PKG-INFO
/home/martin_ngn/ros_open_cv/install/open_cv/lib/python3.10/site-packages/open_cv-0.0.0-py3.10.egg-info/dependency_links.txt
/home/martin_ngn/ros_open_cv/install/open_cv/lib/python3.10/site-packages/open_cv-0.0.0-py3.10.egg-info/requires.txt
/home/martin_ngn/ros_open_cv/install/open_cv/lib/python3.10/site-packages/open_cv-0.0.0-py3.10.egg-info/zip-safe
/home/martin_ngn/ros_open_cv/install/open_cv/lib/python3.10/site-packages/open_cv-0.0.0-py3.10.egg-info/entry_points.txt
/home/martin_ngn/ros_open_cv/install/open_cv/lib/open_cv/camera_publisher
/home/martin_ngn/ros_open_cv/install/open_cv/lib/open_cv/image_sub
/home/martin_ngn/ros_open_cv/install/open_cv/lib/open_cv/sam_subscribe
/home/martin_ngn/ros_open_cv/install/open_cv/lib/open_cv/subscribe_image
