running egg_info
writing ../../build/comp_vis/comp_vis.egg-info/PKG-INFO
writing dependency_links to ../../build/comp_vis/comp_vis.egg-info/dependency_links.txt
writing entry points to ../../build/comp_vis/comp_vis.egg-info/entry_points.txt
writing requirements to ../../build/comp_vis/comp_vis.egg-info/requires.txt
writing top-level names to ../../build/comp_vis/comp_vis.egg-info/top_level.txt
reading manifest file '../../build/comp_vis/comp_vis.egg-info/SOURCES.txt'
writing manifest file '../../build/comp_vis/comp_vis.egg-info/SOURCES.txt'
running build
running build_py
running install
running install_lib
running install_data
running install_egg_info
removing '/home/martin_ngn/ros_compvis/install/comp_vis/lib/python3.10/site-packages/comp_vis-0.0.0-py3.10.egg-info' (and everything under it)
Copying ../../build/comp_vis/comp_vis.egg-info to /home/martin_ngn/ros_compvis/install/comp_vis/lib/python3.10/site-packages/comp_vis-0.0.0-py3.10.egg-info
running install_scripts
Installing camSub script to /home/martin_ngn/ros_compvis/install/comp_vis/lib/comp_vis
Installing imSub script to /home/martin_ngn/ros_compvis/install/comp_vis/lib/comp_vis
writing list of installed files to '/home/martin_ngn/ros_compvis/build/comp_vis/install.log'
