[0.444s] Invoking command in '/home/martin_ngn/ros_compvis/src/comp_vis': CONDA_PROMPT_MODIFIER=(base) PYTHONPATH=/home/martin_ngn/ros_compvis/build/comp_vis/prefix_override:/usr/lib/python3/dist-packages/colcon_core/task/python/colcon_distutils_commands:/home/martin_ngn/ros_compvis/install/comp_vis/lib/python3.10/site-packages:${PYTHONPATH} /usr/bin/python3 -W ignore:setup.py install is deprecated setup.py egg_info --egg-base ../../build/comp_vis build --build-base /home/martin_ngn/ros_compvis/build/comp_vis/build install --record /home/martin_ngn/ros_compvis/build/comp_vis/install.log --single-version-externally-managed install_data
[0.610s] running egg_info
[0.610s] writing ../../build/comp_vis/comp_vis.egg-info/PKG-INFO
[0.611s] writing dependency_links to ../../build/comp_vis/comp_vis.egg-info/dependency_links.txt
[0.611s] writing entry points to ../../build/comp_vis/comp_vis.egg-info/entry_points.txt
[0.611s] writing requirements to ../../build/comp_vis/comp_vis.egg-info/requires.txt
[0.611s] writing top-level names to ../../build/comp_vis/comp_vis.egg-info/top_level.txt
[0.613s] reading manifest file '../../build/comp_vis/comp_vis.egg-info/SOURCES.txt'
[0.614s] writing manifest file '../../build/comp_vis/comp_vis.egg-info/SOURCES.txt'
[0.614s] running build
[0.614s] running build_py
[0.614s] running install
[0.614s] running install_lib
[0.616s] running install_data
[0.616s] running install_egg_info
[0.617s] removing '/home/martin_ngn/ros_compvis/install/comp_vis/lib/python3.10/site-packages/comp_vis-0.0.0-py3.10.egg-info' (and everything under it)
[0.617s] Copying ../../build/comp_vis/comp_vis.egg-info to /home/martin_ngn/ros_compvis/install/comp_vis/lib/python3.10/site-packages/comp_vis-0.0.0-py3.10.egg-info
[0.619s] running install_scripts
[0.629s] Installing camSub script to /home/martin_ngn/ros_compvis/install/comp_vis/lib/comp_vis
[0.630s] Installing imSub script to /home/martin_ngn/ros_compvis/install/comp_vis/lib/comp_vis
[0.630s] writing list of installed files to '/home/martin_ngn/ros_compvis/build/comp_vis/install.log'
[0.643s] Invoked command in '/home/martin_ngn/ros_compvis/src/comp_vis' returned '0': CONDA_PROMPT_MODIFIER=(base) PYTHONPATH=/home/martin_ngn/ros_compvis/build/comp_vis/prefix_override:/usr/lib/python3/dist-packages/colcon_core/task/python/colcon_distutils_commands:/home/martin_ngn/ros_compvis/install/comp_vis/lib/python3.10/site-packages:${PYTHONPATH} /usr/bin/python3 -W ignore:setup.py install is deprecated setup.py egg_info --egg-base ../../build/comp_vis build --build-base /home/martin_ngn/ros_compvis/build/comp_vis/build install --record /home/martin_ngn/ros_compvis/build/comp_vis/install.log --single-version-externally-managed install_data
