running develop
Removing /home/martin_ngn/ros_compvis/install/comp_vis/lib/python3.10/site-packages/comp-vis.egg-link (link to .)
running egg_info
writing ../../build/comp_vis/comp_vis.egg-info/PKG-INFO
writing dependency_links to ../../build/comp_vis/comp_vis.egg-info/dependency_links.txt
writing entry points to ../../build/comp_vis/comp_vis.egg-info/entry_points.txt
writing requirements to ../../build/comp_vis/comp_vis.egg-info/requires.txt
writing top-level names to ../../build/comp_vis/comp_vis.egg-info/top_level.txt
reading manifest file '../../build/comp_vis/comp_vis.egg-info/SOURCES.txt'
writing manifest file '../../build/comp_vis/comp_vis.egg-info/SOURCES.txt'
running build
running build_py
running install
running install_lib
creating /home/martin_ngn/ros_compvis/install/comp_vis/lib/python3.10/site-packages/comp_vis
copying /home/martin_ngn/ros_compvis/build/comp_vis/build/lib/comp_vis/camSub.py -> /home/martin_ngn/ros_compvis/install/comp_vis/lib/python3.10/site-packages/comp_vis
copying /home/martin_ngn/ros_compvis/build/comp_vis/build/lib/comp_vis/__init__.py -> /home/martin_ngn/ros_compvis/install/comp_vis/lib/python3.10/site-packages/comp_vis
copying /home/martin_ngn/ros_compvis/build/comp_vis/build/lib/comp_vis/imSub.py -> /home/martin_ngn/ros_compvis/install/comp_vis/lib/python3.10/site-packages/comp_vis
byte-compiling /home/martin_ngn/ros_compvis/install/comp_vis/lib/python3.10/site-packages/comp_vis/camSub.py to camSub.cpython-310.pyc
byte-compiling /home/martin_ngn/ros_compvis/install/comp_vis/lib/python3.10/site-packages/comp_vis/__init__.py to __init__.cpython-310.pyc
byte-compiling /home/martin_ngn/ros_compvis/install/comp_vis/lib/python3.10/site-packages/comp_vis/imSub.py to imSub.cpython-310.pyc
running install_data
copying resource/comp_vis -> /home/martin_ngn/ros_compvis/install/comp_vis/share/ament_index/resource_index/packages
copying package.xml -> /home/martin_ngn/ros_compvis/install/comp_vis/share/comp_vis
running install_egg_info
Copying ../../build/comp_vis/comp_vis.egg-info to /home/martin_ngn/ros_compvis/install/comp_vis/lib/python3.10/site-packages/comp_vis-0.0.0-py3.10.egg-info
running install_scripts
Installing camSub script to /home/martin_ngn/ros_compvis/install/comp_vis/lib/comp_vis
Installing imSub script to /home/martin_ngn/ros_compvis/install/comp_vis/lib/comp_vis
writing list of installed files to '/home/martin_ngn/ros_compvis/build/comp_vis/install.log'
