[0.016s] Invoking command in '/home/martin_ngn/ros_compvis/build/OpenCV': CONDA_PROMPT_MODIFIER=(base) /usr/bin/cmake --build /home/martin_ngn/ros_compvis/build/OpenCV -- -j16 -l16
[0.068s] [35m[1mConsolidate compiler generated dependencies of target ittnotify[0m
[0.072s] [  0%] Built target opencv_dnn_plugins
[0.072s] [  0%] Built target opencv_highgui_plugins
[0.073s] [  0%] Built target opencv_videoio_plugins
[0.074s] [35m[1mConsolidate compiler generated dependencies of target libopenjp2[0m
[0.074s] [35m[1mConsolidate compiler generated dependencies of target ippiw[0m
[0.074s] [35m[1mConsolidate compiler generated dependencies of target ade[0m
[0.075s] [  0%] Built target ittnotify
[0.083s] [  2%] Built target ippiw
[0.083s] [35m[1mConsolidate compiler generated dependencies of target libprotobuf[0m
[0.089s] [  3%] Built target libopenjp2
[0.090s] [  4%] Built target ade
[0.095s] [35m[1mConsolidate compiler generated dependencies of target libwebp[0m
[0.111s] [  7%] Built target libprotobuf
[0.118s] [ 15%] Built target libwebp
[0.165s] [35m[1mConsolidate compiler generated dependencies of target opencv_core[0m
[0.288s] [ 22%] Built target opencv_core
[0.296s] [35m[1mConsolidate compiler generated dependencies of target opencv_version[0m
[0.297s] [35m[1mConsolidate compiler generated dependencies of target opencv_flann[0m
[0.302s] [ 23%] Built target opencv_version
[0.306s] [35m[1mConsolidate compiler generated dependencies of target opencv_ml[0m
[0.307s] [ 24%] Built target opencv_flann
[0.335s] [ 25%] Built target opencv_ml
[0.363s] [35m[1mConsolidate compiler generated dependencies of target opencv_imgproc[0m
[0.469s] [ 31%] Built target opencv_imgproc
[0.485s] [35m[1mConsolidate compiler generated dependencies of target opencv_photo[0m
[0.491s] [35m[1mConsolidate compiler generated dependencies of target opencv_imgcodecs[0m
[0.495s] [35m[1mConsolidate compiler generated dependencies of target opencv_features2d[0m
[0.507s] [ 32%] Built target opencv_photo
[0.528s] [ 34%] Built target opencv_imgcodecs
[0.535s] [ 36%] Built target opencv_features2d
[0.545s] [35m[1mConsolidate compiler generated dependencies of target opencv_videoio[0m
[0.568s] [ 37%] Built target opencv_videoio
[0.575s] [35m[1mConsolidate compiler generated dependencies of target opencv_dnn[0m
[0.576s] [35m[1mConsolidate compiler generated dependencies of target opencv_calib3d[0m
[0.578s] [35m[1mConsolidate compiler generated dependencies of target opencv_highgui[0m
[0.593s] [ 37%] Built target opencv_highgui
[0.600s] [35m[1mConsolidate compiler generated dependencies of target opencv_annotation[0m
[0.600s] [35m[1mConsolidate compiler generated dependencies of target opencv_visualisation[0m
[0.609s] [35m[1mConsolidate compiler generated dependencies of target opencv_ts[0m
[0.609s] [ 37%] Built target opencv_annotation
[0.609s] [ 38%] Built target opencv_visualisation
[0.631s] [ 38%] Built target opencv_ts
[0.644s] [35m[1mConsolidate compiler generated dependencies of target opencv_test_flann[0m
[0.646s] [35m[1mConsolidate compiler generated dependencies of target opencv_perf_imgcodecs[0m
[0.647s] [ 41%] Built target opencv_calib3d
[0.647s] [35m[1mConsolidate compiler generated dependencies of target opencv_perf_features2d[0m
[0.649s] [35m[1mConsolidate compiler generated dependencies of target opencv_perf_photo[0m
[0.655s] [35m[1mConsolidate compiler generated dependencies of target opencv_perf_videoio[0m
[0.656s] [35m[1mConsolidate compiler generated dependencies of target opencv_test_imgcodecs[0m
[0.657s] [35m[1mConsolidate compiler generated dependencies of target opencv_test_ml[0m
[0.660s] [35m[1mConsolidate compiler generated dependencies of target opencv_test_highgui[0m
[0.662s] [ 41%] Built target opencv_test_flann
[0.662s] [ 42%] Built target opencv_perf_imgcodecs
[0.664s] [35m[1mConsolidate compiler generated dependencies of target opencv_test_photo[0m
[0.676s] [35m[1mConsolidate compiler generated dependencies of target opencv_test_videoio[0m
[0.676s] [ 42%] Built target opencv_perf_features2d
[0.676s] [ 42%] Built target opencv_perf_photo
[0.676s] [ 43%] Built target opencv_perf_videoio
[0.676s] [35m[1mConsolidate compiler generated dependencies of target opencv_perf_core[0m
[0.676s] [ 43%] Built target opencv_test_highgui
[0.676s] [35m[1mConsolidate compiler generated dependencies of target opencv_test_features2d[0m
[0.681s] [35m[1mConsolidate compiler generated dependencies of target opencv_perf_imgproc[0m
[0.683s] [ 44%] Built target opencv_test_imgcodecs
[0.685s] [35m[1mConsolidate compiler generated dependencies of target opencv_perf_calib3d[0m
[0.691s] [ 45%] Built target opencv_test_photo
[0.694s] [ 46%] Built target opencv_test_ml
[0.699s] [35m[1mConsolidate compiler generated dependencies of target opencv_stitching[0m
[0.706s] [35m[1mConsolidate compiler generated dependencies of target opencv_test_calib3d[0m
[0.707s] [ 47%] Built target opencv_perf_calib3d
[0.708s] [35m[1mConsolidate compiler generated dependencies of target opencv_test_core[0m
[0.713s] [ 48%] Built target opencv_test_videoio
[0.715s] [ 50%] Built target opencv_test_features2d
[0.720s] [35m[1mConsolidate compiler generated dependencies of target opencv_test_imgproc[0m
[0.729s] [ 52%] Built target opencv_perf_core
[0.738s] [ 54%] Built target opencv_perf_imgproc
[0.740s] [ 55%] Built target opencv_stitching
[0.747s] [ 66%] Built target opencv_dnn
[0.748s] [ 68%] Built target opencv_test_calib3d
[0.752s] [35m[1mConsolidate compiler generated dependencies of target opencv_perf_stitching[0m
[0.754s] [35m[1mConsolidate compiler generated dependencies of target opencv_test_stitching[0m
[0.755s] [35m[1mConsolidate compiler generated dependencies of target opencv_model_diagnostics[0m
[0.762s] [35m[1mConsolidate compiler generated dependencies of target opencv_perf_dnn[0m
[0.763s] [ 69%] Built target opencv_model_diagnostics
[0.768s] [35m[1mConsolidate compiler generated dependencies of target opencv_test_dnn[0m
[0.771s] [ 69%] Built target opencv_perf_stitching
[0.773s] [ 70%] Built target opencv_test_stitching
[0.777s] [35m[1mConsolidate compiler generated dependencies of target opencv_objdetect[0m
[0.779s] [35m[1mConsolidate compiler generated dependencies of target opencv_video[0m
[0.780s] [ 71%] Built target opencv_perf_dnn
[0.791s] [ 72%] Built target opencv_test_dnn
[0.800s] [ 75%] Built target opencv_test_core
[0.809s] [ 79%] Built target opencv_test_imgproc
[0.813s] [ 80%] Built target opencv_objdetect
[0.814s] [ 81%] Built target opencv_video
[0.824s] [35m[1mConsolidate compiler generated dependencies of target opencv_perf_objdetect[0m
[0.824s] [35m[1mConsolidate compiler generated dependencies of target opencv_interactive-calibration[0m
[0.826s] [35m[1mConsolidate compiler generated dependencies of target opencv_test_objdetect[0m
[0.828s] [35m[1mConsolidate compiler generated dependencies of target opencv_perf_video[0m
[0.828s] [35m[1mConsolidate compiler generated dependencies of target opencv_test_video[0m
[0.835s] [ 81%] Built target opencv_interactive-calibration
[0.836s] [ 82%] Built target opencv_perf_objdetect
[0.842s] [ 82%] Built target opencv_test_objdetect
[0.845s] [ 83%] Built target opencv_perf_video
[0.845s] [ 84%] Built target opencv_test_video
[0.890s] [35m[1mConsolidate compiler generated dependencies of target opencv_gapi[0m
[0.983s] [ 93%] Built target opencv_gapi
[1.000s] [35m[1mConsolidate compiler generated dependencies of target opencv_perf_gapi[0m
[1.019s] [ 94%] Built target opencv_perf_gapi
[1.044s] [35m[1mConsolidate compiler generated dependencies of target opencv_test_gapi[0m
[1.124s] [100%] Built target opencv_test_gapi
[1.131s] Invoked command in '/home/martin_ngn/ros_compvis/build/OpenCV' returned '0': CONDA_PROMPT_MODIFIER=(base) /usr/bin/cmake --build /home/martin_ngn/ros_compvis/build/OpenCV -- -j16 -l16
[1.192s] Invoking command in '/home/martin_ngn/ros_compvis/build/OpenCV': CONDA_PROMPT_MODIFIER=(base) /usr/bin/cmake --install /home/martin_ngn/ros_compvis/build/OpenCV
[1.196s] -- Install configuration: "Release"
[1.197s] -- Up-to-date: /home/martin_ngn/ros_compvis/install/OpenCV/share/licenses/opencv4/ippicv-readme.htm
[1.197s] -- Up-to-date: /home/martin_ngn/ros_compvis/install/OpenCV/share/licenses/opencv4/ippicv-EULA.txt
[1.197s] -- Up-to-date: /home/martin_ngn/ros_compvis/install/OpenCV/share/licenses/opencv4/ippicv-third-party-programs.txt
[1.197s] -- Up-to-date: /home/martin_ngn/ros_compvis/install/OpenCV/share/licenses/opencv4/ippiw-support.txt
[1.197s] -- Up-to-date: /home/martin_ngn/ros_compvis/install/OpenCV/share/licenses/opencv4/ippiw-third-party-programs.txt
[1.197s] -- Up-to-date: /home/martin_ngn/ros_compvis/install/OpenCV/share/licenses/opencv4/ippiw-EULA.txt
[1.197s] -- Up-to-date: /home/martin_ngn/ros_compvis/install/OpenCV/share/licenses/opencv4/flatbuffers-LICENSE.txt
[1.197s] -- Up-to-date: /home/martin_ngn/ros_compvis/install/OpenCV/share/licenses/opencv4/opencl-headers-LICENSE.txt
[1.197s] -- Up-to-date: /home/martin_ngn/ros_compvis/install/OpenCV/share/licenses/opencv4/ade-LICENSE
[1.197s] -- Up-to-date: /home/martin_ngn/ros_compvis/install/OpenCV/include/opencv4/opencv2/cvconfig.h
[1.197s] -- Up-to-date: /home/martin_ngn/ros_compvis/install/OpenCV/include/opencv4/opencv2/opencv_modules.hpp
[1.198s] -- Up-to-date: /home/martin_ngn/ros_compvis/install/OpenCV/lib/cmake/opencv4/OpenCVModules.cmake
[1.198s] -- Up-to-date: /home/martin_ngn/ros_compvis/install/OpenCV/lib/cmake/opencv4/OpenCVModules-release.cmake
[1.198s] -- Up-to-date: /home/martin_ngn/ros_compvis/install/OpenCV/lib/cmake/opencv4/OpenCVConfig-version.cmake
[1.198s] -- Up-to-date: /home/martin_ngn/ros_compvis/install/OpenCV/lib/cmake/opencv4/OpenCVConfig.cmake
[1.198s] -- Up-to-date: /home/martin_ngn/ros_compvis/install/OpenCV/bin/setup_vars_opencv4.sh
[1.198s] -- Up-to-date: /home/martin_ngn/ros_compvis/install/OpenCV/share/opencv4/valgrind.supp
[1.198s] -- Up-to-date: /home/martin_ngn/ros_compvis/install/OpenCV/share/opencv4/valgrind_3rdparty.supp
[1.199s] -- Up-to-date: /home/martin_ngn/ros_compvis/install/OpenCV/share/licenses/opencv4/libopenjp2-README.md
[1.199s] -- Up-to-date: /home/martin_ngn/ros_compvis/install/OpenCV/share/licenses/opencv4/libopenjp2-LICENSE
[1.200s] -- Up-to-date: /home/martin_ngn/ros_compvis/install/OpenCV/share/licenses/opencv4/protobuf-LICENSE
[1.201s] -- Up-to-date: /home/martin_ngn/ros_compvis/install/OpenCV/share/licenses/opencv4/protobuf-README.md
[1.201s] -- Up-to-date: /home/martin_ngn/ros_compvis/install/OpenCV/share/licenses/opencv4/ittnotify-LICENSE.BSD
[1.201s] -- Up-to-date: /home/martin_ngn/ros_compvis/install/OpenCV/share/licenses/opencv4/ittnotify-LICENSE.GPL
[1.201s] -- Up-to-date: /home/martin_ngn/ros_compvis/install/OpenCV/include/opencv4/opencv2/opencv.hpp
[1.208s] -- Up-to-date: /home/martin_ngn/ros_compvis/install/OpenCV/lib/libopencv_core.so.4.10.0
[1.208s] -- Up-to-date: /home/martin_ngn/ros_compvis/install/OpenCV/lib/libopencv_core.so.410
[1.208s] -- Up-to-date: /home/martin_ngn/ros_compvis/install/OpenCV/lib/libopencv_core.so
[1.208s] -- Up-to-date: /home/martin_ngn/ros_compvis/install/OpenCV/include/opencv4/opencv2/core.hpp
[1.208s] -- Up-to-date: /home/martin_ngn/ros_compvis/install/OpenCV/include/opencv4/opencv2/core/affine.hpp
[1.208s] -- Up-to-date: /home/martin_ngn/ros_compvis/install/OpenCV/include/opencv4/opencv2/core/async.hpp
[1.209s] -- Up-to-date: /home/martin_ngn/ros_compvis/install/OpenCV/include/opencv4/opencv2/core/base.hpp
[1.209s] -- Up-to-date: /home/martin_ngn/ros_compvis/install/OpenCV/include/opencv4/opencv2/core/bindings_utils.hpp
[1.209s] -- Up-to-date: /home/martin_ngn/ros_compvis/install/OpenCV/include/opencv4/opencv2/core/bufferpool.hpp
[1.209s] -- Up-to-date: /home/martin_ngn/ros_compvis/install/OpenCV/include/opencv4/opencv2/core/check.hpp
[1.209s] -- Up-to-date: /home/martin_ngn/ros_compvis/install/OpenCV/include/opencv4/opencv2/core/core.hpp
[1.209s] -- Up-to-date: /home/martin_ngn/ros_compvis/install/OpenCV/include/opencv4/opencv2/core/core_c.h
[1.209s] -- Up-to-date: /home/martin_ngn/ros_compvis/install/OpenCV/include/opencv4/opencv2/core/cuda.hpp
[1.209s] -- Up-to-date: /home/martin_ngn/ros_compvis/install/OpenCV/include/opencv4/opencv2/core/cuda.inl.hpp
[1.209s] -- Up-to-date: /home/martin_ngn/ros_compvis/install/OpenCV/include/opencv4/opencv2/core/cuda/block.hpp
[1.209s] -- Up-to-date: /home/martin_ngn/ros_compvis/install/OpenCV/include/opencv4/opencv2/core/cuda/border_interpolate.hpp
[1.210s] -- Up-to-date: /home/martin_ngn/ros_compvis/install/OpenCV/include/opencv4/opencv2/core/cuda/color.hpp
[1.210s] -- Up-to-date: /home/martin_ngn/ros_compvis/install/OpenCV/include/opencv4/opencv2/core/cuda/common.hpp
[1.210s] -- Up-to-date: /home/martin_ngn/ros_compvis/install/OpenCV/include/opencv4/opencv2/core/cuda/datamov_utils.hpp
[1.210s] -- Up-to-date: /home/martin_ngn/ros_compvis/install/OpenCV/include/opencv4/opencv2/core/cuda/detail/color_detail.hpp
[1.210s] -- Up-to-date: /home/martin_ngn/ros_compvis/install/OpenCV/include/opencv4/opencv2/core/cuda/detail/reduce.hpp
[1.210s] -- Up-to-date: /home/martin_ngn/ros_compvis/install/OpenCV/include/opencv4/opencv2/core/cuda/detail/reduce_key_val.hpp
[1.210s] -- Up-to-date: /home/martin_ngn/ros_compvis/install/OpenCV/include/opencv4/opencv2/core/cuda/detail/transform_detail.hpp
[1.210s] -- Up-to-date: /home/martin_ngn/ros_compvis/install/OpenCV/include/opencv4/opencv2/core/cuda/detail/type_traits_detail.hpp
[1.210s] -- Up-to-date: /home/martin_ngn/ros_compvis/install/OpenCV/include/opencv4/opencv2/core/cuda/detail/vec_distance_detail.hpp
[1.210s] -- Up-to-date: /home/martin_ngn/ros_compvis/install/OpenCV/include/opencv4/opencv2/core/cuda/dynamic_smem.hpp
[1.210s] -- Up-to-date: /home/martin_ngn/ros_compvis/install/OpenCV/include/opencv4/opencv2/core/cuda/emulation.hpp
[1.211s] -- Up-to-date: /home/martin_ngn/ros_compvis/install/OpenCV/include/opencv4/opencv2/core/cuda/filters.hpp
[1.211s] -- Up-to-date: /home/martin_ngn/ros_compvis/install/OpenCV/include/opencv4/opencv2/core/cuda/funcattrib.hpp
[1.211s] -- Up-to-date: /home/martin_ngn/ros_compvis/install/OpenCV/include/opencv4/opencv2/core/cuda/functional.hpp
[1.211s] -- Up-to-date: /home/martin_ngn/ros_compvis/install/OpenCV/include/opencv4/opencv2/core/cuda/limits.hpp
[1.211s] -- Up-to-date: /home/martin_ngn/ros_compvis/install/OpenCV/include/opencv4/opencv2/core/cuda/reduce.hpp
[1.211s] -- Up-to-date: /home/martin_ngn/ros_compvis/install/OpenCV/include/opencv4/opencv2/core/cuda/saturate_cast.hpp
[1.211s] -- Up-to-date: /home/martin_ngn/ros_compvis/install/OpenCV/include/opencv4/opencv2/core/cuda/scan.hpp
[1.211s] -- Up-to-date: /home/martin_ngn/ros_compvis/install/OpenCV/include/opencv4/opencv2/core/cuda/simd_functions.hpp
[1.211s] -- Up-to-date: /home/martin_ngn/ros_compvis/install/OpenCV/include/opencv4/opencv2/core/cuda/transform.hpp
[1.212s] -- Up-to-date: /home/martin_ngn/ros_compvis/install/OpenCV/include/opencv4/opencv2/core/cuda/type_traits.hpp
[1.212s] -- Up-to-date: /home/martin_ngn/ros_compvis/install/OpenCV/include/opencv4/opencv2/core/cuda/utility.hpp
[1.212s] -- Up-to-date: /home/martin_ngn/ros_compvis/install/OpenCV/include/opencv4/opencv2/core/cuda/vec_distance.hpp
[1.212s] -- Up-to-date: /home/martin_ngn/ros_compvis/install/OpenCV/include/opencv4/opencv2/core/cuda/vec_math.hpp
[1.212s] -- Up-to-date: /home/martin_ngn/ros_compvis/install/OpenCV/include/opencv4/opencv2/core/cuda/vec_traits.hpp
[1.212s] -- Up-to-date: /home/martin_ngn/ros_compvis/install/OpenCV/include/opencv4/opencv2/core/cuda/warp.hpp
[1.212s] -- Up-to-date: /home/martin_ngn/ros_compvis/install/OpenCV/include/opencv4/opencv2/core/cuda/warp_reduce.hpp
[1.212s] -- Up-to-date: /home/martin_ngn/ros_compvis/install/OpenCV/include/opencv4/opencv2/core/cuda/warp_shuffle.hpp
[1.212s] -- Up-to-date: /home/martin_ngn/ros_compvis/install/OpenCV/include/opencv4/opencv2/core/cuda_stream_accessor.hpp
[1.212s] -- Up-to-date: /home/martin_ngn/ros_compvis/install/OpenCV/include/opencv4/opencv2/core/cuda_types.hpp
[1.212s] -- Up-to-date: /home/martin_ngn/ros_compvis/install/OpenCV/include/opencv4/opencv2/core/cv_cpu_dispatch.h
[1.213s] -- Up-to-date: /home/martin_ngn/ros_compvis/install/OpenCV/include/opencv4/opencv2/core/cv_cpu_helper.h
[1.213s] -- Up-to-date: /home/martin_ngn/ros_compvis/install/OpenCV/include/opencv4/opencv2/core/cvdef.h
[1.213s] -- Up-to-date: /home/martin_ngn/ros_compvis/install/OpenCV/include/opencv4/opencv2/core/cvstd.hpp
[1.213s] -- Up-to-date: /home/martin_ngn/ros_compvis/install/OpenCV/include/opencv4/opencv2/core/cvstd.inl.hpp
[1.213s] -- Up-to-date: /home/martin_ngn/ros_compvis/install/OpenCV/include/opencv4/opencv2/core/cvstd_wrapper.hpp
[1.213s] -- Up-to-date: /home/martin_ngn/ros_compvis/install/OpenCV/include/opencv4/opencv2/core/detail/async_promise.hpp
[1.213s] -- Up-to-date: /home/martin_ngn/ros_compvis/install/OpenCV/include/opencv4/opencv2/core/detail/dispatch_helper.impl.hpp
[1.213s] -- Up-to-date: /home/martin_ngn/ros_compvis/install/OpenCV/include/opencv4/opencv2/core/detail/exception_ptr.hpp
[1.213s] -- Up-to-date: /home/martin_ngn/ros_compvis/install/OpenCV/include/opencv4/opencv2/core/directx.hpp
[1.213s] -- Up-to-date: /home/martin_ngn/ros_compvis/install/OpenCV/include/opencv4/opencv2/core/dualquaternion.hpp
[1.214s] -- Up-to-date: /home/martin_ngn/ros_compvis/install/OpenCV/include/opencv4/opencv2/core/dualquaternion.inl.hpp
[1.214s] -- Up-to-date: /home/martin_ngn/ros_compvis/install/OpenCV/include/opencv4/opencv2/core/eigen.hpp
[1.214s] -- Up-to-date: /home/martin_ngn/ros_compvis/install/OpenCV/include/opencv4/opencv2/core/fast_math.hpp
[1.214s] -- Up-to-date: /home/martin_ngn/ros_compvis/install/OpenCV/include/opencv4/opencv2/core/hal/hal.hpp
[1.214s] -- Up-to-date: /home/martin_ngn/ros_compvis/install/OpenCV/include/opencv4/opencv2/core/hal/interface.h
[1.214s] -- Up-to-date: /home/martin_ngn/ros_compvis/install/OpenCV/include/opencv4/opencv2/core/hal/intrin.hpp
[1.214s] -- Up-to-date: /home/martin_ngn/ros_compvis/install/OpenCV/include/opencv4/opencv2/core/hal/intrin_avx.hpp
[1.214s] -- Up-to-date: /home/martin_ngn/ros_compvis/install/OpenCV/include/opencv4/opencv2/core/hal/intrin_avx512.hpp
[1.214s] -- Up-to-date: /home/martin_ngn/ros_compvis/install/OpenCV/include/opencv4/opencv2/core/hal/intrin_cpp.hpp
[1.214s] -- Up-to-date: /home/martin_ngn/ros_compvis/install/OpenCV/include/opencv4/opencv2/core/hal/intrin_forward.hpp
[1.214s] -- Up-to-date: /home/martin_ngn/ros_compvis/install/OpenCV/include/opencv4/opencv2/core/hal/intrin_lasx.hpp
[1.215s] -- Up-to-date: /home/martin_ngn/ros_compvis/install/OpenCV/include/opencv4/opencv2/core/hal/intrin_lsx.hpp
[1.215s] -- Up-to-date: /home/martin_ngn/ros_compvis/install/OpenCV/include/opencv4/opencv2/core/hal/intrin_math.hpp
[1.215s] -- Up-to-date: /home/martin_ngn/ros_compvis/install/OpenCV/include/opencv4/opencv2/core/hal/intrin_msa.hpp
[1.215s] -- Up-to-date: /home/martin_ngn/ros_compvis/install/OpenCV/include/opencv4/opencv2/core/hal/intrin_neon.hpp
[1.215s] -- Up-to-date: /home/martin_ngn/ros_compvis/install/OpenCV/include/opencv4/opencv2/core/hal/intrin_rvv071.hpp
[1.215s] -- Up-to-date: /home/martin_ngn/ros_compvis/install/OpenCV/include/opencv4/opencv2/core/hal/intrin_rvv_scalable.hpp
[1.215s] -- Up-to-date: /home/martin_ngn/ros_compvis/install/OpenCV/include/opencv4/opencv2/core/hal/intrin_sse.hpp
[1.215s] -- Up-to-date: /home/martin_ngn/ros_compvis/install/OpenCV/include/opencv4/opencv2/core/hal/intrin_sse_em.hpp
[1.216s] -- Up-to-date: /home/martin_ngn/ros_compvis/install/OpenCV/include/opencv4/opencv2/core/hal/intrin_vsx.hpp
[1.216s] -- Up-to-date: /home/martin_ngn/ros_compvis/install/OpenCV/include/opencv4/opencv2/core/hal/intrin_wasm.hpp
[1.216s] -- Up-to-date: /home/martin_ngn/ros_compvis/install/OpenCV/include/opencv4/opencv2/core/hal/msa_macros.h
[1.216s] -- Up-to-date: /home/martin_ngn/ros_compvis/install/OpenCV/include/opencv4/opencv2/core/hal/simd_utils.impl.hpp
[1.216s] -- Up-to-date: /home/martin_ngn/ros_compvis/install/OpenCV/include/opencv4/opencv2/core/mat.hpp
[1.216s] -- Up-to-date: /home/martin_ngn/ros_compvis/install/OpenCV/include/opencv4/opencv2/core/mat.inl.hpp
[1.216s] -- Up-to-date: /home/martin_ngn/ros_compvis/install/OpenCV/include/opencv4/opencv2/core/matx.hpp
[1.216s] -- Up-to-date: /home/martin_ngn/ros_compvis/install/OpenCV/include/opencv4/opencv2/core/matx.inl.hpp
[1.216s] -- Up-to-date: /home/martin_ngn/ros_compvis/install/OpenCV/include/opencv4/opencv2/core/neon_utils.hpp
[1.216s] -- Up-to-date: /home/martin_ngn/ros_compvis/install/OpenCV/include/opencv4/opencv2/core/ocl.hpp
[1.216s] -- Up-to-date: /home/martin_ngn/ros_compvis/install/OpenCV/include/opencv4/opencv2/core/ocl_genbase.hpp
[1.216s] -- Up-to-date: /home/martin_ngn/ros_compvis/install/OpenCV/include/opencv4/opencv2/core/opencl/ocl_defs.hpp
[1.216s] -- Up-to-date: /home/martin_ngn/ros_compvis/install/OpenCV/include/opencv4/opencv2/core/opencl/opencl_info.hpp
[1.216s] -- Up-to-date: /home/martin_ngn/ros_compvis/install/OpenCV/include/opencv4/opencv2/core/opencl/opencl_svm.hpp
[1.216s] -- Up-to-date: /home/martin_ngn/ros_compvis/install/OpenCV/include/opencv4/opencv2/core/opencl/runtime/autogenerated/opencl_clblas.hpp
[1.216s] -- Up-to-date: /home/martin_ngn/ros_compvis/install/OpenCV/include/opencv4/opencv2/core/opencl/runtime/autogenerated/opencl_clfft.hpp
[1.216s] -- Up-to-date: /home/martin_ngn/ros_compvis/install/OpenCV/include/opencv4/opencv2/core/opencl/runtime/autogenerated/opencl_core.hpp
[1.216s] -- Up-to-date: /home/martin_ngn/ros_compvis/install/OpenCV/include/opencv4/opencv2/core/opencl/runtime/autogenerated/opencl_core_wrappers.hpp
[1.216s] -- Up-to-date: /home/martin_ngn/ros_compvis/install/OpenCV/include/opencv4/opencv2/core/opencl/runtime/autogenerated/opencl_gl.hpp
[1.216s] -- Up-to-date: /home/martin_ngn/ros_compvis/install/OpenCV/include/opencv4/opencv2/core/opencl/runtime/autogenerated/opencl_gl_wrappers.hpp
[1.216s] -- Up-to-date: /home/martin_ngn/ros_compvis/install/OpenCV/include/opencv4/opencv2/core/opencl/runtime/opencl_clblas.hpp
[1.216s] -- Up-to-date: /home/martin_ngn/ros_compvis/install/OpenCV/include/opencv4/opencv2/core/opencl/runtime/opencl_clfft.hpp
[1.217s] -- Up-to-date: /home/martin_ngn/ros_compvis/install/OpenCV/include/opencv4/opencv2/core/opencl/runtime/opencl_core.hpp
[1.217s] -- Up-to-date: /home/martin_ngn/ros_compvis/install/OpenCV/include/opencv4/opencv2/core/opencl/runtime/opencl_core_wrappers.hpp
[1.217s] -- Up-to-date: /home/martin_ngn/ros_compvis/install/OpenCV/include/opencv4/opencv2/core/opencl/runtime/opencl_gl.hpp
[1.217s] -- Up-to-date: /home/martin_ngn/ros_compvis/install/OpenCV/include/opencv4/opencv2/core/opencl/runtime/opencl_gl_wrappers.hpp
[1.217s] -- Up-to-date: /home/martin_ngn/ros_compvis/install/OpenCV/include/opencv4/opencv2/core/opencl/runtime/opencl_svm_20.hpp
[1.217s] -- Up-to-date: /home/martin_ngn/ros_compvis/install/OpenCV/include/opencv4/opencv2/core/opencl/runtime/opencl_svm_definitions.hpp
[1.217s] -- Up-to-date: /home/martin_ngn/ros_compvis/install/OpenCV/include/opencv4/opencv2/core/opencl/runtime/opencl_svm_hsa_extension.hpp
[1.217s] -- Up-to-date: /home/martin_ngn/ros_compvis/install/OpenCV/include/opencv4/opencv2/core/opengl.hpp
[1.217s] -- Up-to-date: /home/martin_ngn/ros_compvis/install/OpenCV/include/opencv4/opencv2/core/operations.hpp
[1.217s] -- Up-to-date: /home/martin_ngn/ros_compvis/install/OpenCV/include/opencv4/opencv2/core/optim.hpp
[1.217s] -- Up-to-date: /home/martin_ngn/ros_compvis/install/OpenCV/include/opencv4/opencv2/core/ovx.hpp
[1.218s] -- Up-to-date: /home/martin_ngn/ros_compvis/install/OpenCV/include/opencv4/opencv2/core/parallel/backend/parallel_for.openmp.hpp
[1.218s] -- Up-to-date: /home/martin_ngn/ros_compvis/install/OpenCV/include/opencv4/opencv2/core/parallel/backend/parallel_for.tbb.hpp
[1.218s] -- Up-to-date: /home/martin_ngn/ros_compvis/install/OpenCV/include/opencv4/opencv2/core/parallel/parallel_backend.hpp
[1.218s] -- Up-to-date: /home/martin_ngn/ros_compvis/install/OpenCV/include/opencv4/opencv2/core/persistence.hpp
[1.218s] -- Up-to-date: /home/martin_ngn/ros_compvis/install/OpenCV/include/opencv4/opencv2/core/quaternion.hpp
[1.218s] -- Up-to-date: /home/martin_ngn/ros_compvis/install/OpenCV/include/opencv4/opencv2/core/quaternion.inl.hpp
[1.218s] -- Up-to-date: /home/martin_ngn/ros_compvis/install/OpenCV/include/opencv4/opencv2/core/saturate.hpp
[1.218s] -- Up-to-date: /home/martin_ngn/ros_compvis/install/OpenCV/include/opencv4/opencv2/core/simd_intrinsics.hpp
[1.218s] -- Up-to-date: /home/martin_ngn/ros_compvis/install/OpenCV/include/opencv4/opencv2/core/softfloat.hpp
[1.218s] -- Up-to-date: /home/martin_ngn/ros_compvis/install/OpenCV/include/opencv4/opencv2/core/sse_utils.hpp
[1.218s] -- Up-to-date: /home/martin_ngn/ros_compvis/install/OpenCV/include/opencv4/opencv2/core/traits.hpp
[1.219s] -- Up-to-date: /home/martin_ngn/ros_compvis/install/OpenCV/include/opencv4/opencv2/core/types.hpp
[1.219s] -- Up-to-date: /home/martin_ngn/ros_compvis/install/OpenCV/include/opencv4/opencv2/core/types_c.h
[1.219s] -- Up-to-date: /home/martin_ngn/ros_compvis/install/OpenCV/include/opencv4/opencv2/core/utility.hpp
[1.219s] -- Up-to-date: /home/martin_ngn/ros_compvis/install/OpenCV/include/opencv4/opencv2/core/utils/allocator_stats.hpp
[1.219s] -- Up-to-date: /home/martin_ngn/ros_compvis/install/OpenCV/include/opencv4/opencv2/core/utils/allocator_stats.impl.hpp
[1.219s] -- Up-to-date: /home/martin_ngn/ros_compvis/install/OpenCV/include/opencv4/opencv2/core/utils/filesystem.hpp
[1.219s] -- Up-to-date: /home/martin_ngn/ros_compvis/install/OpenCV/include/opencv4/opencv2/core/utils/fp_control_utils.hpp
[1.219s] -- Up-to-date: /home/martin_ngn/ros_compvis/install/OpenCV/include/opencv4/opencv2/core/utils/instrumentation.hpp
[1.219s] -- Up-to-date: /home/martin_ngn/ros_compvis/install/OpenCV/include/opencv4/opencv2/core/utils/logger.defines.hpp
[1.219s] -- Up-to-date: /home/martin_ngn/ros_compvis/install/OpenCV/include/opencv4/opencv2/core/utils/logger.hpp
[1.220s] -- Up-to-date: /home/martin_ngn/ros_compvis/install/OpenCV/include/opencv4/opencv2/core/utils/logtag.hpp
[1.220s] -- Up-to-date: /home/martin_ngn/ros_compvis/install/OpenCV/include/opencv4/opencv2/core/utils/tls.hpp
[1.220s] -- Up-to-date: /home/martin_ngn/ros_compvis/install/OpenCV/include/opencv4/opencv2/core/utils/trace.hpp
[1.220s] -- Up-to-date: /home/martin_ngn/ros_compvis/install/OpenCV/include/opencv4/opencv2/core/va_intel.hpp
[1.220s] -- Up-to-date: /home/martin_ngn/ros_compvis/install/OpenCV/include/opencv4/opencv2/core/version.hpp
[1.220s] -- Up-to-date: /home/martin_ngn/ros_compvis/install/OpenCV/include/opencv4/opencv2/core/vsx_utils.hpp
[1.220s] -- Up-to-date: /home/martin_ngn/ros_compvis/install/OpenCV/share/licenses/opencv4/SoftFloat-COPYING.txt
[1.220s] -- Up-to-date: /home/martin_ngn/ros_compvis/install/OpenCV/lib/libopencv_flann.so.4.10.0
[1.220s] -- Up-to-date: /home/martin_ngn/ros_compvis/install/OpenCV/lib/libopencv_flann.so.410
[1.220s] -- Up-to-date: /home/martin_ngn/ros_compvis/install/OpenCV/lib/libopencv_flann.so
[1.220s] -- Up-to-date: /home/martin_ngn/ros_compvis/install/OpenCV/include/opencv4/opencv2/flann.hpp
[1.221s] -- Up-to-date: /home/martin_ngn/ros_compvis/install/OpenCV/include/opencv4/opencv2/flann/all_indices.h
[1.221s] -- Up-to-date: /home/martin_ngn/ros_compvis/install/OpenCV/include/opencv4/opencv2/flann/allocator.h
[1.221s] -- Up-to-date: /home/martin_ngn/ros_compvis/install/OpenCV/include/opencv4/opencv2/flann/any.h
[1.221s] -- Up-to-date: /home/martin_ngn/ros_compvis/install/OpenCV/include/opencv4/opencv2/flann/autotuned_index.h
[1.221s] -- Up-to-date: /home/martin_ngn/ros_compvis/install/OpenCV/include/opencv4/opencv2/flann/composite_index.h
[1.221s] -- Up-to-date: /home/martin_ngn/ros_compvis/install/OpenCV/include/opencv4/opencv2/flann/config.h
[1.221s] -- Up-to-date: /home/martin_ngn/ros_compvis/install/OpenCV/include/opencv4/opencv2/flann/defines.h
[1.221s] -- Up-to-date: /home/martin_ngn/ros_compvis/install/OpenCV/include/opencv4/opencv2/flann/dist.h
[1.221s] -- Up-to-date: /home/martin_ngn/ros_compvis/install/OpenCV/include/opencv4/opencv2/flann/dummy.h
[1.221s] -- Up-to-date: /home/martin_ngn/ros_compvis/install/OpenCV/include/opencv4/opencv2/flann/dynamic_bitset.h
[1.221s] -- Up-to-date: /home/martin_ngn/ros_compvis/install/OpenCV/include/opencv4/opencv2/flann/flann.hpp
[1.222s] -- Up-to-date: /home/martin_ngn/ros_compvis/install/OpenCV/include/opencv4/opencv2/flann/flann_base.hpp
[1.222s] -- Up-to-date: /home/martin_ngn/ros_compvis/install/OpenCV/include/opencv4/opencv2/flann/general.h
[1.222s] -- Up-to-date: /home/martin_ngn/ros_compvis/install/OpenCV/include/opencv4/opencv2/flann/ground_truth.h
[1.222s] -- Up-to-date: /home/martin_ngn/ros_compvis/install/OpenCV/include/opencv4/opencv2/flann/heap.h
[1.222s] -- Up-to-date: /home/martin_ngn/ros_compvis/install/OpenCV/include/opencv4/opencv2/flann/hierarchical_clustering_index.h
[1.222s] -- Up-to-date: /home/martin_ngn/ros_compvis/install/OpenCV/include/opencv4/opencv2/flann/index_testing.h
[1.222s] -- Up-to-date: /home/martin_ngn/ros_compvis/install/OpenCV/include/opencv4/opencv2/flann/kdtree_index.h
[1.222s] -- Up-to-date: /home/martin_ngn/ros_compvis/install/OpenCV/include/opencv4/opencv2/flann/kdtree_single_index.h
[1.222s] -- Up-to-date: /home/martin_ngn/ros_compvis/install/OpenCV/include/opencv4/opencv2/flann/kmeans_index.h
[1.222s] -- Up-to-date: /home/martin_ngn/ros_compvis/install/OpenCV/include/opencv4/opencv2/flann/linear_index.h
[1.222s] -- Up-to-date: /home/martin_ngn/ros_compvis/install/OpenCV/include/opencv4/opencv2/flann/logger.h
[1.223s] -- Up-to-date: /home/martin_ngn/ros_compvis/install/OpenCV/include/opencv4/opencv2/flann/lsh_index.h
[1.223s] -- Up-to-date: /home/martin_ngn/ros_compvis/install/OpenCV/include/opencv4/opencv2/flann/lsh_table.h
[1.223s] -- Up-to-date: /home/martin_ngn/ros_compvis/install/OpenCV/include/opencv4/opencv2/flann/matrix.h
[1.223s] -- Up-to-date: /home/martin_ngn/ros_compvis/install/OpenCV/include/opencv4/opencv2/flann/miniflann.hpp
[1.223s] -- Up-to-date: /home/martin_ngn/ros_compvis/install/OpenCV/include/opencv4/opencv2/flann/nn_index.h
[1.223s] -- Up-to-date: /home/martin_ngn/ros_compvis/install/OpenCV/include/opencv4/opencv2/flann/object_factory.h
[1.223s] -- Up-to-date: /home/martin_ngn/ros_compvis/install/OpenCV/include/opencv4/opencv2/flann/params.h
[1.223s] -- Up-to-date: /home/martin_ngn/ros_compvis/install/OpenCV/include/opencv4/opencv2/flann/random.h
[1.223s] -- Up-to-date: /home/martin_ngn/ros_compvis/install/OpenCV/include/opencv4/opencv2/flann/result_set.h
[1.223s] -- Up-to-date: /home/martin_ngn/ros_compvis/install/OpenCV/include/opencv4/opencv2/flann/sampling.h
[1.223s] -- Up-to-date: /home/martin_ngn/ros_compvis/install/OpenCV/include/opencv4/opencv2/flann/saving.h
[1.224s] -- Up-to-date: /home/martin_ngn/ros_compvis/install/OpenCV/include/opencv4/opencv2/flann/simplex_downhill.h
[1.224s] -- Up-to-date: /home/martin_ngn/ros_compvis/install/OpenCV/include/opencv4/opencv2/flann/timer.h
[1.224s] -- Up-to-date: /home/martin_ngn/ros_compvis/install/OpenCV/lib/libopencv_imgproc.so.4.10.0
[1.224s] -- Up-to-date: /home/martin_ngn/ros_compvis/install/OpenCV/lib/libopencv_imgproc.so.410
[1.224s] -- Up-to-date: /home/martin_ngn/ros_compvis/install/OpenCV/lib/libopencv_imgproc.so
[1.224s] -- Up-to-date: /home/martin_ngn/ros_compvis/install/OpenCV/include/opencv4/opencv2/imgproc.hpp
[1.224s] -- Up-to-date: /home/martin_ngn/ros_compvis/install/OpenCV/include/opencv4/opencv2/imgproc/bindings.hpp
[1.224s] -- Up-to-date: /home/martin_ngn/ros_compvis/install/OpenCV/include/opencv4/opencv2/imgproc/detail/gcgraph.hpp
[1.224s] -- Up-to-date: /home/martin_ngn/ros_compvis/install/OpenCV/include/opencv4/opencv2/imgproc/detail/legacy.hpp
[1.224s] -- Up-to-date: /home/martin_ngn/ros_compvis/install/OpenCV/include/opencv4/opencv2/imgproc/hal/hal.hpp
[1.224s] -- Up-to-date: /home/martin_ngn/ros_compvis/install/OpenCV/include/opencv4/opencv2/imgproc/hal/interface.h
[1.224s] -- Up-to-date: /home/martin_ngn/ros_compvis/install/OpenCV/include/opencv4/opencv2/imgproc/imgproc.hpp
[1.224s] -- Up-to-date: /home/martin_ngn/ros_compvis/install/OpenCV/include/opencv4/opencv2/imgproc/imgproc_c.h
[1.224s] -- Up-to-date: /home/martin_ngn/ros_compvis/install/OpenCV/include/opencv4/opencv2/imgproc/segmentation.hpp
[1.224s] -- Up-to-date: /home/martin_ngn/ros_compvis/install/OpenCV/include/opencv4/opencv2/imgproc/types_c.h
[1.224s] -- Up-to-date: /home/martin_ngn/ros_compvis/install/OpenCV/lib/libopencv_ml.so.4.10.0
[1.225s] -- Up-to-date: /home/martin_ngn/ros_compvis/install/OpenCV/lib/libopencv_ml.so.410
[1.225s] -- Up-to-date: /home/martin_ngn/ros_compvis/install/OpenCV/lib/libopencv_ml.so
[1.225s] -- Up-to-date: /home/martin_ngn/ros_compvis/install/OpenCV/include/opencv4/opencv2/ml.hpp
[1.225s] -- Up-to-date: /home/martin_ngn/ros_compvis/install/OpenCV/include/opencv4/opencv2/ml/ml.hpp
[1.225s] -- Up-to-date: /home/martin_ngn/ros_compvis/install/OpenCV/include/opencv4/opencv2/ml/ml.inl.hpp
[1.225s] -- Up-to-date: /home/martin_ngn/ros_compvis/install/OpenCV/lib/libopencv_photo.so.4.10.0
[1.225s] -- Up-to-date: /home/martin_ngn/ros_compvis/install/OpenCV/lib/libopencv_photo.so.410
[1.225s] -- Up-to-date: /home/martin_ngn/ros_compvis/install/OpenCV/lib/libopencv_photo.so
[1.225s] -- Up-to-date: /home/martin_ngn/ros_compvis/install/OpenCV/include/opencv4/opencv2/photo.hpp
[1.225s] -- Up-to-date: /home/martin_ngn/ros_compvis/install/OpenCV/include/opencv4/opencv2/photo/cuda.hpp
[1.225s] -- Up-to-date: /home/martin_ngn/ros_compvis/install/OpenCV/include/opencv4/opencv2/photo/legacy/constants_c.h
[1.225s] -- Up-to-date: /home/martin_ngn/ros_compvis/install/OpenCV/include/opencv4/opencv2/photo/photo.hpp
[1.225s] -- Up-to-date: /home/martin_ngn/ros_compvis/install/OpenCV/lib/libopencv_dnn.so.4.10.0
[1.225s] -- Up-to-date: /home/martin_ngn/ros_compvis/install/OpenCV/lib/libopencv_dnn.so.410
[1.225s] -- Up-to-date: /home/martin_ngn/ros_compvis/install/OpenCV/lib/libopencv_dnn.so
[1.225s] -- Up-to-date: /home/martin_ngn/ros_compvis/install/OpenCV/include/opencv4/opencv2/dnn.hpp
[1.225s] -- Up-to-date: /home/martin_ngn/ros_compvis/install/OpenCV/include/opencv4/opencv2/dnn/all_layers.hpp
[1.226s] -- Up-to-date: /home/martin_ngn/ros_compvis/install/OpenCV/include/opencv4/opencv2/dnn/dict.hpp
[1.226s] -- Up-to-date: /home/martin_ngn/ros_compvis/install/OpenCV/include/opencv4/opencv2/dnn/dnn.hpp
[1.226s] -- Up-to-date: /home/martin_ngn/ros_compvis/install/OpenCV/include/opencv4/opencv2/dnn/dnn.inl.hpp
[1.226s] -- Up-to-date: /home/martin_ngn/ros_compvis/install/OpenCV/include/opencv4/opencv2/dnn/layer.details.hpp
[1.226s] -- Up-to-date: /home/martin_ngn/ros_compvis/install/OpenCV/include/opencv4/opencv2/dnn/layer.hpp
[1.226s] -- Up-to-date: /home/martin_ngn/ros_compvis/install/OpenCV/include/opencv4/opencv2/dnn/shape_utils.hpp
[1.226s] -- Up-to-date: /home/martin_ngn/ros_compvis/install/OpenCV/include/opencv4/opencv2/dnn/utils/debug_utils.hpp
[1.226s] -- Up-to-date: /home/martin_ngn/ros_compvis/install/OpenCV/include/opencv4/opencv2/dnn/utils/inference_engine.hpp
[1.226s] -- Up-to-date: /home/martin_ngn/ros_compvis/install/OpenCV/include/opencv4/opencv2/dnn/version.hpp
[1.226s] -- Up-to-date: /home/martin_ngn/ros_compvis/install/OpenCV/lib/libopencv_features2d.so.4.10.0
[1.226s] -- Up-to-date: /home/martin_ngn/ros_compvis/install/OpenCV/lib/libopencv_features2d.so.410
[1.226s] -- Up-to-date: /home/martin_ngn/ros_compvis/install/OpenCV/lib/libopencv_features2d.so
[1.226s] -- Up-to-date: /home/martin_ngn/ros_compvis/install/OpenCV/include/opencv4/opencv2/features2d.hpp
[1.226s] -- Up-to-date: /home/martin_ngn/ros_compvis/install/OpenCV/include/opencv4/opencv2/features2d/features2d.hpp
[1.226s] -- Up-to-date: /home/martin_ngn/ros_compvis/install/OpenCV/include/opencv4/opencv2/features2d/hal/interface.h
[1.226s] -- Up-to-date: /home/martin_ngn/ros_compvis/install/OpenCV/share/licenses/opencv4/mscr-chi_table_LICENSE.txt
[1.226s] -- Up-to-date: /home/martin_ngn/ros_compvis/install/OpenCV/lib/libopencv_imgcodecs.so.4.10.0
[1.226s] -- Up-to-date: /home/martin_ngn/ros_compvis/install/OpenCV/lib/libopencv_imgcodecs.so.410
[1.226s] -- Up-to-date: /home/martin_ngn/ros_compvis/install/OpenCV/lib/libopencv_imgcodecs.so
[1.226s] -- Up-to-date: /home/martin_ngn/ros_compvis/install/OpenCV/include/opencv4/opencv2/imgcodecs.hpp
[1.226s] -- Up-to-date: /home/martin_ngn/ros_compvis/install/OpenCV/include/opencv4/opencv2/imgcodecs/imgcodecs.hpp
[1.226s] -- Up-to-date: /home/martin_ngn/ros_compvis/install/OpenCV/include/opencv4/opencv2/imgcodecs/imgcodecs_c.h
[1.227s] -- Up-to-date: /home/martin_ngn/ros_compvis/install/OpenCV/include/opencv4/opencv2/imgcodecs/ios.h
[1.227s] -- Up-to-date: /home/martin_ngn/ros_compvis/install/OpenCV/include/opencv4/opencv2/imgcodecs/legacy/constants_c.h
[1.227s] -- Up-to-date: /home/martin_ngn/ros_compvis/install/OpenCV/include/opencv4/opencv2/imgcodecs/macosx.h
[1.227s] -- Up-to-date: /home/martin_ngn/ros_compvis/install/OpenCV/lib/libopencv_videoio.so.4.10.0
[1.227s] -- Up-to-date: /home/martin_ngn/ros_compvis/install/OpenCV/lib/libopencv_videoio.so.410
[1.227s] -- Up-to-date: /home/martin_ngn/ros_compvis/install/OpenCV/lib/libopencv_videoio.so
[1.227s] -- Up-to-date: /home/martin_ngn/ros_compvis/install/OpenCV/include/opencv4/opencv2/videoio.hpp
[1.227s] -- Up-to-date: /home/martin_ngn/ros_compvis/install/OpenCV/include/opencv4/opencv2/videoio/legacy/constants_c.h
[1.227s] -- Up-to-date: /home/martin_ngn/ros_compvis/install/OpenCV/include/opencv4/opencv2/videoio/registry.hpp
[1.227s] -- Up-to-date: /home/martin_ngn/ros_compvis/install/OpenCV/include/opencv4/opencv2/videoio/videoio.hpp
[1.227s] -- Up-to-date: /home/martin_ngn/ros_compvis/install/OpenCV/include/opencv4/opencv2/videoio/videoio_c.h
[1.227s] -- Up-to-date: /home/martin_ngn/ros_compvis/install/OpenCV/lib/libopencv_calib3d.so.4.10.0
[1.227s] -- Up-to-date: /home/martin_ngn/ros_compvis/install/OpenCV/lib/libopencv_calib3d.so.410
[1.227s] -- Up-to-date: /home/martin_ngn/ros_compvis/install/OpenCV/lib/libopencv_calib3d.so
[1.227s] -- Up-to-date: /home/martin_ngn/ros_compvis/install/OpenCV/include/opencv4/opencv2/calib3d.hpp
[1.227s] -- Up-to-date: /home/martin_ngn/ros_compvis/install/OpenCV/include/opencv4/opencv2/calib3d/calib3d.hpp
[1.227s] -- Up-to-date: /home/martin_ngn/ros_compvis/install/OpenCV/include/opencv4/opencv2/calib3d/calib3d_c.h
[1.228s] -- Up-to-date: /home/martin_ngn/ros_compvis/install/OpenCV/lib/libopencv_highgui.so.4.10.0
[1.228s] -- Up-to-date: /home/martin_ngn/ros_compvis/install/OpenCV/lib/libopencv_highgui.so.410
[1.228s] -- Up-to-date: /home/martin_ngn/ros_compvis/install/OpenCV/lib/libopencv_highgui.so
[1.228s] -- Up-to-date: /home/martin_ngn/ros_compvis/install/OpenCV/include/opencv4/opencv2/highgui.hpp
[1.228s] -- Up-to-date: /home/martin_ngn/ros_compvis/install/OpenCV/include/opencv4/opencv2/highgui/highgui.hpp
[1.228s] -- Up-to-date: /home/martin_ngn/ros_compvis/install/OpenCV/include/opencv4/opencv2/highgui/highgui_c.h
[1.228s] -- Up-to-date: /home/martin_ngn/ros_compvis/install/OpenCV/lib/libopencv_objdetect.so.4.10.0
[1.229s] -- Up-to-date: /home/martin_ngn/ros_compvis/install/OpenCV/lib/libopencv_objdetect.so.410
[1.229s] -- Up-to-date: /home/martin_ngn/ros_compvis/install/OpenCV/lib/libopencv_objdetect.so
[1.229s] -- Up-to-date: /home/martin_ngn/ros_compvis/install/OpenCV/include/opencv4/opencv2/objdetect.hpp
[1.229s] -- Up-to-date: /home/martin_ngn/ros_compvis/install/OpenCV/include/opencv4/opencv2/objdetect/aruco_board.hpp
[1.229s] -- Up-to-date: /home/martin_ngn/ros_compvis/install/OpenCV/include/opencv4/opencv2/objdetect/aruco_detector.hpp
[1.229s] -- Up-to-date: /home/martin_ngn/ros_compvis/install/OpenCV/include/opencv4/opencv2/objdetect/aruco_dictionary.hpp
[1.229s] -- Up-to-date: /home/martin_ngn/ros_compvis/install/OpenCV/include/opencv4/opencv2/objdetect/barcode.hpp
[1.229s] -- Up-to-date: /home/martin_ngn/ros_compvis/install/OpenCV/include/opencv4/opencv2/objdetect/charuco_detector.hpp
[1.229s] -- Up-to-date: /home/martin_ngn/ros_compvis/install/OpenCV/include/opencv4/opencv2/objdetect/detection_based_tracker.hpp
[1.229s] -- Up-to-date: /home/martin_ngn/ros_compvis/install/OpenCV/include/opencv4/opencv2/objdetect/face.hpp
[1.229s] -- Up-to-date: /home/martin_ngn/ros_compvis/install/OpenCV/include/opencv4/opencv2/objdetect/graphical_code_detector.hpp
[1.229s] -- Up-to-date: /home/martin_ngn/ros_compvis/install/OpenCV/include/opencv4/opencv2/objdetect/objdetect.hpp
[1.230s] -- Up-to-date: /home/martin_ngn/ros_compvis/install/OpenCV/lib/libopencv_stitching.so.4.10.0
[1.230s] -- Up-to-date: /home/martin_ngn/ros_compvis/install/OpenCV/lib/libopencv_stitching.so.410
[1.230s] -- Up-to-date: /home/martin_ngn/ros_compvis/install/OpenCV/lib/libopencv_stitching.so
[1.230s] -- Up-to-date: /home/martin_ngn/ros_compvis/install/OpenCV/include/opencv4/opencv2/stitching.hpp
[1.230s] -- Up-to-date: /home/martin_ngn/ros_compvis/install/OpenCV/include/opencv4/opencv2/stitching/detail/autocalib.hpp
[1.230s] -- Up-to-date: /home/martin_ngn/ros_compvis/install/OpenCV/include/opencv4/opencv2/stitching/detail/blenders.hpp
[1.230s] -- Up-to-date: /home/martin_ngn/ros_compvis/install/OpenCV/include/opencv4/opencv2/stitching/detail/camera.hpp
[1.230s] -- Up-to-date: /home/martin_ngn/ros_compvis/install/OpenCV/include/opencv4/opencv2/stitching/detail/exposure_compensate.hpp
[1.231s] -- Up-to-date: /home/martin_ngn/ros_compvis/install/OpenCV/include/opencv4/opencv2/stitching/detail/matchers.hpp
[1.231s] -- Up-to-date: /home/martin_ngn/ros_compvis/install/OpenCV/include/opencv4/opencv2/stitching/detail/motion_estimators.hpp
[1.231s] -- Up-to-date: /home/martin_ngn/ros_compvis/install/OpenCV/include/opencv4/opencv2/stitching/detail/seam_finders.hpp
[1.231s] -- Up-to-date: /home/martin_ngn/ros_compvis/install/OpenCV/include/opencv4/opencv2/stitching/detail/timelapsers.hpp
[1.231s] -- Up-to-date: /home/martin_ngn/ros_compvis/install/OpenCV/include/opencv4/opencv2/stitching/detail/util.hpp
[1.231s] -- Up-to-date: /home/martin_ngn/ros_compvis/install/OpenCV/include/opencv4/opencv2/stitching/detail/util_inl.hpp
[1.231s] -- Up-to-date: /home/martin_ngn/ros_compvis/install/OpenCV/include/opencv4/opencv2/stitching/detail/warpers.hpp
[1.231s] -- Up-to-date: /home/martin_ngn/ros_compvis/install/OpenCV/include/opencv4/opencv2/stitching/detail/warpers_inl.hpp
[1.231s] -- Up-to-date: /home/martin_ngn/ros_compvis/install/OpenCV/include/opencv4/opencv2/stitching/warpers.hpp
[1.232s] -- Up-to-date: /home/martin_ngn/ros_compvis/install/OpenCV/lib/libopencv_video.so.4.10.0
[1.232s] -- Up-to-date: /home/martin_ngn/ros_compvis/install/OpenCV/lib/libopencv_video.so.410
[1.232s] -- Up-to-date: /home/martin_ngn/ros_compvis/install/OpenCV/lib/libopencv_video.so
[1.232s] -- Up-to-date: /home/martin_ngn/ros_compvis/install/OpenCV/include/opencv4/opencv2/video.hpp
[1.232s] -- Up-to-date: /home/martin_ngn/ros_compvis/install/OpenCV/include/opencv4/opencv2/video/background_segm.hpp
[1.232s] -- Up-to-date: /home/martin_ngn/ros_compvis/install/OpenCV/include/opencv4/opencv2/video/detail/tracking.detail.hpp
[1.232s] -- Up-to-date: /home/martin_ngn/ros_compvis/install/OpenCV/include/opencv4/opencv2/video/legacy/constants_c.h
[1.232s] -- Up-to-date: /home/martin_ngn/ros_compvis/install/OpenCV/include/opencv4/opencv2/video/tracking.hpp
[1.232s] -- Up-to-date: /home/martin_ngn/ros_compvis/install/OpenCV/include/opencv4/opencv2/video/video.hpp
[1.233s] -- Up-to-date: /home/martin_ngn/ros_compvis/install/OpenCV/lib/libopencv_gapi.so.4.10.0
[1.233s] -- Up-to-date: /home/martin_ngn/ros_compvis/install/OpenCV/lib/libopencv_gapi.so.410
[1.233s] -- Up-to-date: /home/martin_ngn/ros_compvis/install/OpenCV/lib/libopencv_gapi.so
[1.233s] -- Up-to-date: /home/martin_ngn/ros_compvis/install/OpenCV/include/opencv4/opencv2/gapi.hpp
[1.234s] -- Up-to-date: /home/martin_ngn/ros_compvis/install/OpenCV/include/opencv4/opencv2/gapi/core.hpp
[1.234s] -- Up-to-date: /home/martin_ngn/ros_compvis/install/OpenCV/include/opencv4/opencv2/gapi/cpu/core.hpp
[1.234s] -- Up-to-date: /home/martin_ngn/ros_compvis/install/OpenCV/include/opencv4/opencv2/gapi/cpu/gcpukernel.hpp
[1.234s] -- Up-to-date: /home/martin_ngn/ros_compvis/install/OpenCV/include/opencv4/opencv2/gapi/cpu/imgproc.hpp
[1.234s] -- Up-to-date: /home/martin_ngn/ros_compvis/install/OpenCV/include/opencv4/opencv2/gapi/cpu/ot.hpp
[1.234s] -- Up-to-date: /home/martin_ngn/ros_compvis/install/OpenCV/include/opencv4/opencv2/gapi/cpu/stereo.hpp
[1.234s] -- Up-to-date: /home/martin_ngn/ros_compvis/install/OpenCV/include/opencv4/opencv2/gapi/cpu/video.hpp
[1.234s] -- Up-to-date: /home/martin_ngn/ros_compvis/install/OpenCV/include/opencv4/opencv2/gapi/fluid/core.hpp
[1.234s] -- Up-to-date: /home/martin_ngn/ros_compvis/install/OpenCV/include/opencv4/opencv2/gapi/fluid/gfluidbuffer.hpp
[1.234s] -- Up-to-date: /home/martin_ngn/ros_compvis/install/OpenCV/include/opencv4/opencv2/gapi/fluid/gfluidkernel.hpp
[1.235s] -- Up-to-date: /home/martin_ngn/ros_compvis/install/OpenCV/include/opencv4/opencv2/gapi/fluid/imgproc.hpp
[1.235s] -- Up-to-date: /home/martin_ngn/ros_compvis/install/OpenCV/include/opencv4/opencv2/gapi/garg.hpp
[1.235s] -- Up-to-date: /home/martin_ngn/ros_compvis/install/OpenCV/include/opencv4/opencv2/gapi/garray.hpp
[1.235s] -- Up-to-date: /home/martin_ngn/ros_compvis/install/OpenCV/include/opencv4/opencv2/gapi/gasync_context.hpp
[1.235s] -- Up-to-date: /home/martin_ngn/ros_compvis/install/OpenCV/include/opencv4/opencv2/gapi/gcall.hpp
[1.235s] -- Up-to-date: /home/martin_ngn/ros_compvis/install/OpenCV/include/opencv4/opencv2/gapi/gcommon.hpp
[1.235s] -- Up-to-date: /home/martin_ngn/ros_compvis/install/OpenCV/include/opencv4/opencv2/gapi/gcompiled.hpp
[1.235s] -- Up-to-date: /home/martin_ngn/ros_compvis/install/OpenCV/include/opencv4/opencv2/gapi/gcompiled_async.hpp
[1.235s] -- Up-to-date: /home/martin_ngn/ros_compvis/install/OpenCV/include/opencv4/opencv2/gapi/gcompoundkernel.hpp
[1.235s] -- Up-to-date: /home/martin_ngn/ros_compvis/install/OpenCV/include/opencv4/opencv2/gapi/gcomputation.hpp
[1.236s] -- Up-to-date: /home/martin_ngn/ros_compvis/install/OpenCV/include/opencv4/opencv2/gapi/gcomputation_async.hpp
[1.236s] -- Up-to-date: /home/martin_ngn/ros_compvis/install/OpenCV/include/opencv4/opencv2/gapi/gframe.hpp
[1.236s] -- Up-to-date: /home/martin_ngn/ros_compvis/install/OpenCV/include/opencv4/opencv2/gapi/gkernel.hpp
[1.236s] -- Up-to-date: /home/martin_ngn/ros_compvis/install/OpenCV/include/opencv4/opencv2/gapi/gmat.hpp
[1.236s] -- Up-to-date: /home/martin_ngn/ros_compvis/install/OpenCV/include/opencv4/opencv2/gapi/gmetaarg.hpp
[1.236s] -- Up-to-date: /home/martin_ngn/ros_compvis/install/OpenCV/include/opencv4/opencv2/gapi/gopaque.hpp
[1.236s] -- Up-to-date: /home/martin_ngn/ros_compvis/install/OpenCV/include/opencv4/opencv2/gapi/gproto.hpp
[1.236s] -- Up-to-date: /home/martin_ngn/ros_compvis/install/OpenCV/include/opencv4/opencv2/gapi/gpu/core.hpp
[1.236s] -- Up-to-date: /home/martin_ngn/ros_compvis/install/OpenCV/include/opencv4/opencv2/gapi/gpu/ggpukernel.hpp
[1.236s] -- Up-to-date: /home/martin_ngn/ros_compvis/install/OpenCV/include/opencv4/opencv2/gapi/gpu/imgproc.hpp
[1.237s] -- Up-to-date: /home/martin_ngn/ros_compvis/install/OpenCV/include/opencv4/opencv2/gapi/gscalar.hpp
[1.237s] -- Up-to-date: /home/martin_ngn/ros_compvis/install/OpenCV/include/opencv4/opencv2/gapi/gstreaming.hpp
[1.237s] -- Up-to-date: /home/martin_ngn/ros_compvis/install/OpenCV/include/opencv4/opencv2/gapi/gtransform.hpp
[1.237s] -- Up-to-date: /home/martin_ngn/ros_compvis/install/OpenCV/include/opencv4/opencv2/gapi/gtype_traits.hpp
[1.237s] -- Up-to-date: /home/martin_ngn/ros_compvis/install/OpenCV/include/opencv4/opencv2/gapi/gtyped.hpp
[1.237s] -- Up-to-date: /home/martin_ngn/ros_compvis/install/OpenCV/include/opencv4/opencv2/gapi/imgproc.hpp
[1.237s] -- Up-to-date: /home/martin_ngn/ros_compvis/install/OpenCV/include/opencv4/opencv2/gapi/infer.hpp
[1.237s] -- Up-to-date: /home/martin_ngn/ros_compvis/install/OpenCV/include/opencv4/opencv2/gapi/infer/bindings_ie.hpp
[1.237s] -- Up-to-date: /home/martin_ngn/ros_compvis/install/OpenCV/include/opencv4/opencv2/gapi/infer/bindings_onnx.hpp
[1.237s] -- Up-to-date: /home/martin_ngn/ros_compvis/install/OpenCV/include/opencv4/opencv2/gapi/infer/bindings_ov.hpp
[1.237s] -- Up-to-date: /home/martin_ngn/ros_compvis/install/OpenCV/include/opencv4/opencv2/gapi/infer/ie.hpp
[1.238s] -- Up-to-date: /home/martin_ngn/ros_compvis/install/OpenCV/include/opencv4/opencv2/gapi/infer/onnx.hpp
[1.238s] -- Up-to-date: /home/martin_ngn/ros_compvis/install/OpenCV/include/opencv4/opencv2/gapi/infer/ov.hpp
[1.238s] -- Up-to-date: /home/martin_ngn/ros_compvis/install/OpenCV/include/opencv4/opencv2/gapi/infer/parsers.hpp
[1.238s] -- Up-to-date: /home/martin_ngn/ros_compvis/install/OpenCV/include/opencv4/opencv2/gapi/media.hpp
[1.238s] -- Up-to-date: /home/martin_ngn/ros_compvis/install/OpenCV/include/opencv4/opencv2/gapi/oak/infer.hpp
[1.238s] -- Up-to-date: /home/martin_ngn/ros_compvis/install/OpenCV/include/opencv4/opencv2/gapi/oak/oak.hpp
[1.238s] -- Up-to-date: /home/martin_ngn/ros_compvis/install/OpenCV/include/opencv4/opencv2/gapi/ocl/core.hpp
[1.238s] -- Up-to-date: /home/martin_ngn/ros_compvis/install/OpenCV/include/opencv4/opencv2/gapi/ocl/goclkernel.hpp
[1.238s] -- Up-to-date: /home/martin_ngn/ros_compvis/install/OpenCV/include/opencv4/opencv2/gapi/ocl/imgproc.hpp
[1.238s] -- Up-to-date: /home/martin_ngn/ros_compvis/install/OpenCV/include/opencv4/opencv2/gapi/opencv_includes.hpp
[1.238s] -- Up-to-date: /home/martin_ngn/ros_compvis/install/OpenCV/include/opencv4/opencv2/gapi/operators.hpp
[1.239s] -- Up-to-date: /home/martin_ngn/ros_compvis/install/OpenCV/include/opencv4/opencv2/gapi/ot.hpp
[1.239s] -- Up-to-date: /home/martin_ngn/ros_compvis/install/OpenCV/include/opencv4/opencv2/gapi/own/assert.hpp
[1.239s] -- Up-to-date: /home/martin_ngn/ros_compvis/install/OpenCV/include/opencv4/opencv2/gapi/own/convert.hpp
[1.239s] -- Up-to-date: /home/martin_ngn/ros_compvis/install/OpenCV/include/opencv4/opencv2/gapi/own/cvdefs.hpp
[1.239s] -- Up-to-date: /home/martin_ngn/ros_compvis/install/OpenCV/include/opencv4/opencv2/gapi/own/exports.hpp
[1.239s] -- Up-to-date: /home/martin_ngn/ros_compvis/install/OpenCV/include/opencv4/opencv2/gapi/own/mat.hpp
[1.239s] -- Up-to-date: /home/martin_ngn/ros_compvis/install/OpenCV/include/opencv4/opencv2/gapi/own/saturate.hpp
[1.239s] -- Up-to-date: /home/martin_ngn/ros_compvis/install/OpenCV/include/opencv4/opencv2/gapi/own/scalar.hpp
[1.239s] -- Up-to-date: /home/martin_ngn/ros_compvis/install/OpenCV/include/opencv4/opencv2/gapi/own/types.hpp
[1.239s] -- Up-to-date: /home/martin_ngn/ros_compvis/install/OpenCV/include/opencv4/opencv2/gapi/plaidml/core.hpp
[1.239s] -- Up-to-date: /home/martin_ngn/ros_compvis/install/OpenCV/include/opencv4/opencv2/gapi/plaidml/gplaidmlkernel.hpp
[1.240s] -- Up-to-date: /home/martin_ngn/ros_compvis/install/OpenCV/include/opencv4/opencv2/gapi/plaidml/plaidml.hpp
[1.240s] -- Up-to-date: /home/martin_ngn/ros_compvis/install/OpenCV/include/opencv4/opencv2/gapi/python/python.hpp
[1.240s] -- Up-to-date: /home/martin_ngn/ros_compvis/install/OpenCV/include/opencv4/opencv2/gapi/render.hpp
[1.240s] -- Up-to-date: /home/martin_ngn/ros_compvis/install/OpenCV/include/opencv4/opencv2/gapi/render/render.hpp
[1.240s] -- Up-to-date: /home/martin_ngn/ros_compvis/install/OpenCV/include/opencv4/opencv2/gapi/render/render_types.hpp
[1.240s] -- Up-to-date: /home/martin_ngn/ros_compvis/install/OpenCV/include/opencv4/opencv2/gapi/rmat.hpp
[1.240s] -- Up-to-date: /home/martin_ngn/ros_compvis/install/OpenCV/include/opencv4/opencv2/gapi/s11n.hpp
[1.240s] -- Up-to-date: /home/martin_ngn/ros_compvis/install/OpenCV/include/opencv4/opencv2/gapi/s11n/base.hpp
[1.240s] -- Up-to-date: /home/martin_ngn/ros_compvis/install/OpenCV/include/opencv4/opencv2/gapi/stereo.hpp
[1.240s] -- Up-to-date: /home/martin_ngn/ros_compvis/install/OpenCV/include/opencv4/opencv2/gapi/streaming/cap.hpp
[1.240s] -- Up-to-date: /home/martin_ngn/ros_compvis/install/OpenCV/include/opencv4/opencv2/gapi/streaming/desync.hpp
[1.240s] -- Up-to-date: /home/martin_ngn/ros_compvis/install/OpenCV/include/opencv4/opencv2/gapi/streaming/format.hpp
[1.240s] -- Up-to-date: /home/martin_ngn/ros_compvis/install/OpenCV/include/opencv4/opencv2/gapi/streaming/gstreamer/gstreamerpipeline.hpp
[1.240s] -- Up-to-date: /home/martin_ngn/ros_compvis/install/OpenCV/include/opencv4/opencv2/gapi/streaming/gstreamer/gstreamersource.hpp
[1.240s] -- Up-to-date: /home/martin_ngn/ros_compvis/install/OpenCV/include/opencv4/opencv2/gapi/streaming/meta.hpp
[1.241s] -- Up-to-date: /home/martin_ngn/ros_compvis/install/OpenCV/include/opencv4/opencv2/gapi/streaming/onevpl/accel_types.hpp
[1.241s] -- Up-to-date: /home/martin_ngn/ros_compvis/install/OpenCV/include/opencv4/opencv2/gapi/streaming/onevpl/cfg_params.hpp
[1.241s] -- Up-to-date: /home/martin_ngn/ros_compvis/install/OpenCV/include/opencv4/opencv2/gapi/streaming/onevpl/data_provider_interface.hpp
[1.241s] -- Up-to-date: /home/martin_ngn/ros_compvis/install/OpenCV/include/opencv4/opencv2/gapi/streaming/onevpl/default.hpp
[1.241s] -- Up-to-date: /home/martin_ngn/ros_compvis/install/OpenCV/include/opencv4/opencv2/gapi/streaming/onevpl/device_selector_interface.hpp
[1.241s] -- Up-to-date: /home/martin_ngn/ros_compvis/install/OpenCV/include/opencv4/opencv2/gapi/streaming/onevpl/source.hpp
[1.241s] -- Up-to-date: /home/martin_ngn/ros_compvis/install/OpenCV/include/opencv4/opencv2/gapi/streaming/queue_source.hpp
[1.241s] -- Up-to-date: /home/martin_ngn/ros_compvis/install/OpenCV/include/opencv4/opencv2/gapi/streaming/source.hpp
[1.241s] -- Up-to-date: /home/martin_ngn/ros_compvis/install/OpenCV/include/opencv4/opencv2/gapi/streaming/sync.hpp
[1.241s] -- Up-to-date: /home/martin_ngn/ros_compvis/install/OpenCV/include/opencv4/opencv2/gapi/util/any.hpp
[1.241s] -- Up-to-date: /home/martin_ngn/ros_compvis/install/OpenCV/include/opencv4/opencv2/gapi/util/compiler_hints.hpp
[1.241s] -- Up-to-date: /home/martin_ngn/ros_compvis/install/OpenCV/include/opencv4/opencv2/gapi/util/copy_through_move.hpp
[1.242s] -- Up-to-date: /home/martin_ngn/ros_compvis/install/OpenCV/include/opencv4/opencv2/gapi/util/optional.hpp
[1.242s] -- Up-to-date: /home/martin_ngn/ros_compvis/install/OpenCV/include/opencv4/opencv2/gapi/util/throw.hpp
[1.242s] -- Up-to-date: /home/martin_ngn/ros_compvis/install/OpenCV/include/opencv4/opencv2/gapi/util/type_traits.hpp
[1.242s] -- Up-to-date: /home/martin_ngn/ros_compvis/install/OpenCV/include/opencv4/opencv2/gapi/util/util.hpp
[1.242s] -- Up-to-date: /home/martin_ngn/ros_compvis/install/OpenCV/include/opencv4/opencv2/gapi/util/variant.hpp
[1.242s] -- Up-to-date: /home/martin_ngn/ros_compvis/install/OpenCV/include/opencv4/opencv2/gapi/video.hpp
[1.242s] -- Up-to-date: /home/martin_ngn/ros_compvis/install/OpenCV/share/licenses/opencv4/vasot-LICENSE.txt
[1.242s] -- Up-to-date: /home/martin_ngn/ros_compvis/install/OpenCV/share/opencv4/haarcascades/haarcascade_eye.xml
[1.242s] -- Up-to-date: /home/martin_ngn/ros_compvis/install/OpenCV/share/opencv4/haarcascades/haarcascade_eye_tree_eyeglasses.xml
[1.242s] -- Up-to-date: /home/martin_ngn/ros_compvis/install/OpenCV/share/opencv4/haarcascades/haarcascade_frontalcatface.xml
[1.242s] -- Up-to-date: /home/martin_ngn/ros_compvis/install/OpenCV/share/opencv4/haarcascades/haarcascade_frontalcatface_extended.xml
[1.243s] -- Up-to-date: /home/martin_ngn/ros_compvis/install/OpenCV/share/opencv4/haarcascades/haarcascade_frontalface_alt.xml
[1.243s] -- Up-to-date: /home/martin_ngn/ros_compvis/install/OpenCV/share/opencv4/haarcascades/haarcascade_frontalface_alt2.xml
[1.243s] -- Up-to-date: /home/martin_ngn/ros_compvis/install/OpenCV/share/opencv4/haarcascades/haarcascade_frontalface_alt_tree.xml
[1.243s] -- Up-to-date: /home/martin_ngn/ros_compvis/install/OpenCV/share/opencv4/haarcascades/haarcascade_frontalface_default.xml
[1.243s] -- Up-to-date: /home/martin_ngn/ros_compvis/install/OpenCV/share/opencv4/haarcascades/haarcascade_fullbody.xml
[1.243s] -- Up-to-date: /home/martin_ngn/ros_compvis/install/OpenCV/share/opencv4/haarcascades/haarcascade_lefteye_2splits.xml
[1.243s] -- Up-to-date: /home/martin_ngn/ros_compvis/install/OpenCV/share/opencv4/haarcascades/haarcascade_license_plate_rus_16stages.xml
[1.243s] -- Up-to-date: /home/martin_ngn/ros_compvis/install/OpenCV/share/opencv4/haarcascades/haarcascade_lowerbody.xml
[1.243s] -- Up-to-date: /home/martin_ngn/ros_compvis/install/OpenCV/share/opencv4/haarcascades/haarcascade_profileface.xml
[1.243s] -- Up-to-date: /home/martin_ngn/ros_compvis/install/OpenCV/share/opencv4/haarcascades/haarcascade_righteye_2splits.xml
[1.243s] -- Up-to-date: /home/martin_ngn/ros_compvis/install/OpenCV/share/opencv4/haarcascades/haarcascade_russian_plate_number.xml
[1.243s] -- Up-to-date: /home/martin_ngn/ros_compvis/install/OpenCV/share/opencv4/haarcascades/haarcascade_smile.xml
[1.243s] -- Up-to-date: /home/martin_ngn/ros_compvis/install/OpenCV/share/opencv4/haarcascades/haarcascade_upperbody.xml
[1.243s] -- Up-to-date: /home/martin_ngn/ros_compvis/install/OpenCV/share/opencv4/lbpcascades/lbpcascade_frontalcatface.xml
[1.243s] -- Up-to-date: /home/martin_ngn/ros_compvis/install/OpenCV/share/opencv4/lbpcascades/lbpcascade_frontalface.xml
[1.243s] -- Up-to-date: /home/martin_ngn/ros_compvis/install/OpenCV/share/opencv4/lbpcascades/lbpcascade_frontalface_improved.xml
[1.243s] -- Up-to-date: /home/martin_ngn/ros_compvis/install/OpenCV/share/opencv4/lbpcascades/lbpcascade_profileface.xml
[1.243s] -- Up-to-date: /home/martin_ngn/ros_compvis/install/OpenCV/share/opencv4/lbpcascades/lbpcascade_silverware.xml
[1.243s] -- Up-to-date: /home/martin_ngn/ros_compvis/install/OpenCV/bin/opencv_annotation
[1.243s] -- Up-to-date: /home/martin_ngn/ros_compvis/install/OpenCV/bin/opencv_visualisation
[1.243s] -- Up-to-date: /home/martin_ngn/ros_compvis/install/OpenCV/bin/opencv_interactive-calibration
[1.243s] -- Up-to-date: /home/martin_ngn/ros_compvis/install/OpenCV/bin/opencv_version
[1.243s] -- Up-to-date: /home/martin_ngn/ros_compvis/install/OpenCV/bin/opencv_model_diagnostics
[1.245s] Invoked command in '/home/martin_ngn/ros_compvis/build/OpenCV' returned '0': CONDA_PROMPT_MODIFIER=(base) /usr/bin/cmake --install /home/martin_ngn/ros_compvis/build/OpenCV
